2020-09-18 13:08:58.135 CEST [55238] LOG:  database system was shut down at 2020-09-18 13:07:42 CEST
2020-09-18 13:08:58.141 CEST [55236] LOG:  database system is ready to accept connections
2020-09-18 13:09:25.786 CEST [55274] LOG:  statement: BEGIN
2020-09-18 13:09:25.786 CEST [55274] LOG:  duration: 0.264 ms
2020-09-18 13:09:25.787 CEST [55274] LOG:  statement: SELECT city_object.id AS city_object_id, city_object.object AS city_object_object, city_object.attributes AS city_object_attributes, ST_AsEWKB(city_object.convexhull) AS city_object_convexhull, ST_AsEWKB(city_object.globalconvexhull) AS city_object_globalconvexhull, city_object.metadata_id AS city_object_metadata_id 
	FROM city_object 
	WHERE ST_Intersects(ST_SetSRID(ST_MakePoint(4.450846, 51.906183, 0.0), 4979), city_object.globalconvexhull) AND (city_object.object ->> 'type') = 'Building'
2020-09-18 13:09:25.816 CEST [55274] LOG:  duration: 29.979 ms
2020-09-18 13:09:25.817 CEST [55274] LOG:  statement: ROLLBACK
2020-09-18 13:09:25.818 CEST [55274] LOG:  duration: 0.083 ms
2020-09-18 13:09:25.828 CEST [55274] LOG:  statement: BEGIN
2020-09-18 13:09:25.828 CEST [55274] LOG:  duration: 0.054 ms
2020-09-18 13:09:25.829 CEST [55274] LOG:  statement: SELECT city_object.id AS city_object_id, city_object.object AS city_object_object, city_object.attributes AS city_object_attributes, ST_AsEWKB(city_object.convexhull) AS city_object_convexhull, ST_AsEWKB(city_object.globalconvexhull) AS city_object_globalconvexhull, city_object.metadata_id AS city_object_metadata_id 
	FROM city_object 
	WHERE ST_Intersects(ST_SetSRID(ST_MakePoint(4.450846, 51.906183, 0.0), 4979), city_object.globalconvexhull) AND (city_object.object ->> 'type') = 'Building'
2020-09-18 13:09:25.833 CEST [55274] LOG:  duration: 4.994 ms
2020-09-18 13:09:25.836 CEST [55274] LOG:  statement: ROLLBACK
2020-09-18 13:09:25.836 CEST [55274] LOG:  duration: 0.312 ms
2020-09-18 13:09:25.848 CEST [55274] LOG:  statement: BEGIN
2020-09-18 13:09:25.848 CEST [55274] LOG:  duration: 0.163 ms
2020-09-18 13:09:25.849 CEST [55274] LOG:  statement: SELECT city_object.id AS city_object_id, city_object.object AS city_object_object, city_object.attributes AS city_object_attributes, ST_AsEWKB(city_object.convexhull) AS city_object_convexhull, ST_AsEWKB(city_object.globalconvexhull) AS city_object_globalconvexhull, city_object.metadata_id AS city_object_metadata_id 
	FROM city_object 
	WHERE ST_Intersects(ST_SetSRID(ST_MakePoint(4.450846, 51.906183, 0.0), 4979), city_object.globalconvexhull) AND (city_object.object ->> 'type') = 'Building'
2020-09-18 13:09:25.852 CEST [55274] LOG:  duration: 3.804 ms
2020-09-18 13:09:25.854 CEST [55274] LOG:  statement: ROLLBACK
2020-09-18 13:09:25.854 CEST [55274] LOG:  duration: 0.182 ms
2020-09-18 13:09:25.868 CEST [55274] LOG:  statement: BEGIN
2020-09-18 13:09:25.870 CEST [55274] LOG:  duration: 2.076 ms
2020-09-18 13:09:25.871 CEST [55274] LOG:  statement: SELECT city_object.id AS city_object_id, city_object.object AS city_object_object, city_object.attributes AS city_object_attributes, ST_AsEWKB(city_object.convexhull) AS city_object_convexhull, ST_AsEWKB(city_object.globalconvexhull) AS city_object_globalconvexhull, city_object.metadata_id AS city_object_metadata_id 
	FROM city_object 
	WHERE ST_Intersects(ST_SetSRID(ST_MakePoint(4.450846, 51.906183, 0.0), 4979), city_object.globalconvexhull) AND (city_object.object ->> 'type') = 'Building'
2020-09-18 13:09:25.882 CEST [55274] LOG:  duration: 11.442 ms
2020-09-18 13:09:25.885 CEST [55274] LOG:  statement: ROLLBACK
2020-09-18 13:09:25.885 CEST [55274] LOG:  duration: 0.105 ms
2020-09-18 13:09:25.903 CEST [55274] LOG:  statement: BEGIN
2020-09-18 13:09:25.903 CEST [55274] LOG:  duration: 0.124 ms
2020-09-18 13:09:25.905 CEST [55274] LOG:  statement: SELECT city_object.id AS city_object_id, city_object.object AS city_object_object, city_object.attributes AS city_object_attributes, ST_AsEWKB(city_object.convexhull) AS city_object_convexhull, ST_AsEWKB(city_object.globalconvexhull) AS city_object_globalconvexhull, city_object.metadata_id AS city_object_metadata_id 
	FROM city_object 
	WHERE ST_Intersects(ST_SetSRID(ST_MakePoint(4.450846, 51.906183, 0.0), 4979), city_object.globalconvexhull) AND (city_object.object ->> 'type') = 'Building'
2020-09-18 13:09:25.917 CEST [55274] LOG:  duration: 12.042 ms
2020-09-18 13:09:25.919 CEST [55274] LOG:  statement: ROLLBACK
2020-09-18 13:09:25.920 CEST [55274] LOG:  duration: 0.068 ms
2020-09-18 13:09:25.930 CEST [55274] LOG:  statement: BEGIN
2020-09-18 13:09:25.930 CEST [55274] LOG:  duration: 0.130 ms
2020-09-18 13:09:25.930 CEST [55274] LOG:  statement: SELECT city_object.id AS city_object_id, city_object.object AS city_object_object, city_object.attributes AS city_object_attributes, ST_AsEWKB(city_object.convexhull) AS city_object_convexhull, ST_AsEWKB(city_object.globalconvexhull) AS city_object_globalconvexhull, city_object.metadata_id AS city_object_metadata_id 
	FROM city_object 
	WHERE ST_Intersects(ST_SetSRID(ST_MakePoint(4.450846, 51.906183, 0.0), 4979), city_object.globalconvexhull) AND (city_object.object ->> 'type') = 'Building'
2020-09-18 13:09:25.936 CEST [55274] LOG:  duration: 5.730 ms
2020-09-18 13:09:25.938 CEST [55274] LOG:  statement: ROLLBACK
2020-09-18 13:09:25.938 CEST [55274] LOG:  duration: 0.074 ms
2020-09-18 13:09:25.951 CEST [55274] LOG:  statement: BEGIN
2020-09-18 13:09:25.951 CEST [55274] LOG:  duration: 0.051 ms
2020-09-18 13:09:25.951 CEST [55274] LOG:  statement: SELECT city_object.id AS city_object_id, city_object.object AS city_object_object, city_object.attributes AS city_object_attributes, ST_AsEWKB(city_object.convexhull) AS city_object_convexhull, ST_AsEWKB(city_object.globalconvexhull) AS city_object_globalconvexhull, city_object.metadata_id AS city_object_metadata_id 
	FROM city_object 
	WHERE ST_Intersects(ST_SetSRID(ST_MakePoint(4.450846, 51.906183, 0.0), 4979), city_object.globalconvexhull) AND (city_object.object ->> 'type') = 'Building'
2020-09-18 13:09:25.956 CEST [55274] LOG:  duration: 5.117 ms
2020-09-18 13:09:25.957 CEST [55274] LOG:  statement: ROLLBACK
2020-09-18 13:09:25.957 CEST [55274] LOG:  duration: 0.138 ms
2020-09-18 13:09:25.968 CEST [55274] LOG:  statement: BEGIN
2020-09-18 13:09:25.969 CEST [55274] LOG:  duration: 0.052 ms
2020-09-18 13:09:25.969 CEST [55274] LOG:  statement: SELECT city_object.id AS city_object_id, city_object.object AS city_object_object, city_object.attributes AS city_object_attributes, ST_AsEWKB(city_object.convexhull) AS city_object_convexhull, ST_AsEWKB(city_object.globalconvexhull) AS city_object_globalconvexhull, city_object.metadata_id AS city_object_metadata_id 
	FROM city_object 
	WHERE ST_Intersects(ST_SetSRID(ST_MakePoint(4.450846, 51.906183, 0.0), 4979), city_object.globalconvexhull) AND (city_object.object ->> 'type') = 'Building'
2020-09-18 13:09:25.977 CEST [55274] LOG:  duration: 8.266 ms
2020-09-18 13:09:25.979 CEST [55274] LOG:  statement: ROLLBACK
2020-09-18 13:09:25.980 CEST [55274] LOG:  duration: 0.064 ms
2020-09-18 13:09:25.991 CEST [55274] LOG:  statement: BEGIN
2020-09-18 13:09:25.991 CEST [55274] LOG:  duration: 0.052 ms
2020-09-18 13:09:25.992 CEST [55274] LOG:  statement: SELECT city_object.id AS city_object_id, city_object.object AS city_object_object, city_object.attributes AS city_object_attributes, ST_AsEWKB(city_object.convexhull) AS city_object_convexhull, ST_AsEWKB(city_object.globalconvexhull) AS city_object_globalconvexhull, city_object.metadata_id AS city_object_metadata_id 
	FROM city_object 
	WHERE ST_Intersects(ST_SetSRID(ST_MakePoint(4.450846, 51.906183, 0.0), 4979), city_object.globalconvexhull) AND (city_object.object ->> 'type') = 'Building'
2020-09-18 13:09:25.998 CEST [55274] LOG:  duration: 5.972 ms
2020-09-18 13:09:26.004 CEST [55274] LOG:  statement: ROLLBACK
2020-09-18 13:09:26.004 CEST [55274] LOG:  duration: 0.098 ms
2020-09-18 13:09:26.019 CEST [55274] LOG:  statement: BEGIN
2020-09-18 13:09:26.019 CEST [55274] LOG:  duration: 0.060 ms
2020-09-18 13:09:26.019 CEST [55274] LOG:  statement: SELECT city_object.id AS city_object_id, city_object.object AS city_object_object, city_object.attributes AS city_object_attributes, ST_AsEWKB(city_object.convexhull) AS city_object_convexhull, ST_AsEWKB(city_object.globalconvexhull) AS city_object_globalconvexhull, city_object.metadata_id AS city_object_metadata_id 
	FROM city_object 
	WHERE ST_Intersects(ST_SetSRID(ST_MakePoint(4.450846, 51.906183, 0.0), 4979), city_object.globalconvexhull) AND (city_object.object ->> 'type') = 'Building'
2020-09-18 13:09:26.024 CEST [55274] LOG:  duration: 5.387 ms
2020-09-18 13:09:26.026 CEST [55274] LOG:  statement: ROLLBACK
2020-09-18 13:09:26.027 CEST [55274] LOG:  duration: 0.066 ms
2020-09-18 13:09:26.036 CEST [55274] LOG:  statement: BEGIN
2020-09-18 13:09:26.036 CEST [55274] LOG:  duration: 0.105 ms
2020-09-18 13:09:26.036 CEST [55274] LOG:  statement: SELECT city_object.id AS city_object_id, city_object.object AS city_object_object, city_object.attributes AS city_object_attributes, ST_AsEWKB(city_object.convexhull) AS city_object_convexhull, ST_AsEWKB(city_object.globalconvexhull) AS city_object_globalconvexhull, city_object.metadata_id AS city_object_metadata_id 
	FROM city_object 
	WHERE ST_Intersects(ST_SetSRID(ST_MakePoint(4.450846, 51.906183, 0.0), 4979), city_object.globalconvexhull) AND (city_object.object ->> 'type') = 'Building'
2020-09-18 13:09:26.045 CEST [55274] LOG:  duration: 8.262 ms
2020-09-18 13:09:26.046 CEST [55274] LOG:  statement: ROLLBACK
2020-09-18 13:09:26.046 CEST [55274] LOG:  duration: 0.128 ms
2020-09-18 13:09:26.058 CEST [55274] LOG:  statement: BEGIN
2020-09-18 13:09:26.058 CEST [55274] LOG:  duration: 0.240 ms
2020-09-18 13:09:26.059 CEST [55274] LOG:  statement: SELECT city_object.id AS city_object_id, city_object.object AS city_object_object, city_object.attributes AS city_object_attributes, ST_AsEWKB(city_object.convexhull) AS city_object_convexhull, ST_AsEWKB(city_object.globalconvexhull) AS city_object_globalconvexhull, city_object.metadata_id AS city_object_metadata_id 
	FROM city_object 
	WHERE ST_Intersects(ST_SetSRID(ST_MakePoint(4.450846, 51.906183, 0.0), 4979), city_object.globalconvexhull) AND (city_object.object ->> 'type') = 'Building'
2020-09-18 13:09:26.065 CEST [55274] LOG:  duration: 6.336 ms
2020-09-18 13:09:26.067 CEST [55274] LOG:  statement: ROLLBACK
2020-09-18 13:09:26.067 CEST [55274] LOG:  duration: 0.059 ms
2020-09-18 13:09:26.083 CEST [55274] LOG:  statement: BEGIN
2020-09-18 13:09:26.083 CEST [55274] LOG:  duration: 0.056 ms
2020-09-18 13:09:26.083 CEST [55274] LOG:  statement: SELECT city_object.id AS city_object_id, city_object.object AS city_object_object, city_object.attributes AS city_object_attributes, ST_AsEWKB(city_object.convexhull) AS city_object_convexhull, ST_AsEWKB(city_object.globalconvexhull) AS city_object_globalconvexhull, city_object.metadata_id AS city_object_metadata_id 
	FROM city_object 
	WHERE ST_Intersects(ST_SetSRID(ST_MakePoint(4.450846, 51.906183, 0.0), 4979), city_object.globalconvexhull) AND (city_object.object ->> 'type') = 'Building'
2020-09-18 13:09:26.092 CEST [55274] LOG:  duration: 9.600 ms
2020-09-18 13:09:26.096 CEST [55274] LOG:  statement: ROLLBACK
2020-09-18 13:09:26.097 CEST [55274] LOG:  duration: 0.630 ms
2020-09-18 13:09:26.110 CEST [55274] LOG:  statement: BEGIN
2020-09-18 13:09:26.110 CEST [55274] LOG:  duration: 0.061 ms
2020-09-18 13:09:26.113 CEST [55274] LOG:  statement: SELECT city_object.id AS city_object_id, city_object.object AS city_object_object, city_object.attributes AS city_object_attributes, ST_AsEWKB(city_object.convexhull) AS city_object_convexhull, ST_AsEWKB(city_object.globalconvexhull) AS city_object_globalconvexhull, city_object.metadata_id AS city_object_metadata_id 
	FROM city_object 
	WHERE ST_Intersects(ST_SetSRID(ST_MakePoint(4.450846, 51.906183, 0.0), 4979), city_object.globalconvexhull) AND (city_object.object ->> 'type') = 'Building'
2020-09-18 13:09:26.119 CEST [55274] LOG:  duration: 6.018 ms
2020-09-18 13:09:26.123 CEST [55274] LOG:  statement: ROLLBACK
2020-09-18 13:09:26.123 CEST [55274] LOG:  duration: 0.133 ms
2020-09-18 13:09:26.140 CEST [55274] LOG:  statement: BEGIN
2020-09-18 13:09:26.140 CEST [55274] LOG:  duration: 0.171 ms
2020-09-18 13:09:26.141 CEST [55274] LOG:  statement: SELECT city_object.id AS city_object_id, city_object.object AS city_object_object, city_object.attributes AS city_object_attributes, ST_AsEWKB(city_object.convexhull) AS city_object_convexhull, ST_AsEWKB(city_object.globalconvexhull) AS city_object_globalconvexhull, city_object.metadata_id AS city_object_metadata_id 
	FROM city_object 
	WHERE ST_Intersects(ST_SetSRID(ST_MakePoint(4.450846, 51.906183, 0.0), 4979), city_object.globalconvexhull) AND (city_object.object ->> 'type') = 'Building'
2020-09-18 13:09:26.150 CEST [55274] LOG:  duration: 9.520 ms
2020-09-18 13:09:26.151 CEST [55274] LOG:  statement: ROLLBACK
2020-09-18 13:09:26.151 CEST [55274] LOG:  duration: 0.066 ms
2020-09-18 13:09:26.164 CEST [55274] LOG:  statement: BEGIN
2020-09-18 13:09:26.164 CEST [55274] LOG:  duration: 0.058 ms
2020-09-18 13:09:26.164 CEST [55274] LOG:  statement: SELECT city_object.id AS city_object_id, city_object.object AS city_object_object, city_object.attributes AS city_object_attributes, ST_AsEWKB(city_object.convexhull) AS city_object_convexhull, ST_AsEWKB(city_object.globalconvexhull) AS city_object_globalconvexhull, city_object.metadata_id AS city_object_metadata_id 
	FROM city_object 
	WHERE ST_Intersects(ST_SetSRID(ST_MakePoint(4.450846, 51.906183, 0.0), 4979), city_object.globalconvexhull) AND (city_object.object ->> 'type') = 'Building'
2020-09-18 13:09:26.167 CEST [55274] LOG:  duration: 3.128 ms
2020-09-18 13:09:26.169 CEST [55274] LOG:  statement: ROLLBACK
2020-09-18 13:09:26.169 CEST [55274] LOG:  duration: 0.272 ms
2020-09-18 13:09:26.180 CEST [55274] LOG:  statement: BEGIN
2020-09-18 13:09:26.180 CEST [55274] LOG:  duration: 0.045 ms
2020-09-18 13:09:26.180 CEST [55274] LOG:  statement: SELECT city_object.id AS city_object_id, city_object.object AS city_object_object, city_object.attributes AS city_object_attributes, ST_AsEWKB(city_object.convexhull) AS city_object_convexhull, ST_AsEWKB(city_object.globalconvexhull) AS city_object_globalconvexhull, city_object.metadata_id AS city_object_metadata_id 
	FROM city_object 
	WHERE ST_Intersects(ST_SetSRID(ST_MakePoint(4.450846, 51.906183, 0.0), 4979), city_object.globalconvexhull) AND (city_object.object ->> 'type') = 'Building'
2020-09-18 13:09:26.187 CEST [55274] LOG:  duration: 7.298 ms
2020-09-18 13:09:26.189 CEST [55274] LOG:  statement: ROLLBACK
2020-09-18 13:09:26.189 CEST [55274] LOG:  duration: 0.075 ms
2020-09-18 13:09:26.200 CEST [55274] LOG:  statement: BEGIN
2020-09-18 13:09:26.201 CEST [55274] LOG:  duration: 0.239 ms
2020-09-18 13:09:26.202 CEST [55274] LOG:  statement: SELECT city_object.id AS city_object_id, city_object.object AS city_object_object, city_object.attributes AS city_object_attributes, ST_AsEWKB(city_object.convexhull) AS city_object_convexhull, ST_AsEWKB(city_object.globalconvexhull) AS city_object_globalconvexhull, city_object.metadata_id AS city_object_metadata_id 
	FROM city_object 
	WHERE ST_Intersects(ST_SetSRID(ST_MakePoint(4.450846, 51.906183, 0.0), 4979), city_object.globalconvexhull) AND (city_object.object ->> 'type') = 'Building'
2020-09-18 13:09:26.211 CEST [55274] LOG:  duration: 10.217 ms
2020-09-18 13:09:26.214 CEST [55274] LOG:  statement: ROLLBACK
2020-09-18 13:09:26.214 CEST [55274] LOG:  duration: 0.239 ms
2020-09-18 13:09:26.228 CEST [55274] LOG:  statement: BEGIN
2020-09-18 13:09:26.228 CEST [55274] LOG:  duration: 0.045 ms
2020-09-18 13:09:26.228 CEST [55274] LOG:  statement: SELECT city_object.id AS city_object_id, city_object.object AS city_object_object, city_object.attributes AS city_object_attributes, ST_AsEWKB(city_object.convexhull) AS city_object_convexhull, ST_AsEWKB(city_object.globalconvexhull) AS city_object_globalconvexhull, city_object.metadata_id AS city_object_metadata_id 
	FROM city_object 
	WHERE ST_Intersects(ST_SetSRID(ST_MakePoint(4.450846, 51.906183, 0.0), 4979), city_object.globalconvexhull) AND (city_object.object ->> 'type') = 'Building'
2020-09-18 13:09:26.236 CEST [55274] LOG:  duration: 8.488 ms
2020-09-18 13:09:26.238 CEST [55274] LOG:  statement: ROLLBACK
2020-09-18 13:09:26.238 CEST [55274] LOG:  duration: 0.409 ms
2020-09-18 13:09:26.256 CEST [55274] LOG:  statement: BEGIN
2020-09-18 13:09:26.256 CEST [55274] LOG:  duration: 0.085 ms
2020-09-18 13:09:26.256 CEST [55274] LOG:  statement: SELECT city_object.id AS city_object_id, city_object.object AS city_object_object, city_object.attributes AS city_object_attributes, ST_AsEWKB(city_object.convexhull) AS city_object_convexhull, ST_AsEWKB(city_object.globalconvexhull) AS city_object_globalconvexhull, city_object.metadata_id AS city_object_metadata_id 
	FROM city_object 
	WHERE ST_Intersects(ST_SetSRID(ST_MakePoint(4.450846, 51.906183, 0.0), 4979), city_object.globalconvexhull) AND (city_object.object ->> 'type') = 'Building'
2020-09-18 13:09:26.262 CEST [55274] LOG:  duration: 6.054 ms
2020-09-18 13:09:26.264 CEST [55274] LOG:  statement: ROLLBACK
2020-09-18 13:09:26.264 CEST [55274] LOG:  duration: 0.073 ms
2020-09-18 13:09:26.281 CEST [55274] LOG:  statement: BEGIN
2020-09-18 13:09:26.281 CEST [55274] LOG:  duration: 0.155 ms
2020-09-18 13:09:26.281 CEST [55274] LOG:  statement: SELECT city_object.id AS city_object_id, city_object.object AS city_object_object, city_object.attributes AS city_object_attributes, ST_AsEWKB(city_object.convexhull) AS city_object_convexhull, ST_AsEWKB(city_object.globalconvexhull) AS city_object_globalconvexhull, city_object.metadata_id AS city_object_metadata_id 
	FROM city_object 
	WHERE ST_Intersects(ST_SetSRID(ST_MakePoint(4.450846, 51.906183, 0.0), 4979), city_object.globalconvexhull) AND (city_object.object ->> 'type') = 'Building'
2020-09-18 13:09:26.288 CEST [55274] LOG:  duration: 7.107 ms
2020-09-18 13:09:26.290 CEST [55274] LOG:  statement: ROLLBACK
2020-09-18 13:09:26.290 CEST [55274] LOG:  duration: 0.079 ms
2020-09-18 13:09:26.303 CEST [55274] LOG:  statement: BEGIN
2020-09-18 13:09:26.303 CEST [55274] LOG:  duration: 0.075 ms
2020-09-18 13:09:26.304 CEST [55274] LOG:  statement: SELECT city_object.id AS city_object_id, city_object.object AS city_object_object, city_object.attributes AS city_object_attributes, ST_AsEWKB(city_object.convexhull) AS city_object_convexhull, ST_AsEWKB(city_object.globalconvexhull) AS city_object_globalconvexhull, city_object.metadata_id AS city_object_metadata_id 
	FROM city_object 
	WHERE ST_Intersects(ST_SetSRID(ST_MakePoint(4.450846, 51.906183, 0.0), 4979), city_object.globalconvexhull) AND (city_object.object ->> 'type') = 'Building'
2020-09-18 13:09:26.309 CEST [55274] LOG:  duration: 5.304 ms
2020-09-18 13:09:26.310 CEST [55274] LOG:  statement: ROLLBACK
2020-09-18 13:09:26.310 CEST [55274] LOG:  duration: 0.082 ms
2020-09-18 13:09:26.329 CEST [55274] LOG:  statement: BEGIN
2020-09-18 13:09:26.329 CEST [55274] LOG:  duration: 0.414 ms
2020-09-18 13:09:26.330 CEST [55274] LOG:  statement: SELECT city_object.id AS city_object_id, city_object.object AS city_object_object, city_object.attributes AS city_object_attributes, ST_AsEWKB(city_object.convexhull) AS city_object_convexhull, ST_AsEWKB(city_object.globalconvexhull) AS city_object_globalconvexhull, city_object.metadata_id AS city_object_metadata_id 
	FROM city_object 
	WHERE ST_Intersects(ST_SetSRID(ST_MakePoint(4.450846, 51.906183, 0.0), 4979), city_object.globalconvexhull) AND (city_object.object ->> 'type') = 'Building'
2020-09-18 13:09:26.335 CEST [55274] LOG:  duration: 5.347 ms
2020-09-18 13:09:26.337 CEST [55274] LOG:  statement: ROLLBACK
2020-09-18 13:09:26.337 CEST [55274] LOG:  duration: 0.084 ms
2020-09-18 13:09:26.352 CEST [55274] LOG:  statement: BEGIN
2020-09-18 13:09:26.353 CEST [55274] LOG:  duration: 0.252 ms
2020-09-18 13:09:26.354 CEST [55274] LOG:  statement: SELECT city_object.id AS city_object_id, city_object.object AS city_object_object, city_object.attributes AS city_object_attributes, ST_AsEWKB(city_object.convexhull) AS city_object_convexhull, ST_AsEWKB(city_object.globalconvexhull) AS city_object_globalconvexhull, city_object.metadata_id AS city_object_metadata_id 
	FROM city_object 
	WHERE ST_Intersects(ST_SetSRID(ST_MakePoint(4.450846, 51.906183, 0.0), 4979), city_object.globalconvexhull) AND (city_object.object ->> 'type') = 'Building'
2020-09-18 13:09:26.363 CEST [55274] LOG:  duration: 8.734 ms
2020-09-18 13:09:26.366 CEST [55274] LOG:  statement: ROLLBACK
2020-09-18 13:09:26.367 CEST [55274] LOG:  duration: 0.849 ms
2020-09-18 13:09:26.377 CEST [55274] LOG:  statement: BEGIN
2020-09-18 13:09:26.377 CEST [55274] LOG:  duration: 0.145 ms
2020-09-18 13:09:26.377 CEST [55274] LOG:  statement: SELECT city_object.id AS city_object_id, city_object.object AS city_object_object, city_object.attributes AS city_object_attributes, ST_AsEWKB(city_object.convexhull) AS city_object_convexhull, ST_AsEWKB(city_object.globalconvexhull) AS city_object_globalconvexhull, city_object.metadata_id AS city_object_metadata_id 
	FROM city_object 
	WHERE ST_Intersects(ST_SetSRID(ST_MakePoint(4.450846, 51.906183, 0.0), 4979), city_object.globalconvexhull) AND (city_object.object ->> 'type') = 'Building'
2020-09-18 13:09:26.385 CEST [55274] LOG:  duration: 7.649 ms
2020-09-18 13:09:26.387 CEST [55274] LOG:  statement: ROLLBACK
2020-09-18 13:09:26.387 CEST [55274] LOG:  duration: 0.081 ms
2020-09-18 13:09:26.397 CEST [55274] LOG:  statement: BEGIN
2020-09-18 13:09:26.397 CEST [55274] LOG:  duration: 0.097 ms
2020-09-18 13:09:26.398 CEST [55274] LOG:  statement: SELECT city_object.id AS city_object_id, city_object.object AS city_object_object, city_object.attributes AS city_object_attributes, ST_AsEWKB(city_object.convexhull) AS city_object_convexhull, ST_AsEWKB(city_object.globalconvexhull) AS city_object_globalconvexhull, city_object.metadata_id AS city_object_metadata_id 
	FROM city_object 
	WHERE ST_Intersects(ST_SetSRID(ST_MakePoint(4.450846, 51.906183, 0.0), 4979), city_object.globalconvexhull) AND (city_object.object ->> 'type') = 'Building'
2020-09-18 13:09:26.402 CEST [55274] LOG:  duration: 4.801 ms
2020-09-18 13:09:26.404 CEST [55274] LOG:  statement: ROLLBACK
2020-09-18 13:09:26.404 CEST [55274] LOG:  duration: 0.093 ms
2020-09-18 13:09:26.421 CEST [55274] LOG:  statement: BEGIN
2020-09-18 13:09:26.421 CEST [55274] LOG:  duration: 0.066 ms
2020-09-18 13:09:26.421 CEST [55274] LOG:  statement: SELECT city_object.id AS city_object_id, city_object.object AS city_object_object, city_object.attributes AS city_object_attributes, ST_AsEWKB(city_object.convexhull) AS city_object_convexhull, ST_AsEWKB(city_object.globalconvexhull) AS city_object_globalconvexhull, city_object.metadata_id AS city_object_metadata_id 
	FROM city_object 
	WHERE ST_Intersects(ST_SetSRID(ST_MakePoint(4.450846, 51.906183, 0.0), 4979), city_object.globalconvexhull) AND (city_object.object ->> 'type') = 'Building'
2020-09-18 13:09:26.426 CEST [55274] LOG:  duration: 5.350 ms
2020-09-18 13:09:26.431 CEST [55274] LOG:  statement: ROLLBACK
2020-09-18 13:09:26.431 CEST [55274] LOG:  duration: 0.176 ms
2020-09-18 13:09:26.445 CEST [55274] LOG:  statement: BEGIN
2020-09-18 13:09:26.445 CEST [55274] LOG:  duration: 0.137 ms
2020-09-18 13:09:26.446 CEST [55274] LOG:  statement: SELECT city_object.id AS city_object_id, city_object.object AS city_object_object, city_object.attributes AS city_object_attributes, ST_AsEWKB(city_object.convexhull) AS city_object_convexhull, ST_AsEWKB(city_object.globalconvexhull) AS city_object_globalconvexhull, city_object.metadata_id AS city_object_metadata_id 
	FROM city_object 
	WHERE ST_Intersects(ST_SetSRID(ST_MakePoint(4.450846, 51.906183, 0.0), 4979), city_object.globalconvexhull) AND (city_object.object ->> 'type') = 'Building'
2020-09-18 13:09:26.454 CEST [55274] LOG:  duration: 8.057 ms
2020-09-18 13:09:26.455 CEST [55274] LOG:  statement: ROLLBACK
2020-09-18 13:09:26.455 CEST [55274] LOG:  duration: 0.104 ms
2020-09-18 13:09:26.472 CEST [55274] LOG:  statement: BEGIN
2020-09-18 13:09:26.472 CEST [55274] LOG:  duration: 0.076 ms
2020-09-18 13:09:26.472 CEST [55274] LOG:  statement: SELECT city_object.id AS city_object_id, city_object.object AS city_object_object, city_object.attributes AS city_object_attributes, ST_AsEWKB(city_object.convexhull) AS city_object_convexhull, ST_AsEWKB(city_object.globalconvexhull) AS city_object_globalconvexhull, city_object.metadata_id AS city_object_metadata_id 
	FROM city_object 
	WHERE ST_Intersects(ST_SetSRID(ST_MakePoint(4.450846, 51.906183, 0.0), 4979), city_object.globalconvexhull) AND (city_object.object ->> 'type') = 'Building'
2020-09-18 13:09:26.480 CEST [55274] LOG:  duration: 7.368 ms
2020-09-18 13:09:26.481 CEST [55274] LOG:  statement: ROLLBACK
2020-09-18 13:09:26.481 CEST [55274] LOG:  duration: 0.117 ms
2020-09-18 13:09:26.544 CEST [55274] LOG:  statement: BEGIN
2020-09-18 13:09:26.544 CEST [55274] LOG:  duration: 0.065 ms
2020-09-18 13:09:26.545 CEST [55274] LOG:  statement: SELECT city_object.id AS city_object_id, city_object.object AS city_object_object, city_object.attributes AS city_object_attributes, ST_AsEWKB(city_object.convexhull) AS city_object_convexhull, ST_AsEWKB(city_object.globalconvexhull) AS city_object_globalconvexhull, city_object.metadata_id AS city_object_metadata_id 
	FROM city_object 
	WHERE ST_Intersects(ST_SetSRID(ST_MakePoint(4.450846, 51.906183, 0.0), 4979), city_object.globalconvexhull) AND (city_object.object ->> 'type') = 'Building'
2020-09-18 13:09:26.550 CEST [55274] LOG:  duration: 5.385 ms
2020-09-18 13:09:26.554 CEST [55274] LOG:  statement: ROLLBACK
2020-09-18 13:09:26.554 CEST [55274] LOG:  duration: 0.146 ms
2020-09-18 13:09:26.563 CEST [55274] LOG:  statement: BEGIN
2020-09-18 13:09:26.563 CEST [55274] LOG:  duration: 0.127 ms
2020-09-18 13:09:26.564 CEST [55274] LOG:  statement: SELECT city_object.id AS city_object_id, city_object.object AS city_object_object, city_object.attributes AS city_object_attributes, ST_AsEWKB(city_object.convexhull) AS city_object_convexhull, ST_AsEWKB(city_object.globalconvexhull) AS city_object_globalconvexhull, city_object.metadata_id AS city_object_metadata_id 
	FROM city_object 
	WHERE ST_Intersects(ST_SetSRID(ST_MakePoint(4.450846, 51.906183, 0.0), 4979), city_object.globalconvexhull) AND (city_object.object ->> 'type') = 'Building'
2020-09-18 13:09:26.570 CEST [55274] LOG:  duration: 6.824 ms
2020-09-18 13:09:26.572 CEST [55274] LOG:  statement: ROLLBACK
2020-09-18 13:09:26.572 CEST [55274] LOG:  duration: 0.067 ms
2020-09-18 13:09:26.582 CEST [55274] LOG:  statement: BEGIN
2020-09-18 13:09:26.582 CEST [55274] LOG:  duration: 0.056 ms
2020-09-18 13:09:26.582 CEST [55274] LOG:  statement: SELECT city_object.id AS city_object_id, city_object.object AS city_object_object, city_object.attributes AS city_object_attributes, ST_AsEWKB(city_object.convexhull) AS city_object_convexhull, ST_AsEWKB(city_object.globalconvexhull) AS city_object_globalconvexhull, city_object.metadata_id AS city_object_metadata_id 
	FROM city_object 
	WHERE ST_Intersects(ST_SetSRID(ST_MakePoint(4.450846, 51.906183, 0.0), 4979), city_object.globalconvexhull) AND (city_object.object ->> 'type') = 'Building'
2020-09-18 13:09:26.586 CEST [55274] LOG:  duration: 3.745 ms
2020-09-18 13:09:26.588 CEST [55274] LOG:  statement: ROLLBACK
2020-09-18 13:09:26.588 CEST [55274] LOG:  duration: 0.075 ms
2020-09-18 13:09:26.600 CEST [55274] LOG:  statement: BEGIN
2020-09-18 13:09:26.600 CEST [55274] LOG:  duration: 0.058 ms
2020-09-18 13:09:26.600 CEST [55274] LOG:  statement: SELECT city_object.id AS city_object_id, city_object.object AS city_object_object, city_object.attributes AS city_object_attributes, ST_AsEWKB(city_object.convexhull) AS city_object_convexhull, ST_AsEWKB(city_object.globalconvexhull) AS city_object_globalconvexhull, city_object.metadata_id AS city_object_metadata_id 
	FROM city_object 
	WHERE ST_Intersects(ST_SetSRID(ST_MakePoint(4.450846, 51.906183, 0.0), 4979), city_object.globalconvexhull) AND (city_object.object ->> 'type') = 'Building'
2020-09-18 13:09:26.604 CEST [55274] LOG:  duration: 4.165 ms
2020-09-18 13:09:26.606 CEST [55274] LOG:  statement: ROLLBACK
2020-09-18 13:09:26.606 CEST [55274] LOG:  duration: 0.074 ms
2020-09-18 13:09:26.619 CEST [55274] LOG:  statement: BEGIN
2020-09-18 13:09:26.619 CEST [55274] LOG:  duration: 0.063 ms
2020-09-18 13:09:26.619 CEST [55274] LOG:  statement: SELECT city_object.id AS city_object_id, city_object.object AS city_object_object, city_object.attributes AS city_object_attributes, ST_AsEWKB(city_object.convexhull) AS city_object_convexhull, ST_AsEWKB(city_object.globalconvexhull) AS city_object_globalconvexhull, city_object.metadata_id AS city_object_metadata_id 
	FROM city_object 
	WHERE ST_Intersects(ST_SetSRID(ST_MakePoint(4.450846, 51.906183, 0.0), 4979), city_object.globalconvexhull) AND (city_object.object ->> 'type') = 'Building'
2020-09-18 13:09:26.625 CEST [55274] LOG:  duration: 6.041 ms
2020-09-18 13:09:26.627 CEST [55274] LOG:  statement: ROLLBACK
2020-09-18 13:09:26.628 CEST [55274] LOG:  duration: 0.399 ms
2020-09-18 13:09:26.642 CEST [55274] LOG:  statement: BEGIN
2020-09-18 13:09:26.642 CEST [55274] LOG:  duration: 0.109 ms
2020-09-18 13:09:26.642 CEST [55274] LOG:  statement: SELECT city_object.id AS city_object_id, city_object.object AS city_object_object, city_object.attributes AS city_object_attributes, ST_AsEWKB(city_object.convexhull) AS city_object_convexhull, ST_AsEWKB(city_object.globalconvexhull) AS city_object_globalconvexhull, city_object.metadata_id AS city_object_metadata_id 
	FROM city_object 
	WHERE ST_Intersects(ST_SetSRID(ST_MakePoint(4.450846, 51.906183, 0.0), 4979), city_object.globalconvexhull) AND (city_object.object ->> 'type') = 'Building'
2020-09-18 13:09:26.648 CEST [55274] LOG:  duration: 6.227 ms
2020-09-18 13:09:26.650 CEST [55274] LOG:  statement: ROLLBACK
2020-09-18 13:09:26.650 CEST [55274] LOG:  duration: 0.067 ms
2020-09-18 13:09:26.661 CEST [55274] LOG:  statement: BEGIN
2020-09-18 13:09:26.661 CEST [55274] LOG:  duration: 0.131 ms
2020-09-18 13:09:26.663 CEST [55274] LOG:  statement: SELECT city_object.id AS city_object_id, city_object.object AS city_object_object, city_object.attributes AS city_object_attributes, ST_AsEWKB(city_object.convexhull) AS city_object_convexhull, ST_AsEWKB(city_object.globalconvexhull) AS city_object_globalconvexhull, city_object.metadata_id AS city_object_metadata_id 
	FROM city_object 
	WHERE ST_Intersects(ST_SetSRID(ST_MakePoint(4.450846, 51.906183, 0.0), 4979), city_object.globalconvexhull) AND (city_object.object ->> 'type') = 'Building'
2020-09-18 13:09:26.669 CEST [55274] LOG:  duration: 6.287 ms
2020-09-18 13:09:26.672 CEST [55274] LOG:  statement: ROLLBACK
2020-09-18 13:09:26.672 CEST [55274] LOG:  duration: 0.156 ms
2020-09-18 13:09:26.685 CEST [55274] LOG:  statement: BEGIN
2020-09-18 13:09:26.685 CEST [55274] LOG:  duration: 0.121 ms
2020-09-18 13:09:26.686 CEST [55274] LOG:  statement: SELECT city_object.id AS city_object_id, city_object.object AS city_object_object, city_object.attributes AS city_object_attributes, ST_AsEWKB(city_object.convexhull) AS city_object_convexhull, ST_AsEWKB(city_object.globalconvexhull) AS city_object_globalconvexhull, city_object.metadata_id AS city_object_metadata_id 
	FROM city_object 
	WHERE ST_Intersects(ST_SetSRID(ST_MakePoint(4.450846, 51.906183, 0.0), 4979), city_object.globalconvexhull) AND (city_object.object ->> 'type') = 'Building'
2020-09-18 13:09:26.692 CEST [55274] LOG:  duration: 5.804 ms
2020-09-18 13:09:26.695 CEST [55274] LOG:  statement: ROLLBACK
2020-09-18 13:09:26.695 CEST [55274] LOG:  duration: 0.129 ms
2020-09-18 13:09:26.709 CEST [55274] LOG:  statement: BEGIN
2020-09-18 13:09:26.709 CEST [55274] LOG:  duration: 0.051 ms
2020-09-18 13:09:26.709 CEST [55274] LOG:  statement: SELECT city_object.id AS city_object_id, city_object.object AS city_object_object, city_object.attributes AS city_object_attributes, ST_AsEWKB(city_object.convexhull) AS city_object_convexhull, ST_AsEWKB(city_object.globalconvexhull) AS city_object_globalconvexhull, city_object.metadata_id AS city_object_metadata_id 
	FROM city_object 
	WHERE ST_Intersects(ST_SetSRID(ST_MakePoint(4.450846, 51.906183, 0.0), 4979), city_object.globalconvexhull) AND (city_object.object ->> 'type') = 'Building'
2020-09-18 13:09:26.718 CEST [55274] LOG:  duration: 8.679 ms
2020-09-18 13:09:26.721 CEST [55274] LOG:  statement: ROLLBACK
2020-09-18 13:09:26.721 CEST [55274] LOG:  duration: 0.176 ms
2020-09-18 13:09:26.732 CEST [55274] LOG:  statement: BEGIN
2020-09-18 13:09:26.732 CEST [55274] LOG:  duration: 0.062 ms
2020-09-18 13:09:26.733 CEST [55274] LOG:  statement: SELECT city_object.id AS city_object_id, city_object.object AS city_object_object, city_object.attributes AS city_object_attributes, ST_AsEWKB(city_object.convexhull) AS city_object_convexhull, ST_AsEWKB(city_object.globalconvexhull) AS city_object_globalconvexhull, city_object.metadata_id AS city_object_metadata_id 
	FROM city_object 
	WHERE ST_Intersects(ST_SetSRID(ST_MakePoint(4.450846, 51.906183, 0.0), 4979), city_object.globalconvexhull) AND (city_object.object ->> 'type') = 'Building'
2020-09-18 13:09:26.738 CEST [55274] LOG:  duration: 5.718 ms
2020-09-18 13:09:26.740 CEST [55274] LOG:  statement: ROLLBACK
2020-09-18 13:09:26.740 CEST [55274] LOG:  duration: 0.076 ms
2020-09-18 13:09:26.755 CEST [55274] LOG:  statement: BEGIN
2020-09-18 13:09:26.755 CEST [55274] LOG:  duration: 0.063 ms
2020-09-18 13:09:26.756 CEST [55274] LOG:  statement: SELECT city_object.id AS city_object_id, city_object.object AS city_object_object, city_object.attributes AS city_object_attributes, ST_AsEWKB(city_object.convexhull) AS city_object_convexhull, ST_AsEWKB(city_object.globalconvexhull) AS city_object_globalconvexhull, city_object.metadata_id AS city_object_metadata_id 
	FROM city_object 
	WHERE ST_Intersects(ST_SetSRID(ST_MakePoint(4.450846, 51.906183, 0.0), 4979), city_object.globalconvexhull) AND (city_object.object ->> 'type') = 'Building'
2020-09-18 13:09:26.763 CEST [55274] LOG:  duration: 6.995 ms
2020-09-18 13:09:26.766 CEST [55274] LOG:  statement: ROLLBACK
2020-09-18 13:09:26.766 CEST [55274] LOG:  duration: 0.161 ms
2020-09-18 13:09:26.778 CEST [55274] LOG:  statement: BEGIN
2020-09-18 13:09:26.778 CEST [55274] LOG:  duration: 0.139 ms
2020-09-18 13:09:26.778 CEST [55274] LOG:  statement: SELECT city_object.id AS city_object_id, city_object.object AS city_object_object, city_object.attributes AS city_object_attributes, ST_AsEWKB(city_object.convexhull) AS city_object_convexhull, ST_AsEWKB(city_object.globalconvexhull) AS city_object_globalconvexhull, city_object.metadata_id AS city_object_metadata_id 
	FROM city_object 
	WHERE ST_Intersects(ST_SetSRID(ST_MakePoint(4.450846, 51.906183, 0.0), 4979), city_object.globalconvexhull) AND (city_object.object ->> 'type') = 'Building'
2020-09-18 13:09:26.784 CEST [55274] LOG:  duration: 6.049 ms
2020-09-18 13:09:26.786 CEST [55274] LOG:  statement: ROLLBACK
2020-09-18 13:09:26.787 CEST [55274] LOG:  duration: 0.193 ms
2020-09-18 13:09:26.799 CEST [55274] LOG:  statement: BEGIN
2020-09-18 13:09:26.800 CEST [55274] LOG:  duration: 0.051 ms
2020-09-18 13:09:26.800 CEST [55274] LOG:  statement: SELECT city_object.id AS city_object_id, city_object.object AS city_object_object, city_object.attributes AS city_object_attributes, ST_AsEWKB(city_object.convexhull) AS city_object_convexhull, ST_AsEWKB(city_object.globalconvexhull) AS city_object_globalconvexhull, city_object.metadata_id AS city_object_metadata_id 
	FROM city_object 
	WHERE ST_Intersects(ST_SetSRID(ST_MakePoint(4.450846, 51.906183, 0.0), 4979), city_object.globalconvexhull) AND (city_object.object ->> 'type') = 'Building'
2020-09-18 13:09:26.807 CEST [55274] LOG:  duration: 7.481 ms
2020-09-18 13:09:26.809 CEST [55274] LOG:  statement: ROLLBACK
2020-09-18 13:09:26.809 CEST [55274] LOG:  duration: 0.071 ms
2020-09-18 13:09:26.819 CEST [55274] LOG:  statement: BEGIN
2020-09-18 13:09:26.819 CEST [55274] LOG:  duration: 0.136 ms
2020-09-18 13:09:26.819 CEST [55274] LOG:  statement: SELECT city_object.id AS city_object_id, city_object.object AS city_object_object, city_object.attributes AS city_object_attributes, ST_AsEWKB(city_object.convexhull) AS city_object_convexhull, ST_AsEWKB(city_object.globalconvexhull) AS city_object_globalconvexhull, city_object.metadata_id AS city_object_metadata_id 
	FROM city_object 
	WHERE ST_Intersects(ST_SetSRID(ST_MakePoint(4.450846, 51.906183, 0.0), 4979), city_object.globalconvexhull) AND (city_object.object ->> 'type') = 'Building'
2020-09-18 13:09:26.828 CEST [55274] LOG:  duration: 8.830 ms
2020-09-18 13:09:26.831 CEST [55274] LOG:  statement: ROLLBACK
2020-09-18 13:09:26.831 CEST [55274] LOG:  duration: 0.145 ms
2020-09-18 13:09:26.843 CEST [55274] LOG:  statement: BEGIN
2020-09-18 13:09:26.843 CEST [55274] LOG:  duration: 0.081 ms
2020-09-18 13:09:26.844 CEST [55274] LOG:  statement: SELECT city_object.id AS city_object_id, city_object.object AS city_object_object, city_object.attributes AS city_object_attributes, ST_AsEWKB(city_object.convexhull) AS city_object_convexhull, ST_AsEWKB(city_object.globalconvexhull) AS city_object_globalconvexhull, city_object.metadata_id AS city_object_metadata_id 
	FROM city_object 
	WHERE ST_Intersects(ST_SetSRID(ST_MakePoint(4.450846, 51.906183, 0.0), 4979), city_object.globalconvexhull) AND (city_object.object ->> 'type') = 'Building'
2020-09-18 13:09:26.851 CEST [55274] LOG:  duration: 6.779 ms
2020-09-18 13:09:26.852 CEST [55274] LOG:  statement: ROLLBACK
2020-09-18 13:09:26.852 CEST [55274] LOG:  duration: 0.071 ms
2020-09-18 13:09:26.866 CEST [55274] LOG:  statement: BEGIN
2020-09-18 13:09:26.867 CEST [55274] LOG:  duration: 1.199 ms
2020-09-18 13:09:26.867 CEST [55274] LOG:  statement: SELECT city_object.id AS city_object_id, city_object.object AS city_object_object, city_object.attributes AS city_object_attributes, ST_AsEWKB(city_object.convexhull) AS city_object_convexhull, ST_AsEWKB(city_object.globalconvexhull) AS city_object_globalconvexhull, city_object.metadata_id AS city_object_metadata_id 
	FROM city_object 
	WHERE ST_Intersects(ST_SetSRID(ST_MakePoint(4.450846, 51.906183, 0.0), 4979), city_object.globalconvexhull) AND (city_object.object ->> 'type') = 'Building'
2020-09-18 13:09:26.874 CEST [55274] LOG:  duration: 6.989 ms
2020-09-18 13:09:26.876 CEST [55274] LOG:  statement: ROLLBACK
2020-09-18 13:09:26.876 CEST [55274] LOG:  duration: 0.078 ms
2020-09-18 13:09:26.885 CEST [55274] LOG:  statement: BEGIN
2020-09-18 13:09:26.885 CEST [55274] LOG:  duration: 0.106 ms
2020-09-18 13:09:26.885 CEST [55274] LOG:  statement: SELECT city_object.id AS city_object_id, city_object.object AS city_object_object, city_object.attributes AS city_object_attributes, ST_AsEWKB(city_object.convexhull) AS city_object_convexhull, ST_AsEWKB(city_object.globalconvexhull) AS city_object_globalconvexhull, city_object.metadata_id AS city_object_metadata_id 
	FROM city_object 
	WHERE ST_Intersects(ST_SetSRID(ST_MakePoint(4.450846, 51.906183, 0.0), 4979), city_object.globalconvexhull) AND (city_object.object ->> 'type') = 'Building'
2020-09-18 13:09:26.888 CEST [55274] LOG:  duration: 3.132 ms
2020-09-18 13:09:26.891 CEST [55274] LOG:  statement: ROLLBACK
2020-09-18 13:09:26.891 CEST [55274] LOG:  duration: 0.086 ms
2020-09-18 13:09:26.906 CEST [55274] LOG:  statement: BEGIN
2020-09-18 13:09:26.906 CEST [55274] LOG:  duration: 0.055 ms
2020-09-18 13:09:26.906 CEST [55274] LOG:  statement: SELECT city_object.id AS city_object_id, city_object.object AS city_object_object, city_object.attributes AS city_object_attributes, ST_AsEWKB(city_object.convexhull) AS city_object_convexhull, ST_AsEWKB(city_object.globalconvexhull) AS city_object_globalconvexhull, city_object.metadata_id AS city_object_metadata_id 
	FROM city_object 
	WHERE ST_Intersects(ST_SetSRID(ST_MakePoint(4.450846, 51.906183, 0.0), 4979), city_object.globalconvexhull) AND (city_object.object ->> 'type') = 'Building'
2020-09-18 13:09:26.913 CEST [55274] LOG:  duration: 5.674 ms
2020-09-18 13:09:26.914 CEST [55274] LOG:  statement: ROLLBACK
2020-09-18 13:09:26.914 CEST [55274] LOG:  duration: 0.065 ms
2020-09-18 13:09:26.925 CEST [55274] LOG:  statement: BEGIN
2020-09-18 13:09:26.925 CEST [55274] LOG:  duration: 0.056 ms
2020-09-18 13:09:26.925 CEST [55274] LOG:  statement: SELECT city_object.id AS city_object_id, city_object.object AS city_object_object, city_object.attributes AS city_object_attributes, ST_AsEWKB(city_object.convexhull) AS city_object_convexhull, ST_AsEWKB(city_object.globalconvexhull) AS city_object_globalconvexhull, city_object.metadata_id AS city_object_metadata_id 
	FROM city_object 
	WHERE ST_Intersects(ST_SetSRID(ST_MakePoint(4.450846, 51.906183, 0.0), 4979), city_object.globalconvexhull) AND (city_object.object ->> 'type') = 'Building'
2020-09-18 13:09:26.934 CEST [55274] LOG:  duration: 8.991 ms
2020-09-18 13:09:26.937 CEST [55274] LOG:  statement: ROLLBACK
2020-09-18 13:09:26.937 CEST [55274] LOG:  duration: 0.156 ms
2020-09-18 13:09:26.950 CEST [55274] LOG:  statement: BEGIN
2020-09-18 13:09:26.950 CEST [55274] LOG:  duration: 0.206 ms
2020-09-18 13:09:26.950 CEST [55274] LOG:  statement: SELECT city_object.id AS city_object_id, city_object.object AS city_object_object, city_object.attributes AS city_object_attributes, ST_AsEWKB(city_object.convexhull) AS city_object_convexhull, ST_AsEWKB(city_object.globalconvexhull) AS city_object_globalconvexhull, city_object.metadata_id AS city_object_metadata_id 
	FROM city_object 
	WHERE ST_Intersects(ST_SetSRID(ST_MakePoint(4.450846, 51.906183, 0.0), 4979), city_object.globalconvexhull) AND (city_object.object ->> 'type') = 'Building'
2020-09-18 13:09:26.954 CEST [55274] LOG:  duration: 4.020 ms
2020-09-18 13:09:26.955 CEST [55274] LOG:  statement: ROLLBACK
2020-09-18 13:09:26.955 CEST [55274] LOG:  duration: 0.059 ms
2020-09-18 13:09:27.017 CEST [55274] LOG:  statement: BEGIN
2020-09-18 13:09:27.017 CEST [55274] LOG:  duration: 0.112 ms
2020-09-18 13:09:27.017 CEST [55274] LOG:  statement: SELECT city_object.id AS city_object_id, city_object.object AS city_object_object, city_object.attributes AS city_object_attributes, ST_AsEWKB(city_object.convexhull) AS city_object_convexhull, ST_AsEWKB(city_object.globalconvexhull) AS city_object_globalconvexhull, city_object.metadata_id AS city_object_metadata_id 
	FROM city_object 
	WHERE ST_Intersects(ST_SetSRID(ST_MakePoint(4.450846, 51.906183, 0.0), 4979), city_object.globalconvexhull) AND (city_object.object ->> 'type') = 'Building'
2020-09-18 13:09:27.022 CEST [55274] LOG:  duration: 5.325 ms
2020-09-18 13:09:27.025 CEST [55274] LOG:  statement: ROLLBACK
2020-09-18 13:09:27.025 CEST [55274] LOG:  duration: 0.202 ms
2020-09-18 13:09:27.036 CEST [55274] LOG:  statement: BEGIN
2020-09-18 13:09:27.036 CEST [55274] LOG:  duration: 0.128 ms
2020-09-18 13:09:27.036 CEST [55274] LOG:  statement: SELECT city_object.id AS city_object_id, city_object.object AS city_object_object, city_object.attributes AS city_object_attributes, ST_AsEWKB(city_object.convexhull) AS city_object_convexhull, ST_AsEWKB(city_object.globalconvexhull) AS city_object_globalconvexhull, city_object.metadata_id AS city_object_metadata_id 
	FROM city_object 
	WHERE ST_Intersects(ST_SetSRID(ST_MakePoint(4.450846, 51.906183, 0.0), 4979), city_object.globalconvexhull) AND (city_object.object ->> 'type') = 'Building'
2020-09-18 13:09:27.045 CEST [55274] LOG:  duration: 8.696 ms
2020-09-18 13:09:27.047 CEST [55274] LOG:  statement: ROLLBACK
2020-09-18 13:09:27.047 CEST [55274] LOG:  duration: 0.462 ms
2020-09-18 13:09:27.059 CEST [55274] LOG:  statement: BEGIN
2020-09-18 13:09:27.059 CEST [55274] LOG:  duration: 0.133 ms
2020-09-18 13:09:27.060 CEST [55274] LOG:  statement: SELECT city_object.id AS city_object_id, city_object.object AS city_object_object, city_object.attributes AS city_object_attributes, ST_AsEWKB(city_object.convexhull) AS city_object_convexhull, ST_AsEWKB(city_object.globalconvexhull) AS city_object_globalconvexhull, city_object.metadata_id AS city_object_metadata_id 
	FROM city_object 
	WHERE ST_Intersects(ST_SetSRID(ST_MakePoint(4.450846, 51.906183, 0.0), 4979), city_object.globalconvexhull) AND (city_object.object ->> 'type') = 'Building'
2020-09-18 13:09:27.068 CEST [55274] LOG:  duration: 7.913 ms
2020-09-18 13:09:27.074 CEST [55274] LOG:  statement: ROLLBACK
2020-09-18 13:09:27.074 CEST [55274] LOG:  duration: 0.208 ms
2020-09-18 13:09:27.086 CEST [55274] LOG:  statement: BEGIN
2020-09-18 13:09:27.086 CEST [55274] LOG:  duration: 0.137 ms
2020-09-18 13:09:27.086 CEST [55274] LOG:  statement: SELECT city_object.id AS city_object_id, city_object.object AS city_object_object, city_object.attributes AS city_object_attributes, ST_AsEWKB(city_object.convexhull) AS city_object_convexhull, ST_AsEWKB(city_object.globalconvexhull) AS city_object_globalconvexhull, city_object.metadata_id AS city_object_metadata_id 
	FROM city_object 
	WHERE ST_Intersects(ST_SetSRID(ST_MakePoint(4.450846, 51.906183, 0.0), 4979), city_object.globalconvexhull) AND (city_object.object ->> 'type') = 'Building'
2020-09-18 13:09:27.094 CEST [55274] LOG:  duration: 8.144 ms
2020-09-18 13:09:27.097 CEST [55274] LOG:  statement: ROLLBACK
2020-09-18 13:09:27.097 CEST [55274] LOG:  duration: 0.114 ms
2020-09-18 13:09:27.111 CEST [55274] LOG:  statement: BEGIN
2020-09-18 13:09:27.111 CEST [55274] LOG:  duration: 0.055 ms
2020-09-18 13:09:27.111 CEST [55274] LOG:  statement: SELECT city_object.id AS city_object_id, city_object.object AS city_object_object, city_object.attributes AS city_object_attributes, ST_AsEWKB(city_object.convexhull) AS city_object_convexhull, ST_AsEWKB(city_object.globalconvexhull) AS city_object_globalconvexhull, city_object.metadata_id AS city_object_metadata_id 
	FROM city_object 
	WHERE ST_Intersects(ST_SetSRID(ST_MakePoint(4.450846, 51.906183, 0.0), 4979), city_object.globalconvexhull) AND (city_object.object ->> 'type') = 'Building'
2020-09-18 13:09:27.117 CEST [55274] LOG:  duration: 6.080 ms
2020-09-18 13:09:27.118 CEST [55274] LOG:  statement: ROLLBACK
2020-09-18 13:09:27.118 CEST [55274] LOG:  duration: 0.065 ms
2020-09-18 13:09:27.130 CEST [55274] LOG:  statement: BEGIN
2020-09-18 13:09:27.131 CEST [55274] LOG:  duration: 0.121 ms
2020-09-18 13:09:27.131 CEST [55274] LOG:  statement: SELECT city_object.id AS city_object_id, city_object.object AS city_object_object, city_object.attributes AS city_object_attributes, ST_AsEWKB(city_object.convexhull) AS city_object_convexhull, ST_AsEWKB(city_object.globalconvexhull) AS city_object_globalconvexhull, city_object.metadata_id AS city_object_metadata_id 
	FROM city_object 
	WHERE ST_Intersects(ST_SetSRID(ST_MakePoint(4.450846, 51.906183, 0.0), 4979), city_object.globalconvexhull) AND (city_object.object ->> 'type') = 'Building'
2020-09-18 13:09:27.137 CEST [55274] LOG:  duration: 6.420 ms
2020-09-18 13:09:27.141 CEST [55274] LOG:  statement: ROLLBACK
2020-09-18 13:09:27.141 CEST [55274] LOG:  duration: 0.107 ms
2020-09-18 13:09:27.154 CEST [55274] LOG:  statement: BEGIN
2020-09-18 13:09:27.154 CEST [55274] LOG:  duration: 0.526 ms
2020-09-18 13:09:27.155 CEST [55274] LOG:  statement: SELECT city_object.id AS city_object_id, city_object.object AS city_object_object, city_object.attributes AS city_object_attributes, ST_AsEWKB(city_object.convexhull) AS city_object_convexhull, ST_AsEWKB(city_object.globalconvexhull) AS city_object_globalconvexhull, city_object.metadata_id AS city_object_metadata_id 
	FROM city_object 
	WHERE ST_Intersects(ST_SetSRID(ST_MakePoint(4.450846, 51.906183, 0.0), 4979), city_object.globalconvexhull) AND (city_object.object ->> 'type') = 'Building'
2020-09-18 13:09:27.159 CEST [55274] LOG:  duration: 4.292 ms
2020-09-18 13:09:27.160 CEST [55274] LOG:  statement: ROLLBACK
2020-09-18 13:09:27.160 CEST [55274] LOG:  duration: 0.092 ms
2020-09-18 13:09:27.173 CEST [55274] LOG:  statement: BEGIN
2020-09-18 13:09:27.173 CEST [55274] LOG:  duration: 0.081 ms
2020-09-18 13:09:27.174 CEST [55274] LOG:  statement: SELECT city_object.id AS city_object_id, city_object.object AS city_object_object, city_object.attributes AS city_object_attributes, ST_AsEWKB(city_object.convexhull) AS city_object_convexhull, ST_AsEWKB(city_object.globalconvexhull) AS city_object_globalconvexhull, city_object.metadata_id AS city_object_metadata_id 
	FROM city_object 
	WHERE ST_Intersects(ST_SetSRID(ST_MakePoint(4.450846, 51.906183, 0.0), 4979), city_object.globalconvexhull) AND (city_object.object ->> 'type') = 'Building'
2020-09-18 13:09:27.179 CEST [55274] LOG:  duration: 5.454 ms
2020-09-18 13:09:27.180 CEST [55274] LOG:  statement: ROLLBACK
2020-09-18 13:09:27.180 CEST [55274] LOG:  duration: 0.136 ms
2020-09-18 13:09:27.190 CEST [55274] LOG:  statement: BEGIN
2020-09-18 13:09:27.190 CEST [55274] LOG:  duration: 0.323 ms
2020-09-18 13:09:27.191 CEST [55274] LOG:  statement: SELECT city_object.id AS city_object_id, city_object.object AS city_object_object, city_object.attributes AS city_object_attributes, ST_AsEWKB(city_object.convexhull) AS city_object_convexhull, ST_AsEWKB(city_object.globalconvexhull) AS city_object_globalconvexhull, city_object.metadata_id AS city_object_metadata_id 
	FROM city_object 
	WHERE ST_Intersects(ST_SetSRID(ST_MakePoint(4.450846, 51.906183, 0.0), 4979), city_object.globalconvexhull) AND (city_object.object ->> 'type') = 'Building'
2020-09-18 13:09:27.198 CEST [55274] LOG:  duration: 7.628 ms
2020-09-18 13:09:27.200 CEST [55274] LOG:  statement: ROLLBACK
2020-09-18 13:09:27.200 CEST [55274] LOG:  duration: 0.108 ms
2020-09-18 13:09:27.209 CEST [55274] LOG:  statement: BEGIN
2020-09-18 13:09:27.209 CEST [55274] LOG:  duration: 0.064 ms
2020-09-18 13:09:27.209 CEST [55274] LOG:  statement: SELECT city_object.id AS city_object_id, city_object.object AS city_object_object, city_object.attributes AS city_object_attributes, ST_AsEWKB(city_object.convexhull) AS city_object_convexhull, ST_AsEWKB(city_object.globalconvexhull) AS city_object_globalconvexhull, city_object.metadata_id AS city_object_metadata_id 
	FROM city_object 
	WHERE ST_Intersects(ST_SetSRID(ST_MakePoint(4.450846, 51.906183, 0.0), 4979), city_object.globalconvexhull) AND (city_object.object ->> 'type') = 'Building'
2020-09-18 13:09:27.213 CEST [55274] LOG:  duration: 3.855 ms
2020-09-18 13:09:27.215 CEST [55274] LOG:  statement: ROLLBACK
2020-09-18 13:09:27.215 CEST [55274] LOG:  duration: 0.072 ms
2020-09-18 13:09:27.225 CEST [55274] LOG:  statement: BEGIN
2020-09-18 13:09:27.225 CEST [55274] LOG:  duration: 0.058 ms
2020-09-18 13:09:27.225 CEST [55274] LOG:  statement: SELECT city_object.id AS city_object_id, city_object.object AS city_object_object, city_object.attributes AS city_object_attributes, ST_AsEWKB(city_object.convexhull) AS city_object_convexhull, ST_AsEWKB(city_object.globalconvexhull) AS city_object_globalconvexhull, city_object.metadata_id AS city_object_metadata_id 
	FROM city_object 
	WHERE ST_Intersects(ST_SetSRID(ST_MakePoint(4.450846, 51.906183, 0.0), 4979), city_object.globalconvexhull) AND (city_object.object ->> 'type') = 'Building'
2020-09-18 13:09:27.233 CEST [55274] LOG:  duration: 7.983 ms
2020-09-18 13:09:27.235 CEST [55274] LOG:  statement: ROLLBACK
2020-09-18 13:09:27.235 CEST [55274] LOG:  duration: 0.072 ms
2020-09-18 13:09:27.247 CEST [55274] LOG:  statement: BEGIN
2020-09-18 13:09:27.247 CEST [55274] LOG:  duration: 0.058 ms
2020-09-18 13:09:27.247 CEST [55274] LOG:  statement: SELECT city_object.id AS city_object_id, city_object.object AS city_object_object, city_object.attributes AS city_object_attributes, ST_AsEWKB(city_object.convexhull) AS city_object_convexhull, ST_AsEWKB(city_object.globalconvexhull) AS city_object_globalconvexhull, city_object.metadata_id AS city_object_metadata_id 
	FROM city_object 
	WHERE ST_Intersects(ST_SetSRID(ST_MakePoint(4.450846, 51.906183, 0.0), 4979), city_object.globalconvexhull) AND (city_object.object ->> 'type') = 'Building'
2020-09-18 13:09:27.252 CEST [55274] LOG:  duration: 4.960 ms
2020-09-18 13:09:27.254 CEST [55274] LOG:  statement: ROLLBACK
2020-09-18 13:09:27.254 CEST [55274] LOG:  duration: 0.077 ms
2020-09-18 13:09:27.268 CEST [55274] LOG:  statement: BEGIN
2020-09-18 13:09:27.268 CEST [55274] LOG:  duration: 0.052 ms
2020-09-18 13:09:27.269 CEST [55274] LOG:  statement: SELECT city_object.id AS city_object_id, city_object.object AS city_object_object, city_object.attributes AS city_object_attributes, ST_AsEWKB(city_object.convexhull) AS city_object_convexhull, ST_AsEWKB(city_object.globalconvexhull) AS city_object_globalconvexhull, city_object.metadata_id AS city_object_metadata_id 
	FROM city_object 
	WHERE ST_Intersects(ST_SetSRID(ST_MakePoint(4.450846, 51.906183, 0.0), 4979), city_object.globalconvexhull) AND (city_object.object ->> 'type') = 'Building'
2020-09-18 13:09:27.281 CEST [55274] LOG:  duration: 11.577 ms
2020-09-18 13:09:27.284 CEST [55274] LOG:  statement: ROLLBACK
2020-09-18 13:09:27.285 CEST [55274] LOG:  duration: 0.398 ms
2020-09-18 13:09:27.300 CEST [55274] LOG:  statement: BEGIN
2020-09-18 13:09:27.300 CEST [55274] LOG:  duration: 0.127 ms
2020-09-18 13:09:27.301 CEST [55274] LOG:  statement: SELECT city_object.id AS city_object_id, city_object.object AS city_object_object, city_object.attributes AS city_object_attributes, ST_AsEWKB(city_object.convexhull) AS city_object_convexhull, ST_AsEWKB(city_object.globalconvexhull) AS city_object_globalconvexhull, city_object.metadata_id AS city_object_metadata_id 
	FROM city_object 
	WHERE ST_Intersects(ST_SetSRID(ST_MakePoint(4.450846, 51.906183, 0.0), 4979), city_object.globalconvexhull) AND (city_object.object ->> 'type') = 'Building'
2020-09-18 13:09:27.309 CEST [55274] LOG:  duration: 8.236 ms
2020-09-18 13:09:27.311 CEST [55274] LOG:  statement: ROLLBACK
2020-09-18 13:09:27.311 CEST [55274] LOG:  duration: 0.174 ms
2020-09-18 13:09:27.328 CEST [55274] LOG:  statement: BEGIN
2020-09-18 13:09:27.328 CEST [55274] LOG:  duration: 0.266 ms
2020-09-18 13:09:27.328 CEST [55274] LOG:  statement: SELECT city_object.id AS city_object_id, city_object.object AS city_object_object, city_object.attributes AS city_object_attributes, ST_AsEWKB(city_object.convexhull) AS city_object_convexhull, ST_AsEWKB(city_object.globalconvexhull) AS city_object_globalconvexhull, city_object.metadata_id AS city_object_metadata_id 
	FROM city_object 
	WHERE ST_Intersects(ST_SetSRID(ST_MakePoint(4.450846, 51.906183, 0.0), 4979), city_object.globalconvexhull) AND (city_object.object ->> 'type') = 'Building'
2020-09-18 13:09:27.335 CEST [55274] LOG:  duration: 6.598 ms
2020-09-18 13:09:27.338 CEST [55274] LOG:  statement: ROLLBACK
2020-09-18 13:09:27.338 CEST [55274] LOG:  duration: 0.375 ms
2020-09-18 13:09:27.353 CEST [55274] LOG:  statement: BEGIN
2020-09-18 13:09:27.353 CEST [55274] LOG:  duration: 0.158 ms
2020-09-18 13:09:27.354 CEST [55274] LOG:  statement: SELECT city_object.id AS city_object_id, city_object.object AS city_object_object, city_object.attributes AS city_object_attributes, ST_AsEWKB(city_object.convexhull) AS city_object_convexhull, ST_AsEWKB(city_object.globalconvexhull) AS city_object_globalconvexhull, city_object.metadata_id AS city_object_metadata_id 
	FROM city_object 
	WHERE ST_Intersects(ST_SetSRID(ST_MakePoint(4.450846, 51.906183, 0.0), 4979), city_object.globalconvexhull) AND (city_object.object ->> 'type') = 'Building'
2020-09-18 13:09:27.360 CEST [55274] LOG:  duration: 6.904 ms
2020-09-18 13:09:27.363 CEST [55274] LOG:  statement: ROLLBACK
2020-09-18 13:09:27.363 CEST [55274] LOG:  duration: 0.071 ms
2020-09-18 13:09:27.378 CEST [55274] LOG:  statement: BEGIN
2020-09-18 13:09:27.378 CEST [55274] LOG:  duration: 0.145 ms
2020-09-18 13:09:27.379 CEST [55274] LOG:  statement: SELECT city_object.id AS city_object_id, city_object.object AS city_object_object, city_object.attributes AS city_object_attributes, ST_AsEWKB(city_object.convexhull) AS city_object_convexhull, ST_AsEWKB(city_object.globalconvexhull) AS city_object_globalconvexhull, city_object.metadata_id AS city_object_metadata_id 
	FROM city_object 
	WHERE ST_Intersects(ST_SetSRID(ST_MakePoint(4.450846, 51.906183, 0.0), 4979), city_object.globalconvexhull) AND (city_object.object ->> 'type') = 'Building'
2020-09-18 13:09:27.384 CEST [55274] LOG:  duration: 5.553 ms
2020-09-18 13:09:27.386 CEST [55274] LOG:  statement: ROLLBACK
2020-09-18 13:09:27.386 CEST [55274] LOG:  duration: 0.073 ms
2020-09-18 13:09:27.397 CEST [55274] LOG:  statement: BEGIN
2020-09-18 13:09:27.397 CEST [55274] LOG:  duration: 0.105 ms
2020-09-18 13:09:27.397 CEST [55274] LOG:  statement: SELECT city_object.id AS city_object_id, city_object.object AS city_object_object, city_object.attributes AS city_object_attributes, ST_AsEWKB(city_object.convexhull) AS city_object_convexhull, ST_AsEWKB(city_object.globalconvexhull) AS city_object_globalconvexhull, city_object.metadata_id AS city_object_metadata_id 
	FROM city_object 
	WHERE ST_Intersects(ST_SetSRID(ST_MakePoint(4.450846, 51.906183, 0.0), 4979), city_object.globalconvexhull) AND (city_object.object ->> 'type') = 'Building'
2020-09-18 13:09:27.402 CEST [55274] LOG:  duration: 4.978 ms
2020-09-18 13:09:27.403 CEST [55274] LOG:  statement: ROLLBACK
2020-09-18 13:09:27.403 CEST [55274] LOG:  duration: 0.064 ms
2020-09-18 13:09:27.413 CEST [55274] LOG:  statement: BEGIN
2020-09-18 13:09:27.413 CEST [55274] LOG:  duration: 0.085 ms
2020-09-18 13:09:27.413 CEST [55274] LOG:  statement: SELECT city_object.id AS city_object_id, city_object.object AS city_object_object, city_object.attributes AS city_object_attributes, ST_AsEWKB(city_object.convexhull) AS city_object_convexhull, ST_AsEWKB(city_object.globalconvexhull) AS city_object_globalconvexhull, city_object.metadata_id AS city_object_metadata_id 
	FROM city_object 
	WHERE ST_Intersects(ST_SetSRID(ST_MakePoint(4.450846, 51.906183, 0.0), 4979), city_object.globalconvexhull) AND (city_object.object ->> 'type') = 'Building'
2020-09-18 13:09:27.418 CEST [55274] LOG:  duration: 4.726 ms
2020-09-18 13:09:27.420 CEST [55274] LOG:  statement: ROLLBACK
2020-09-18 13:09:27.420 CEST [55274] LOG:  duration: 0.373 ms
2020-09-18 13:09:27.432 CEST [55274] LOG:  statement: BEGIN
2020-09-18 13:09:27.432 CEST [55274] LOG:  duration: 0.098 ms
2020-09-18 13:09:27.432 CEST [55274] LOG:  statement: SELECT city_object.id AS city_object_id, city_object.object AS city_object_object, city_object.attributes AS city_object_attributes, ST_AsEWKB(city_object.convexhull) AS city_object_convexhull, ST_AsEWKB(city_object.globalconvexhull) AS city_object_globalconvexhull, city_object.metadata_id AS city_object_metadata_id 
	FROM city_object 
	WHERE ST_Intersects(ST_SetSRID(ST_MakePoint(4.450846, 51.906183, 0.0), 4979), city_object.globalconvexhull) AND (city_object.object ->> 'type') = 'Building'
2020-09-18 13:09:27.436 CEST [55274] LOG:  duration: 3.966 ms
2020-09-18 13:09:27.437 CEST [55274] LOG:  statement: ROLLBACK
2020-09-18 13:09:27.437 CEST [55274] LOG:  duration: 0.070 ms
2020-09-18 13:09:27.451 CEST [55274] LOG:  statement: BEGIN
2020-09-18 13:09:27.451 CEST [55274] LOG:  duration: 0.055 ms
2020-09-18 13:09:27.452 CEST [55274] LOG:  statement: SELECT city_object.id AS city_object_id, city_object.object AS city_object_object, city_object.attributes AS city_object_attributes, ST_AsEWKB(city_object.convexhull) AS city_object_convexhull, ST_AsEWKB(city_object.globalconvexhull) AS city_object_globalconvexhull, city_object.metadata_id AS city_object_metadata_id 
	FROM city_object 
	WHERE ST_Intersects(ST_SetSRID(ST_MakePoint(4.450846, 51.906183, 0.0), 4979), city_object.globalconvexhull) AND (city_object.object ->> 'type') = 'Building'
2020-09-18 13:09:27.455 CEST [55274] LOG:  duration: 3.804 ms
2020-09-18 13:09:27.457 CEST [55274] LOG:  statement: ROLLBACK
2020-09-18 13:09:27.457 CEST [55274] LOG:  duration: 0.094 ms
2020-09-18 13:09:27.543 CEST [55274] LOG:  statement: BEGIN
2020-09-18 13:09:27.543 CEST [55274] LOG:  duration: 0.111 ms
2020-09-18 13:09:27.543 CEST [55274] LOG:  statement: SELECT city_object.id AS city_object_id, city_object.object AS city_object_object, city_object.attributes AS city_object_attributes, ST_AsEWKB(city_object.convexhull) AS city_object_convexhull, ST_AsEWKB(city_object.globalconvexhull) AS city_object_globalconvexhull, city_object.metadata_id AS city_object_metadata_id 
	FROM city_object 
	WHERE ST_Intersects(ST_SetSRID(ST_MakePoint(4.450846, 51.906183, 0.0), 4979), city_object.globalconvexhull) AND (city_object.object ->> 'type') = 'Building'
2020-09-18 13:09:27.549 CEST [55274] LOG:  duration: 6.224 ms
2020-09-18 13:09:27.551 CEST [55274] LOG:  statement: ROLLBACK
2020-09-18 13:09:27.551 CEST [55274] LOG:  duration: 0.422 ms
2020-09-18 13:09:27.565 CEST [55274] LOG:  statement: BEGIN
2020-09-18 13:09:27.565 CEST [55274] LOG:  duration: 0.153 ms
2020-09-18 13:09:27.565 CEST [55274] LOG:  statement: SELECT city_object.id AS city_object_id, city_object.object AS city_object_object, city_object.attributes AS city_object_attributes, ST_AsEWKB(city_object.convexhull) AS city_object_convexhull, ST_AsEWKB(city_object.globalconvexhull) AS city_object_globalconvexhull, city_object.metadata_id AS city_object_metadata_id 
	FROM city_object 
	WHERE ST_Intersects(ST_SetSRID(ST_MakePoint(4.450846, 51.906183, 0.0), 4979), city_object.globalconvexhull) AND (city_object.object ->> 'type') = 'Building'
2020-09-18 13:09:27.572 CEST [55274] LOG:  duration: 6.495 ms
2020-09-18 13:09:27.574 CEST [55274] LOG:  statement: ROLLBACK
2020-09-18 13:09:27.574 CEST [55274] LOG:  duration: 0.142 ms
2020-09-18 13:09:27.588 CEST [55274] LOG:  statement: BEGIN
2020-09-18 13:09:27.589 CEST [55274] LOG:  duration: 0.161 ms
2020-09-18 13:09:27.589 CEST [55274] LOG:  statement: SELECT city_object.id AS city_object_id, city_object.object AS city_object_object, city_object.attributes AS city_object_attributes, ST_AsEWKB(city_object.convexhull) AS city_object_convexhull, ST_AsEWKB(city_object.globalconvexhull) AS city_object_globalconvexhull, city_object.metadata_id AS city_object_metadata_id 
	FROM city_object 
	WHERE ST_Intersects(ST_SetSRID(ST_MakePoint(4.450846, 51.906183, 0.0), 4979), city_object.globalconvexhull) AND (city_object.object ->> 'type') = 'Building'
2020-09-18 13:09:27.597 CEST [55274] LOG:  duration: 8.174 ms
2020-09-18 13:09:27.599 CEST [55274] LOG:  statement: ROLLBACK
2020-09-18 13:09:27.599 CEST [55274] LOG:  duration: 0.142 ms
2020-09-18 13:09:27.611 CEST [55274] LOG:  statement: BEGIN
2020-09-18 13:09:27.611 CEST [55274] LOG:  duration: 0.131 ms
2020-09-18 13:09:27.612 CEST [55274] LOG:  statement: SELECT city_object.id AS city_object_id, city_object.object AS city_object_object, city_object.attributes AS city_object_attributes, ST_AsEWKB(city_object.convexhull) AS city_object_convexhull, ST_AsEWKB(city_object.globalconvexhull) AS city_object_globalconvexhull, city_object.metadata_id AS city_object_metadata_id 
	FROM city_object 
	WHERE ST_Intersects(ST_SetSRID(ST_MakePoint(4.450846, 51.906183, 0.0), 4979), city_object.globalconvexhull) AND (city_object.object ->> 'type') = 'Building'
2020-09-18 13:09:27.617 CEST [55274] LOG:  duration: 5.359 ms
2020-09-18 13:09:27.619 CEST [55274] LOG:  statement: ROLLBACK
2020-09-18 13:09:27.619 CEST [55274] LOG:  duration: 0.130 ms
2020-09-18 13:09:27.631 CEST [55274] LOG:  statement: BEGIN
2020-09-18 13:09:27.631 CEST [55274] LOG:  duration: 0.119 ms
2020-09-18 13:09:27.631 CEST [55274] LOG:  statement: SELECT city_object.id AS city_object_id, city_object.object AS city_object_object, city_object.attributes AS city_object_attributes, ST_AsEWKB(city_object.convexhull) AS city_object_convexhull, ST_AsEWKB(city_object.globalconvexhull) AS city_object_globalconvexhull, city_object.metadata_id AS city_object_metadata_id 
	FROM city_object 
	WHERE ST_Intersects(ST_SetSRID(ST_MakePoint(4.450846, 51.906183, 0.0), 4979), city_object.globalconvexhull) AND (city_object.object ->> 'type') = 'Building'
2020-09-18 13:09:27.637 CEST [55274] LOG:  duration: 5.608 ms
2020-09-18 13:09:27.639 CEST [55274] LOG:  statement: ROLLBACK
2020-09-18 13:09:27.639 CEST [55274] LOG:  duration: 0.070 ms
2020-09-18 13:09:27.653 CEST [55274] LOG:  statement: BEGIN
2020-09-18 13:09:27.653 CEST [55274] LOG:  duration: 0.736 ms
2020-09-18 13:09:27.654 CEST [55274] LOG:  statement: SELECT city_object.id AS city_object_id, city_object.object AS city_object_object, city_object.attributes AS city_object_attributes, ST_AsEWKB(city_object.convexhull) AS city_object_convexhull, ST_AsEWKB(city_object.globalconvexhull) AS city_object_globalconvexhull, city_object.metadata_id AS city_object_metadata_id 
	FROM city_object 
	WHERE ST_Intersects(ST_SetSRID(ST_MakePoint(4.450846, 51.906183, 0.0), 4979), city_object.globalconvexhull) AND (city_object.object ->> 'type') = 'Building'
2020-09-18 13:09:27.663 CEST [55274] LOG:  duration: 9.319 ms
2020-09-18 13:09:27.668 CEST [55274] LOG:  statement: ROLLBACK
2020-09-18 13:09:27.668 CEST [55274] LOG:  duration: 0.072 ms
2020-09-18 13:09:27.686 CEST [55274] LOG:  statement: BEGIN
2020-09-18 13:09:27.686 CEST [55274] LOG:  duration: 0.052 ms
2020-09-18 13:09:27.687 CEST [55274] LOG:  statement: SELECT city_object.id AS city_object_id, city_object.object AS city_object_object, city_object.attributes AS city_object_attributes, ST_AsEWKB(city_object.convexhull) AS city_object_convexhull, ST_AsEWKB(city_object.globalconvexhull) AS city_object_globalconvexhull, city_object.metadata_id AS city_object_metadata_id 
	FROM city_object 
	WHERE ST_Intersects(ST_SetSRID(ST_MakePoint(4.450846, 51.906183, 0.0), 4979), city_object.globalconvexhull) AND (city_object.object ->> 'type') = 'Building'
2020-09-18 13:09:27.694 CEST [55274] LOG:  duration: 7.478 ms
2020-09-18 13:09:27.697 CEST [55274] LOG:  statement: ROLLBACK
2020-09-18 13:09:27.697 CEST [55274] LOG:  duration: 0.132 ms
2020-09-18 13:09:27.712 CEST [55274] LOG:  statement: BEGIN
2020-09-18 13:09:27.712 CEST [55274] LOG:  duration: 0.106 ms
2020-09-18 13:09:27.714 CEST [55274] LOG:  statement: SELECT city_object.id AS city_object_id, city_object.object AS city_object_object, city_object.attributes AS city_object_attributes, ST_AsEWKB(city_object.convexhull) AS city_object_convexhull, ST_AsEWKB(city_object.globalconvexhull) AS city_object_globalconvexhull, city_object.metadata_id AS city_object_metadata_id 
	FROM city_object 
	WHERE ST_Intersects(ST_SetSRID(ST_MakePoint(4.450846, 51.906183, 0.0), 4979), city_object.globalconvexhull) AND (city_object.object ->> 'type') = 'Building'
2020-09-18 13:09:27.721 CEST [55274] LOG:  duration: 7.322 ms
2020-09-18 13:09:27.723 CEST [55274] LOG:  statement: ROLLBACK
2020-09-18 13:09:27.724 CEST [55274] LOG:  duration: 0.233 ms
2020-09-18 13:09:27.737 CEST [55274] LOG:  statement: BEGIN
2020-09-18 13:09:27.737 CEST [55274] LOG:  duration: 0.134 ms
2020-09-18 13:09:27.738 CEST [55274] LOG:  statement: SELECT city_object.id AS city_object_id, city_object.object AS city_object_object, city_object.attributes AS city_object_attributes, ST_AsEWKB(city_object.convexhull) AS city_object_convexhull, ST_AsEWKB(city_object.globalconvexhull) AS city_object_globalconvexhull, city_object.metadata_id AS city_object_metadata_id 
	FROM city_object 
	WHERE ST_Intersects(ST_SetSRID(ST_MakePoint(4.450846, 51.906183, 0.0), 4979), city_object.globalconvexhull) AND (city_object.object ->> 'type') = 'Building'
2020-09-18 13:09:27.748 CEST [55274] LOG:  duration: 10.246 ms
2020-09-18 13:09:27.752 CEST [55274] LOG:  statement: ROLLBACK
2020-09-18 13:09:27.752 CEST [55274] LOG:  duration: 0.072 ms
2020-09-18 13:09:27.767 CEST [55274] LOG:  statement: BEGIN
2020-09-18 13:09:27.767 CEST [55274] LOG:  duration: 0.112 ms
2020-09-18 13:09:27.767 CEST [55274] LOG:  statement: SELECT city_object.id AS city_object_id, city_object.object AS city_object_object, city_object.attributes AS city_object_attributes, ST_AsEWKB(city_object.convexhull) AS city_object_convexhull, ST_AsEWKB(city_object.globalconvexhull) AS city_object_globalconvexhull, city_object.metadata_id AS city_object_metadata_id 
	FROM city_object 
	WHERE ST_Intersects(ST_SetSRID(ST_MakePoint(4.450846, 51.906183, 0.0), 4979), city_object.globalconvexhull) AND (city_object.object ->> 'type') = 'Building'
2020-09-18 13:09:27.773 CEST [55274] LOG:  duration: 6.171 ms
2020-09-18 13:09:27.775 CEST [55274] LOG:  statement: ROLLBACK
2020-09-18 13:09:27.776 CEST [55274] LOG:  duration: 0.060 ms
2020-09-18 13:09:27.787 CEST [55274] LOG:  statement: BEGIN
2020-09-18 13:09:27.787 CEST [55274] LOG:  duration: 0.058 ms
2020-09-18 13:09:27.787 CEST [55274] LOG:  statement: SELECT city_object.id AS city_object_id, city_object.object AS city_object_object, city_object.attributes AS city_object_attributes, ST_AsEWKB(city_object.convexhull) AS city_object_convexhull, ST_AsEWKB(city_object.globalconvexhull) AS city_object_globalconvexhull, city_object.metadata_id AS city_object_metadata_id 
	FROM city_object 
	WHERE ST_Intersects(ST_SetSRID(ST_MakePoint(4.450846, 51.906183, 0.0), 4979), city_object.globalconvexhull) AND (city_object.object ->> 'type') = 'Building'
2020-09-18 13:09:27.794 CEST [55274] LOG:  duration: 6.438 ms
2020-09-18 13:09:27.795 CEST [55274] LOG:  statement: ROLLBACK
2020-09-18 13:09:27.795 CEST [55274] LOG:  duration: 0.077 ms
2020-09-18 13:09:27.810 CEST [55274] LOG:  statement: BEGIN
2020-09-18 13:09:27.810 CEST [55274] LOG:  duration: 0.058 ms
2020-09-18 13:09:27.810 CEST [55274] LOG:  statement: SELECT city_object.id AS city_object_id, city_object.object AS city_object_object, city_object.attributes AS city_object_attributes, ST_AsEWKB(city_object.convexhull) AS city_object_convexhull, ST_AsEWKB(city_object.globalconvexhull) AS city_object_globalconvexhull, city_object.metadata_id AS city_object_metadata_id 
	FROM city_object 
	WHERE ST_Intersects(ST_SetSRID(ST_MakePoint(4.450846, 51.906183, 0.0), 4979), city_object.globalconvexhull) AND (city_object.object ->> 'type') = 'Building'
2020-09-18 13:09:27.815 CEST [55274] LOG:  duration: 4.529 ms
2020-09-18 13:09:27.816 CEST [55274] LOG:  statement: ROLLBACK
2020-09-18 13:09:27.816 CEST [55274] LOG:  duration: 0.119 ms
2020-09-18 13:09:27.829 CEST [55274] LOG:  statement: BEGIN
2020-09-18 13:09:27.829 CEST [55274] LOG:  duration: 0.050 ms
2020-09-18 13:09:27.832 CEST [55274] LOG:  statement: SELECT city_object.id AS city_object_id, city_object.object AS city_object_object, city_object.attributes AS city_object_attributes, ST_AsEWKB(city_object.convexhull) AS city_object_convexhull, ST_AsEWKB(city_object.globalconvexhull) AS city_object_globalconvexhull, city_object.metadata_id AS city_object_metadata_id 
	FROM city_object 
	WHERE ST_Intersects(ST_SetSRID(ST_MakePoint(4.450846, 51.906183, 0.0), 4979), city_object.globalconvexhull) AND (city_object.object ->> 'type') = 'Building'
2020-09-18 13:09:27.835 CEST [55274] LOG:  duration: 3.595 ms
2020-09-18 13:09:27.838 CEST [55274] LOG:  statement: ROLLBACK
2020-09-18 13:09:27.839 CEST [55274] LOG:  duration: 0.437 ms
2020-09-18 13:09:27.849 CEST [55274] LOG:  statement: BEGIN
2020-09-18 13:09:27.849 CEST [55274] LOG:  duration: 0.044 ms
2020-09-18 13:09:27.849 CEST [55274] LOG:  statement: SELECT city_object.id AS city_object_id, city_object.object AS city_object_object, city_object.attributes AS city_object_attributes, ST_AsEWKB(city_object.convexhull) AS city_object_convexhull, ST_AsEWKB(city_object.globalconvexhull) AS city_object_globalconvexhull, city_object.metadata_id AS city_object_metadata_id 
	FROM city_object 
	WHERE ST_Intersects(ST_SetSRID(ST_MakePoint(4.450846, 51.906183, 0.0), 4979), city_object.globalconvexhull) AND (city_object.object ->> 'type') = 'Building'
2020-09-18 13:09:27.852 CEST [55274] LOG:  duration: 2.856 ms
2020-09-18 13:09:27.853 CEST [55274] LOG:  statement: ROLLBACK
2020-09-18 13:09:27.853 CEST [55274] LOG:  duration: 0.047 ms
2020-09-18 13:09:27.862 CEST [55274] LOG:  statement: BEGIN
2020-09-18 13:09:27.862 CEST [55274] LOG:  duration: 0.063 ms
2020-09-18 13:09:27.863 CEST [55274] LOG:  statement: SELECT city_object.id AS city_object_id, city_object.object AS city_object_object, city_object.attributes AS city_object_attributes, ST_AsEWKB(city_object.convexhull) AS city_object_convexhull, ST_AsEWKB(city_object.globalconvexhull) AS city_object_globalconvexhull, city_object.metadata_id AS city_object_metadata_id 
	FROM city_object 
	WHERE ST_Intersects(ST_SetSRID(ST_MakePoint(4.450846, 51.906183, 0.0), 4979), city_object.globalconvexhull) AND (city_object.object ->> 'type') = 'Building'
2020-09-18 13:09:27.867 CEST [55274] LOG:  duration: 3.817 ms
2020-09-18 13:09:27.868 CEST [55274] LOG:  statement: ROLLBACK
2020-09-18 13:09:27.868 CEST [55274] LOG:  duration: 0.120 ms
2020-09-18 13:09:27.882 CEST [55274] LOG:  statement: BEGIN
2020-09-18 13:09:27.882 CEST [55274] LOG:  duration: 0.058 ms
2020-09-18 13:09:27.882 CEST [55274] LOG:  statement: SELECT city_object.id AS city_object_id, city_object.object AS city_object_object, city_object.attributes AS city_object_attributes, ST_AsEWKB(city_object.convexhull) AS city_object_convexhull, ST_AsEWKB(city_object.globalconvexhull) AS city_object_globalconvexhull, city_object.metadata_id AS city_object_metadata_id 
	FROM city_object 
	WHERE ST_Intersects(ST_SetSRID(ST_MakePoint(4.450846, 51.906183, 0.0), 4979), city_object.globalconvexhull) AND (city_object.object ->> 'type') = 'Building'
2020-09-18 13:09:27.887 CEST [55274] LOG:  duration: 4.854 ms
2020-09-18 13:09:27.889 CEST [55274] LOG:  statement: ROLLBACK
2020-09-18 13:09:27.889 CEST [55274] LOG:  duration: 0.157 ms
2020-09-18 13:09:27.900 CEST [55274] LOG:  statement: BEGIN
2020-09-18 13:09:27.900 CEST [55274] LOG:  duration: 0.061 ms
2020-09-18 13:09:27.900 CEST [55274] LOG:  statement: SELECT city_object.id AS city_object_id, city_object.object AS city_object_object, city_object.attributes AS city_object_attributes, ST_AsEWKB(city_object.convexhull) AS city_object_convexhull, ST_AsEWKB(city_object.globalconvexhull) AS city_object_globalconvexhull, city_object.metadata_id AS city_object_metadata_id 
	FROM city_object 
	WHERE ST_Intersects(ST_SetSRID(ST_MakePoint(4.450846, 51.906183, 0.0), 4979), city_object.globalconvexhull) AND (city_object.object ->> 'type') = 'Building'
2020-09-18 13:09:27.905 CEST [55274] LOG:  duration: 4.644 ms
2020-09-18 13:09:27.907 CEST [55274] LOG:  statement: ROLLBACK
2020-09-18 13:09:27.908 CEST [55274] LOG:  duration: 0.185 ms
2020-09-18 13:09:27.915 CEST [55274] LOG:  statement: BEGIN
2020-09-18 13:09:27.916 CEST [55274] LOG:  duration: 0.121 ms
2020-09-18 13:09:27.916 CEST [55274] LOG:  statement: SELECT city_object.id AS city_object_id, city_object.object AS city_object_object, city_object.attributes AS city_object_attributes, ST_AsEWKB(city_object.convexhull) AS city_object_convexhull, ST_AsEWKB(city_object.globalconvexhull) AS city_object_globalconvexhull, city_object.metadata_id AS city_object_metadata_id 
	FROM city_object 
	WHERE ST_Intersects(ST_SetSRID(ST_MakePoint(4.450846, 51.906183, 0.0), 4979), city_object.globalconvexhull) AND (city_object.object ->> 'type') = 'Building'
2020-09-18 13:09:27.923 CEST [55274] LOG:  duration: 6.775 ms
2020-09-18 13:09:27.925 CEST [55274] LOG:  statement: ROLLBACK
2020-09-18 13:09:27.925 CEST [55274] LOG:  duration: 0.067 ms
2020-09-18 13:09:27.936 CEST [55274] LOG:  statement: BEGIN
2020-09-18 13:09:27.936 CEST [55274] LOG:  duration: 0.205 ms
2020-09-18 13:09:27.937 CEST [55274] LOG:  statement: SELECT city_object.id AS city_object_id, city_object.object AS city_object_object, city_object.attributes AS city_object_attributes, ST_AsEWKB(city_object.convexhull) AS city_object_convexhull, ST_AsEWKB(city_object.globalconvexhull) AS city_object_globalconvexhull, city_object.metadata_id AS city_object_metadata_id 
	FROM city_object 
	WHERE ST_Intersects(ST_SetSRID(ST_MakePoint(4.450846, 51.906183, 0.0), 4979), city_object.globalconvexhull) AND (city_object.object ->> 'type') = 'Building'
2020-09-18 13:09:27.944 CEST [55274] LOG:  duration: 7.764 ms
2020-09-18 13:09:27.946 CEST [55274] LOG:  statement: ROLLBACK
2020-09-18 13:09:27.946 CEST [55274] LOG:  duration: 0.127 ms
2020-09-18 13:09:27.953 CEST [55274] LOG:  statement: BEGIN
2020-09-18 13:09:27.953 CEST [55274] LOG:  duration: 0.043 ms
2020-09-18 13:09:27.954 CEST [55274] LOG:  statement: SELECT city_object.id AS city_object_id, city_object.object AS city_object_object, city_object.attributes AS city_object_attributes, ST_AsEWKB(city_object.convexhull) AS city_object_convexhull, ST_AsEWKB(city_object.globalconvexhull) AS city_object_globalconvexhull, city_object.metadata_id AS city_object_metadata_id 
	FROM city_object 
	WHERE ST_Intersects(ST_SetSRID(ST_MakePoint(4.450846, 51.906183, 0.0), 4979), city_object.globalconvexhull) AND (city_object.object ->> 'type') = 'Building'
2020-09-18 13:09:27.957 CEST [55274] LOG:  duration: 3.147 ms
2020-09-18 13:09:27.974 CEST [55274] LOG:  statement: ROLLBACK
2020-09-18 13:09:27.975 CEST [55274] LOG:  duration: 0.153 ms
2020-09-18 13:09:28.034 CEST [55274] LOG:  statement: BEGIN
2020-09-18 13:09:28.034 CEST [55274] LOG:  duration: 0.099 ms
2020-09-18 13:09:28.035 CEST [55274] LOG:  statement: SELECT city_object.id AS city_object_id, city_object.object AS city_object_object, city_object.attributes AS city_object_attributes, ST_AsEWKB(city_object.convexhull) AS city_object_convexhull, ST_AsEWKB(city_object.globalconvexhull) AS city_object_globalconvexhull, city_object.metadata_id AS city_object_metadata_id 
	FROM city_object 
	WHERE ST_Intersects(ST_SetSRID(ST_MakePoint(4.450846, 51.906183, 0.0), 4979), city_object.globalconvexhull) AND (city_object.object ->> 'type') = 'Building'
2020-09-18 13:09:28.042 CEST [55274] LOG:  duration: 7.168 ms
2020-09-18 13:09:28.044 CEST [55274] LOG:  statement: ROLLBACK
2020-09-18 13:09:28.044 CEST [55274] LOG:  duration: 0.060 ms
2020-09-18 13:09:28.058 CEST [55274] LOG:  statement: BEGIN
2020-09-18 13:09:28.059 CEST [55274] LOG:  duration: 0.281 ms
2020-09-18 13:09:28.059 CEST [55274] LOG:  statement: SELECT city_object.id AS city_object_id, city_object.object AS city_object_object, city_object.attributes AS city_object_attributes, ST_AsEWKB(city_object.convexhull) AS city_object_convexhull, ST_AsEWKB(city_object.globalconvexhull) AS city_object_globalconvexhull, city_object.metadata_id AS city_object_metadata_id 
	FROM city_object 
	WHERE ST_Intersects(ST_SetSRID(ST_MakePoint(4.450846, 51.906183, 0.0), 4979), city_object.globalconvexhull) AND (city_object.object ->> 'type') = 'Building'
2020-09-18 13:09:28.063 CEST [55274] LOG:  duration: 3.930 ms
2020-09-18 13:09:28.071 CEST [55274] LOG:  statement: ROLLBACK
2020-09-18 13:09:28.071 CEST [55274] LOG:  duration: 0.346 ms
2020-09-18 13:09:28.084 CEST [55274] LOG:  statement: BEGIN
2020-09-18 13:09:28.084 CEST [55274] LOG:  duration: 0.126 ms
2020-09-18 13:09:28.084 CEST [55274] LOG:  statement: SELECT city_object.id AS city_object_id, city_object.object AS city_object_object, city_object.attributes AS city_object_attributes, ST_AsEWKB(city_object.convexhull) AS city_object_convexhull, ST_AsEWKB(city_object.globalconvexhull) AS city_object_globalconvexhull, city_object.metadata_id AS city_object_metadata_id 
	FROM city_object 
	WHERE ST_Intersects(ST_SetSRID(ST_MakePoint(4.450846, 51.906183, 0.0), 4979), city_object.globalconvexhull) AND (city_object.object ->> 'type') = 'Building'
2020-09-18 13:09:28.088 CEST [55274] LOG:  duration: 4.519 ms
2020-09-18 13:09:28.091 CEST [55274] LOG:  statement: ROLLBACK
2020-09-18 13:09:28.091 CEST [55274] LOG:  duration: 0.172 ms
2020-09-18 13:09:28.104 CEST [55274] LOG:  statement: BEGIN
2020-09-18 13:09:28.104 CEST [55274] LOG:  duration: 0.123 ms
2020-09-18 13:09:28.104 CEST [55274] LOG:  statement: SELECT city_object.id AS city_object_id, city_object.object AS city_object_object, city_object.attributes AS city_object_attributes, ST_AsEWKB(city_object.convexhull) AS city_object_convexhull, ST_AsEWKB(city_object.globalconvexhull) AS city_object_globalconvexhull, city_object.metadata_id AS city_object_metadata_id 
	FROM city_object 
	WHERE ST_Intersects(ST_SetSRID(ST_MakePoint(4.450846, 51.906183, 0.0), 4979), city_object.globalconvexhull) AND (city_object.object ->> 'type') = 'Building'
2020-09-18 13:09:28.113 CEST [55274] LOG:  duration: 9.070 ms
2020-09-18 13:09:28.118 CEST [55274] LOG:  statement: ROLLBACK
2020-09-18 13:09:28.118 CEST [55274] LOG:  duration: 0.188 ms
2020-09-18 13:09:28.131 CEST [55274] LOG:  statement: BEGIN
2020-09-18 13:09:28.131 CEST [55274] LOG:  duration: 0.057 ms
2020-09-18 13:09:28.131 CEST [55274] LOG:  statement: SELECT city_object.id AS city_object_id, city_object.object AS city_object_object, city_object.attributes AS city_object_attributes, ST_AsEWKB(city_object.convexhull) AS city_object_convexhull, ST_AsEWKB(city_object.globalconvexhull) AS city_object_globalconvexhull, city_object.metadata_id AS city_object_metadata_id 
	FROM city_object 
	WHERE ST_Intersects(ST_SetSRID(ST_MakePoint(4.450846, 51.906183, 0.0), 4979), city_object.globalconvexhull) AND (city_object.object ->> 'type') = 'Building'
2020-09-18 13:09:28.142 CEST [55274] LOG:  duration: 10.797 ms
2020-09-18 13:09:28.146 CEST [55274] LOG:  statement: ROLLBACK
2020-09-18 13:09:28.146 CEST [55274] LOG:  duration: 0.091 ms
2020-09-18 13:09:28.159 CEST [55274] LOG:  statement: BEGIN
2020-09-18 13:09:28.159 CEST [55274] LOG:  duration: 0.052 ms
2020-09-18 13:09:28.160 CEST [55274] LOG:  statement: SELECT city_object.id AS city_object_id, city_object.object AS city_object_object, city_object.attributes AS city_object_attributes, ST_AsEWKB(city_object.convexhull) AS city_object_convexhull, ST_AsEWKB(city_object.globalconvexhull) AS city_object_globalconvexhull, city_object.metadata_id AS city_object_metadata_id 
	FROM city_object 
	WHERE ST_Intersects(ST_SetSRID(ST_MakePoint(4.450846, 51.906183, 0.0), 4979), city_object.globalconvexhull) AND (city_object.object ->> 'type') = 'Building'
2020-09-18 13:09:28.163 CEST [55274] LOG:  duration: 3.720 ms
2020-09-18 13:09:28.166 CEST [55274] LOG:  statement: ROLLBACK
2020-09-18 13:09:28.166 CEST [55274] LOG:  duration: 0.184 ms
2020-09-18 13:09:28.182 CEST [55274] LOG:  statement: BEGIN
2020-09-18 13:09:28.182 CEST [55274] LOG:  duration: 0.450 ms
2020-09-18 13:09:28.183 CEST [55274] LOG:  statement: SELECT city_object.id AS city_object_id, city_object.object AS city_object_object, city_object.attributes AS city_object_attributes, ST_AsEWKB(city_object.convexhull) AS city_object_convexhull, ST_AsEWKB(city_object.globalconvexhull) AS city_object_globalconvexhull, city_object.metadata_id AS city_object_metadata_id 
	FROM city_object 
	WHERE ST_Intersects(ST_SetSRID(ST_MakePoint(4.450846, 51.906183, 0.0), 4979), city_object.globalconvexhull) AND (city_object.object ->> 'type') = 'Building'
2020-09-18 13:09:28.187 CEST [55274] LOG:  duration: 4.242 ms
2020-09-18 13:09:28.190 CEST [55274] LOG:  statement: ROLLBACK
2020-09-18 13:09:28.191 CEST [55274] LOG:  duration: 0.135 ms
2020-09-18 13:09:28.208 CEST [55274] LOG:  statement: BEGIN
2020-09-18 13:09:28.210 CEST [55274] LOG:  duration: 2.282 ms
2020-09-18 13:09:28.211 CEST [55274] LOG:  statement: SELECT city_object.id AS city_object_id, city_object.object AS city_object_object, city_object.attributes AS city_object_attributes, ST_AsEWKB(city_object.convexhull) AS city_object_convexhull, ST_AsEWKB(city_object.globalconvexhull) AS city_object_globalconvexhull, city_object.metadata_id AS city_object_metadata_id 
	FROM city_object 
	WHERE ST_Intersects(ST_SetSRID(ST_MakePoint(4.450846, 51.906183, 0.0), 4979), city_object.globalconvexhull) AND (city_object.object ->> 'type') = 'Building'
2020-09-18 13:09:28.220 CEST [55274] LOG:  duration: 8.720 ms
2020-09-18 13:09:28.221 CEST [55274] LOG:  statement: ROLLBACK
2020-09-18 13:09:28.221 CEST [55274] LOG:  duration: 0.055 ms
2020-09-18 13:09:28.235 CEST [55274] LOG:  statement: BEGIN
2020-09-18 13:09:28.235 CEST [55274] LOG:  duration: 0.059 ms
2020-09-18 13:09:28.235 CEST [55274] LOG:  statement: SELECT city_object.id AS city_object_id, city_object.object AS city_object_object, city_object.attributes AS city_object_attributes, ST_AsEWKB(city_object.convexhull) AS city_object_convexhull, ST_AsEWKB(city_object.globalconvexhull) AS city_object_globalconvexhull, city_object.metadata_id AS city_object_metadata_id 
	FROM city_object 
	WHERE ST_Intersects(ST_SetSRID(ST_MakePoint(4.450846, 51.906183, 0.0), 4979), city_object.globalconvexhull) AND (city_object.object ->> 'type') = 'Building'
2020-09-18 13:09:28.240 CEST [55274] LOG:  duration: 5.029 ms
2020-09-18 13:09:28.245 CEST [55274] LOG:  statement: ROLLBACK
2020-09-18 13:09:28.245 CEST [55274] LOG:  duration: 0.073 ms
2020-09-18 13:09:47.221 CEST [55236] LOG:  received fast shutdown request
2020-09-18 13:09:47.221 CEST [55236] LOG:  aborting any active transactions
2020-09-18 13:09:47.221 CEST [55274] FATAL:  terminating connection due to administrator command
2020-09-18 13:09:47.223 CEST [55236] LOG:  background worker "logical replication launcher" (PID 55244) exited with exit code 1
2020-09-18 13:09:47.224 CEST [55239] LOG:  shutting down
2020-09-18 13:09:47.236 CEST [55236] LOG:  database system is shut down
