2020-09-18 00:00:24.046 CEST [52486] LOG:  statement: BEGIN
2020-09-18 00:00:24.046 CEST [52486] LOG:  duration: 0.160 ms
2020-09-18 00:00:24.046 CEST [52486] LOG:  statement: SELECT city_object.id AS city_object_id, city_object.object AS city_object_object, city_object.attributes AS city_object_attributes, ST_AsEWKB(city_object.convexhull) AS city_object_convexhull, ST_AsEWKB(city_object.globalconvexhull) AS city_object_globalconvexhull, city_object.metadata_id AS city_object_metadata_id 
	FROM city_object 
	WHERE ST_Intersects(ST_SetSRID(ST_MakePoint(4.450846, 51.906183, 0.0), 4979), city_object.globalconvexhull) AND (city_object.object ->> 'type') = 'Building'
2020-09-18 00:00:24.066 CEST [52486] LOG:  duration: 19.660 ms
2020-09-18 00:00:24.067 CEST [52486] LOG:  statement: ROLLBACK
2020-09-18 00:00:24.067 CEST [52486] LOG:  duration: 0.053 ms
2020-09-18 00:00:24.090 CEST [52486] LOG:  statement: BEGIN
2020-09-18 00:00:24.090 CEST [52486] LOG:  duration: 0.065 ms
2020-09-18 00:00:24.090 CEST [52486] LOG:  statement: SELECT city_object.id AS city_object_id, city_object.object AS city_object_object, city_object.attributes AS city_object_attributes, ST_AsEWKB(city_object.convexhull) AS city_object_convexhull, ST_AsEWKB(city_object.globalconvexhull) AS city_object_globalconvexhull, city_object.metadata_id AS city_object_metadata_id 
	FROM city_object 
	WHERE ST_Intersects(ST_SetSRID(ST_MakePoint(4.450846, 51.906183, 0.0), 4979), city_object.globalconvexhull) AND (city_object.object ->> 'type') = 'Building'
2020-09-18 00:00:24.091 CEST [52486] LOG:  duration: 0.418 ms
2020-09-18 00:00:24.092 CEST [52486] LOG:  statement: ROLLBACK
2020-09-18 00:00:24.093 CEST [52486] LOG:  duration: 0.081 ms
2020-09-18 00:00:24.104 CEST [52486] LOG:  statement: BEGIN
2020-09-18 00:00:24.104 CEST [52486] LOG:  duration: 0.050 ms
2020-09-18 00:00:24.104 CEST [52486] LOG:  statement: SELECT city_object.id AS city_object_id, city_object.object AS city_object_object, city_object.attributes AS city_object_attributes, ST_AsEWKB(city_object.convexhull) AS city_object_convexhull, ST_AsEWKB(city_object.globalconvexhull) AS city_object_globalconvexhull, city_object.metadata_id AS city_object_metadata_id 
	FROM city_object 
	WHERE ST_Intersects(ST_SetSRID(ST_MakePoint(4.450846, 51.906183, 0.0), 4979), city_object.globalconvexhull) AND (city_object.object ->> 'type') = 'Building'
2020-09-18 00:00:24.104 CEST [52486] LOG:  duration: 0.368 ms
2020-09-18 00:00:24.106 CEST [52486] LOG:  statement: ROLLBACK
2020-09-18 00:00:24.106 CEST [52486] LOG:  duration: 0.072 ms
2020-09-18 00:00:24.116 CEST [52486] LOG:  statement: BEGIN
2020-09-18 00:00:24.116 CEST [52486] LOG:  duration: 0.053 ms
2020-09-18 00:00:24.117 CEST [52486] LOG:  statement: SELECT city_object.id AS city_object_id, city_object.object AS city_object_object, city_object.attributes AS city_object_attributes, ST_AsEWKB(city_object.convexhull) AS city_object_convexhull, ST_AsEWKB(city_object.globalconvexhull) AS city_object_globalconvexhull, city_object.metadata_id AS city_object_metadata_id 
	FROM city_object 
	WHERE ST_Intersects(ST_SetSRID(ST_MakePoint(4.450846, 51.906183, 0.0), 4979), city_object.globalconvexhull) AND (city_object.object ->> 'type') = 'Building'
2020-09-18 00:00:24.118 CEST [52486] LOG:  duration: 0.358 ms
2020-09-18 00:00:24.120 CEST [52486] LOG:  statement: ROLLBACK
2020-09-18 00:00:24.121 CEST [52486] LOG:  duration: 0.217 ms
2020-09-18 00:00:24.138 CEST [52486] LOG:  statement: BEGIN
2020-09-18 00:00:24.138 CEST [52486] LOG:  duration: 0.259 ms
2020-09-18 00:00:24.139 CEST [52486] LOG:  statement: SELECT city_object.id AS city_object_id, city_object.object AS city_object_object, city_object.attributes AS city_object_attributes, ST_AsEWKB(city_object.convexhull) AS city_object_convexhull, ST_AsEWKB(city_object.globalconvexhull) AS city_object_globalconvexhull, city_object.metadata_id AS city_object_metadata_id 
	FROM city_object 
	WHERE ST_Intersects(ST_SetSRID(ST_MakePoint(4.450846, 51.906183, 0.0), 4979), city_object.globalconvexhull) AND (city_object.object ->> 'type') = 'Building'
2020-09-18 00:00:24.140 CEST [52486] LOG:  duration: 1.070 ms
2020-09-18 00:00:24.142 CEST [52486] LOG:  statement: ROLLBACK
2020-09-18 00:00:24.142 CEST [52486] LOG:  duration: 0.128 ms
2020-09-18 00:00:24.153 CEST [52486] LOG:  statement: BEGIN
2020-09-18 00:00:24.153 CEST [52486] LOG:  duration: 0.119 ms
2020-09-18 00:00:24.153 CEST [52486] LOG:  statement: SELECT city_object.id AS city_object_id, city_object.object AS city_object_object, city_object.attributes AS city_object_attributes, ST_AsEWKB(city_object.convexhull) AS city_object_convexhull, ST_AsEWKB(city_object.globalconvexhull) AS city_object_globalconvexhull, city_object.metadata_id AS city_object_metadata_id 
	FROM city_object 
	WHERE ST_Intersects(ST_SetSRID(ST_MakePoint(4.450846, 51.906183, 0.0), 4979), city_object.globalconvexhull) AND (city_object.object ->> 'type') = 'Building'
2020-09-18 00:00:24.153 CEST [52486] LOG:  duration: 0.407 ms
2020-09-18 00:00:24.155 CEST [52486] LOG:  statement: ROLLBACK
2020-09-18 00:00:24.155 CEST [52486] LOG:  duration: 0.093 ms
2020-09-18 00:00:24.169 CEST [52486] LOG:  statement: BEGIN
2020-09-18 00:00:24.169 CEST [52486] LOG:  duration: 0.045 ms
2020-09-18 00:00:24.169 CEST [52486] LOG:  statement: SELECT city_object.id AS city_object_id, city_object.object AS city_object_object, city_object.attributes AS city_object_attributes, ST_AsEWKB(city_object.convexhull) AS city_object_convexhull, ST_AsEWKB(city_object.globalconvexhull) AS city_object_globalconvexhull, city_object.metadata_id AS city_object_metadata_id 
	FROM city_object 
	WHERE ST_Intersects(ST_SetSRID(ST_MakePoint(4.450846, 51.906183, 0.0), 4979), city_object.globalconvexhull) AND (city_object.object ->> 'type') = 'Building'
2020-09-18 00:00:24.170 CEST [52486] LOG:  duration: 0.277 ms
2020-09-18 00:00:24.172 CEST [52486] LOG:  statement: ROLLBACK
2020-09-18 00:00:24.172 CEST [52486] LOG:  duration: 0.088 ms
2020-09-18 00:00:24.179 CEST [52486] LOG:  statement: BEGIN
2020-09-18 00:00:24.179 CEST [52486] LOG:  duration: 0.121 ms
2020-09-18 00:00:24.179 CEST [52486] LOG:  statement: SELECT city_object.id AS city_object_id, city_object.object AS city_object_object, city_object.attributes AS city_object_attributes, ST_AsEWKB(city_object.convexhull) AS city_object_convexhull, ST_AsEWKB(city_object.globalconvexhull) AS city_object_globalconvexhull, city_object.metadata_id AS city_object_metadata_id 
	FROM city_object 
	WHERE ST_Intersects(ST_SetSRID(ST_MakePoint(4.450846, 51.906183, 0.0), 4979), city_object.globalconvexhull) AND (city_object.object ->> 'type') = 'Building'
2020-09-18 00:00:24.179 CEST [52486] LOG:  duration: 0.507 ms
2020-09-18 00:00:24.180 CEST [52486] LOG:  statement: ROLLBACK
2020-09-18 00:00:24.181 CEST [52486] LOG:  duration: 0.054 ms
2020-09-18 00:00:24.196 CEST [52486] LOG:  statement: BEGIN
2020-09-18 00:00:24.196 CEST [52486] LOG:  duration: 0.147 ms
2020-09-18 00:00:24.197 CEST [52486] LOG:  statement: SELECT city_object.id AS city_object_id, city_object.object AS city_object_object, city_object.attributes AS city_object_attributes, ST_AsEWKB(city_object.convexhull) AS city_object_convexhull, ST_AsEWKB(city_object.globalconvexhull) AS city_object_globalconvexhull, city_object.metadata_id AS city_object_metadata_id 
	FROM city_object 
	WHERE ST_Intersects(ST_SetSRID(ST_MakePoint(4.450846, 51.906183, 0.0), 4979), city_object.globalconvexhull) AND (city_object.object ->> 'type') = 'Building'
2020-09-18 00:00:24.198 CEST [52486] LOG:  duration: 0.862 ms
2020-09-18 00:00:24.201 CEST [52486] LOG:  statement: ROLLBACK
2020-09-18 00:00:24.201 CEST [52486] LOG:  duration: 0.357 ms
2020-09-18 00:00:24.216 CEST [52486] LOG:  statement: BEGIN
2020-09-18 00:00:24.216 CEST [52486] LOG:  duration: 0.059 ms
2020-09-18 00:00:24.216 CEST [52486] LOG:  statement: SELECT city_object.id AS city_object_id, city_object.object AS city_object_object, city_object.attributes AS city_object_attributes, ST_AsEWKB(city_object.convexhull) AS city_object_convexhull, ST_AsEWKB(city_object.globalconvexhull) AS city_object_globalconvexhull, city_object.metadata_id AS city_object_metadata_id 
	FROM city_object 
	WHERE ST_Intersects(ST_SetSRID(ST_MakePoint(4.450846, 51.906183, 0.0), 4979), city_object.globalconvexhull) AND (city_object.object ->> 'type') = 'Building'
2020-09-18 00:00:24.217 CEST [52486] LOG:  duration: 0.380 ms
2020-09-18 00:00:24.222 CEST [52486] LOG:  statement: ROLLBACK
2020-09-18 00:00:24.222 CEST [52486] LOG:  duration: 0.079 ms
2020-09-18 00:00:24.242 CEST [52486] LOG:  statement: BEGIN
2020-09-18 00:00:24.242 CEST [52486] LOG:  duration: 0.442 ms
2020-09-18 00:00:24.243 CEST [52486] LOG:  statement: SELECT city_object.id AS city_object_id, city_object.object AS city_object_object, city_object.attributes AS city_object_attributes, ST_AsEWKB(city_object.convexhull) AS city_object_convexhull, ST_AsEWKB(city_object.globalconvexhull) AS city_object_globalconvexhull, city_object.metadata_id AS city_object_metadata_id 
	FROM city_object 
	WHERE ST_Intersects(ST_SetSRID(ST_MakePoint(4.450846, 51.906183, 0.0), 4979), city_object.globalconvexhull) AND (city_object.object ->> 'type') = 'Building'
2020-09-18 00:00:24.244 CEST [52486] LOG:  duration: 1.223 ms
2020-09-18 00:00:24.246 CEST [52486] LOG:  statement: ROLLBACK
2020-09-18 00:00:24.246 CEST [52486] LOG:  duration: 0.124 ms
2020-09-18 00:00:24.262 CEST [52486] LOG:  statement: BEGIN
2020-09-18 00:00:24.262 CEST [52486] LOG:  duration: 0.062 ms
2020-09-18 00:00:24.262 CEST [52486] LOG:  statement: SELECT city_object.id AS city_object_id, city_object.object AS city_object_object, city_object.attributes AS city_object_attributes, ST_AsEWKB(city_object.convexhull) AS city_object_convexhull, ST_AsEWKB(city_object.globalconvexhull) AS city_object_globalconvexhull, city_object.metadata_id AS city_object_metadata_id 
	FROM city_object 
	WHERE ST_Intersects(ST_SetSRID(ST_MakePoint(4.450846, 51.906183, 0.0), 4979), city_object.globalconvexhull) AND (city_object.object ->> 'type') = 'Building'
2020-09-18 00:00:24.263 CEST [52486] LOG:  duration: 0.481 ms
2020-09-18 00:00:24.265 CEST [52486] LOG:  statement: ROLLBACK
2020-09-18 00:00:24.265 CEST [52486] LOG:  duration: 0.073 ms
2020-09-18 00:00:24.282 CEST [52486] LOG:  statement: BEGIN
2020-09-18 00:00:24.282 CEST [52486] LOG:  duration: 0.060 ms
2020-09-18 00:00:24.283 CEST [52486] LOG:  statement: SELECT city_object.id AS city_object_id, city_object.object AS city_object_object, city_object.attributes AS city_object_attributes, ST_AsEWKB(city_object.convexhull) AS city_object_convexhull, ST_AsEWKB(city_object.globalconvexhull) AS city_object_globalconvexhull, city_object.metadata_id AS city_object_metadata_id 
	FROM city_object 
	WHERE ST_Intersects(ST_SetSRID(ST_MakePoint(4.450846, 51.906183, 0.0), 4979), city_object.globalconvexhull) AND (city_object.object ->> 'type') = 'Building'
2020-09-18 00:00:24.283 CEST [52486] LOG:  duration: 0.413 ms
2020-09-18 00:00:24.285 CEST [52486] LOG:  statement: ROLLBACK
2020-09-18 00:00:24.285 CEST [52486] LOG:  duration: 0.080 ms
2020-09-18 00:00:24.298 CEST [52486] LOG:  statement: BEGIN
2020-09-18 00:00:24.299 CEST [52486] LOG:  duration: 0.151 ms
2020-09-18 00:00:24.299 CEST [52486] LOG:  statement: SELECT city_object.id AS city_object_id, city_object.object AS city_object_object, city_object.attributes AS city_object_attributes, ST_AsEWKB(city_object.convexhull) AS city_object_convexhull, ST_AsEWKB(city_object.globalconvexhull) AS city_object_globalconvexhull, city_object.metadata_id AS city_object_metadata_id 
	FROM city_object 
	WHERE ST_Intersects(ST_SetSRID(ST_MakePoint(4.450846, 51.906183, 0.0), 4979), city_object.globalconvexhull) AND (city_object.object ->> 'type') = 'Building'
2020-09-18 00:00:24.300 CEST [52486] LOG:  duration: 0.936 ms
2020-09-18 00:00:24.303 CEST [52486] LOG:  statement: ROLLBACK
2020-09-18 00:00:24.303 CEST [52486] LOG:  duration: 0.211 ms
2020-09-18 00:00:24.319 CEST [52486] LOG:  statement: BEGIN
2020-09-18 00:00:24.319 CEST [52486] LOG:  duration: 0.154 ms
2020-09-18 00:00:24.319 CEST [52486] LOG:  statement: SELECT city_object.id AS city_object_id, city_object.object AS city_object_object, city_object.attributes AS city_object_attributes, ST_AsEWKB(city_object.convexhull) AS city_object_convexhull, ST_AsEWKB(city_object.globalconvexhull) AS city_object_globalconvexhull, city_object.metadata_id AS city_object_metadata_id 
	FROM city_object 
	WHERE ST_Intersects(ST_SetSRID(ST_MakePoint(4.450846, 51.906183, 0.0), 4979), city_object.globalconvexhull) AND (city_object.object ->> 'type') = 'Building'
2020-09-18 00:00:24.321 CEST [52486] LOG:  duration: 2.011 ms
2020-09-18 00:00:24.323 CEST [52486] LOG:  statement: ROLLBACK
2020-09-18 00:00:24.323 CEST [52486] LOG:  duration: 0.075 ms
2020-09-18 00:00:24.338 CEST [52486] LOG:  statement: BEGIN
2020-09-18 00:00:24.338 CEST [52486] LOG:  duration: 0.059 ms
2020-09-18 00:00:24.339 CEST [52486] LOG:  statement: SELECT city_object.id AS city_object_id, city_object.object AS city_object_object, city_object.attributes AS city_object_attributes, ST_AsEWKB(city_object.convexhull) AS city_object_convexhull, ST_AsEWKB(city_object.globalconvexhull) AS city_object_globalconvexhull, city_object.metadata_id AS city_object_metadata_id 
	FROM city_object 
	WHERE ST_Intersects(ST_SetSRID(ST_MakePoint(4.450846, 51.906183, 0.0), 4979), city_object.globalconvexhull) AND (city_object.object ->> 'type') = 'Building'
2020-09-18 00:00:24.339 CEST [52486] LOG:  duration: 0.385 ms
2020-09-18 00:00:24.341 CEST [52486] LOG:  statement: ROLLBACK
2020-09-18 00:00:24.341 CEST [52486] LOG:  duration: 0.071 ms
2020-09-18 00:00:24.365 CEST [52486] LOG:  statement: BEGIN
2020-09-18 00:00:24.365 CEST [52486] LOG:  duration: 0.376 ms
2020-09-18 00:00:24.365 CEST [52486] LOG:  statement: SELECT city_object.id AS city_object_id, city_object.object AS city_object_object, city_object.attributes AS city_object_attributes, ST_AsEWKB(city_object.convexhull) AS city_object_convexhull, ST_AsEWKB(city_object.globalconvexhull) AS city_object_globalconvexhull, city_object.metadata_id AS city_object_metadata_id 
	FROM city_object 
	WHERE ST_Intersects(ST_SetSRID(ST_MakePoint(4.450846, 51.906183, 0.0), 4979), city_object.globalconvexhull) AND (city_object.object ->> 'type') = 'Building'
2020-09-18 00:00:24.366 CEST [52486] LOG:  duration: 0.577 ms
2020-09-18 00:00:24.370 CEST [52486] LOG:  statement: ROLLBACK
2020-09-18 00:00:24.370 CEST [52486] LOG:  duration: 0.133 ms
2020-09-18 00:00:24.384 CEST [52486] LOG:  statement: BEGIN
2020-09-18 00:00:24.384 CEST [52486] LOG:  duration: 0.205 ms
2020-09-18 00:00:24.385 CEST [52486] LOG:  statement: SELECT city_object.id AS city_object_id, city_object.object AS city_object_object, city_object.attributes AS city_object_attributes, ST_AsEWKB(city_object.convexhull) AS city_object_convexhull, ST_AsEWKB(city_object.globalconvexhull) AS city_object_globalconvexhull, city_object.metadata_id AS city_object_metadata_id 
	FROM city_object 
	WHERE ST_Intersects(ST_SetSRID(ST_MakePoint(4.450846, 51.906183, 0.0), 4979), city_object.globalconvexhull) AND (city_object.object ->> 'type') = 'Building'
2020-09-18 00:00:24.386 CEST [52486] LOG:  duration: 1.498 ms
2020-09-18 00:00:24.387 CEST [52486] LOG:  statement: ROLLBACK
2020-09-18 00:00:24.387 CEST [52486] LOG:  duration: 0.111 ms
2020-09-18 00:00:24.399 CEST [52486] LOG:  statement: BEGIN
2020-09-18 00:00:24.399 CEST [52486] LOG:  duration: 0.089 ms
2020-09-18 00:00:24.399 CEST [52486] LOG:  statement: SELECT city_object.id AS city_object_id, city_object.object AS city_object_object, city_object.attributes AS city_object_attributes, ST_AsEWKB(city_object.convexhull) AS city_object_convexhull, ST_AsEWKB(city_object.globalconvexhull) AS city_object_globalconvexhull, city_object.metadata_id AS city_object_metadata_id 
	FROM city_object 
	WHERE ST_Intersects(ST_SetSRID(ST_MakePoint(4.450846, 51.906183, 0.0), 4979), city_object.globalconvexhull) AND (city_object.object ->> 'type') = 'Building'
2020-09-18 00:00:24.400 CEST [52486] LOG:  duration: 0.271 ms
2020-09-18 00:00:24.401 CEST [52486] LOG:  statement: ROLLBACK
2020-09-18 00:00:24.401 CEST [52486] LOG:  duration: 0.052 ms
2020-09-18 00:00:24.415 CEST [52486] LOG:  statement: BEGIN
2020-09-18 00:00:24.415 CEST [52486] LOG:  duration: 0.082 ms
2020-09-18 00:00:24.415 CEST [52486] LOG:  statement: SELECT city_object.id AS city_object_id, city_object.object AS city_object_object, city_object.attributes AS city_object_attributes, ST_AsEWKB(city_object.convexhull) AS city_object_convexhull, ST_AsEWKB(city_object.globalconvexhull) AS city_object_globalconvexhull, city_object.metadata_id AS city_object_metadata_id 
	FROM city_object 
	WHERE ST_Intersects(ST_SetSRID(ST_MakePoint(4.450846, 51.906183, 0.0), 4979), city_object.globalconvexhull) AND (city_object.object ->> 'type') = 'Building'
2020-09-18 00:00:24.416 CEST [52486] LOG:  duration: 0.387 ms
2020-09-18 00:00:24.418 CEST [52486] LOG:  statement: ROLLBACK
2020-09-18 00:00:24.419 CEST [52486] LOG:  duration: 0.205 ms
2020-09-18 00:00:24.428 CEST [52486] LOG:  statement: BEGIN
2020-09-18 00:00:24.428 CEST [52486] LOG:  duration: 0.091 ms
2020-09-18 00:00:24.428 CEST [52486] LOG:  statement: SELECT city_object.id AS city_object_id, city_object.object AS city_object_object, city_object.attributes AS city_object_attributes, ST_AsEWKB(city_object.convexhull) AS city_object_convexhull, ST_AsEWKB(city_object.globalconvexhull) AS city_object_globalconvexhull, city_object.metadata_id AS city_object_metadata_id 
	FROM city_object 
	WHERE ST_Intersects(ST_SetSRID(ST_MakePoint(4.450846, 51.906183, 0.0), 4979), city_object.globalconvexhull) AND (city_object.object ->> 'type') = 'Building'
2020-09-18 00:00:24.428 CEST [52486] LOG:  duration: 0.298 ms
2020-09-18 00:00:24.431 CEST [52486] LOG:  statement: ROLLBACK
2020-09-18 00:00:24.431 CEST [52486] LOG:  duration: 0.110 ms
2020-09-18 00:00:24.445 CEST [52486] LOG:  statement: BEGIN
2020-09-18 00:00:24.445 CEST [52486] LOG:  duration: 0.064 ms
2020-09-18 00:00:24.445 CEST [52486] LOG:  statement: SELECT city_object.id AS city_object_id, city_object.object AS city_object_object, city_object.attributes AS city_object_attributes, ST_AsEWKB(city_object.convexhull) AS city_object_convexhull, ST_AsEWKB(city_object.globalconvexhull) AS city_object_globalconvexhull, city_object.metadata_id AS city_object_metadata_id 
	FROM city_object 
	WHERE ST_Intersects(ST_SetSRID(ST_MakePoint(4.450846, 51.906183, 0.0), 4979), city_object.globalconvexhull) AND (city_object.object ->> 'type') = 'Building'
2020-09-18 00:00:24.446 CEST [52486] LOG:  duration: 0.396 ms
2020-09-18 00:00:24.447 CEST [52486] LOG:  statement: ROLLBACK
2020-09-18 00:00:24.447 CEST [52486] LOG:  duration: 0.265 ms
2020-09-18 00:00:24.465 CEST [52486] LOG:  statement: BEGIN
2020-09-18 00:00:24.465 CEST [52486] LOG:  duration: 0.059 ms
2020-09-18 00:00:24.465 CEST [52486] LOG:  statement: SELECT city_object.id AS city_object_id, city_object.object AS city_object_object, city_object.attributes AS city_object_attributes, ST_AsEWKB(city_object.convexhull) AS city_object_convexhull, ST_AsEWKB(city_object.globalconvexhull) AS city_object_globalconvexhull, city_object.metadata_id AS city_object_metadata_id 
	FROM city_object 
	WHERE ST_Intersects(ST_SetSRID(ST_MakePoint(4.450846, 51.906183, 0.0), 4979), city_object.globalconvexhull) AND (city_object.object ->> 'type') = 'Building'
2020-09-18 00:00:24.466 CEST [52486] LOG:  duration: 0.460 ms
2020-09-18 00:00:24.468 CEST [52486] LOG:  statement: ROLLBACK
2020-09-18 00:00:24.469 CEST [52486] LOG:  duration: 0.253 ms
2020-09-18 00:00:24.484 CEST [52486] LOG:  statement: BEGIN
2020-09-18 00:00:24.484 CEST [52486] LOG:  duration: 0.138 ms
2020-09-18 00:00:24.484 CEST [52486] LOG:  statement: SELECT city_object.id AS city_object_id, city_object.object AS city_object_object, city_object.attributes AS city_object_attributes, ST_AsEWKB(city_object.convexhull) AS city_object_convexhull, ST_AsEWKB(city_object.globalconvexhull) AS city_object_globalconvexhull, city_object.metadata_id AS city_object_metadata_id 
	FROM city_object 
	WHERE ST_Intersects(ST_SetSRID(ST_MakePoint(4.450846, 51.906183, 0.0), 4979), city_object.globalconvexhull) AND (city_object.object ->> 'type') = 'Building'
2020-09-18 00:00:24.485 CEST [52486] LOG:  duration: 0.361 ms
2020-09-18 00:00:24.487 CEST [52486] LOG:  statement: ROLLBACK
2020-09-18 00:00:24.487 CEST [52486] LOG:  duration: 0.151 ms
2020-09-18 00:00:24.500 CEST [52486] LOG:  statement: BEGIN
2020-09-18 00:00:24.500 CEST [52486] LOG:  duration: 0.060 ms
2020-09-18 00:00:24.500 CEST [52486] LOG:  statement: SELECT city_object.id AS city_object_id, city_object.object AS city_object_object, city_object.attributes AS city_object_attributes, ST_AsEWKB(city_object.convexhull) AS city_object_convexhull, ST_AsEWKB(city_object.globalconvexhull) AS city_object_globalconvexhull, city_object.metadata_id AS city_object_metadata_id 
	FROM city_object 
	WHERE ST_Intersects(ST_SetSRID(ST_MakePoint(4.450846, 51.906183, 0.0), 4979), city_object.globalconvexhull) AND (city_object.object ->> 'type') = 'Building'
2020-09-18 00:00:24.501 CEST [52486] LOG:  duration: 0.385 ms
2020-09-18 00:00:24.502 CEST [52486] LOG:  statement: ROLLBACK
2020-09-18 00:00:24.502 CEST [52486] LOG:  duration: 0.081 ms
2020-09-18 00:00:24.517 CEST [52486] LOG:  statement: BEGIN
2020-09-18 00:00:24.517 CEST [52486] LOG:  duration: 0.368 ms
2020-09-18 00:00:24.518 CEST [52486] LOG:  statement: SELECT city_object.id AS city_object_id, city_object.object AS city_object_object, city_object.attributes AS city_object_attributes, ST_AsEWKB(city_object.convexhull) AS city_object_convexhull, ST_AsEWKB(city_object.globalconvexhull) AS city_object_globalconvexhull, city_object.metadata_id AS city_object_metadata_id 
	FROM city_object 
	WHERE ST_Intersects(ST_SetSRID(ST_MakePoint(4.450846, 51.906183, 0.0), 4979), city_object.globalconvexhull) AND (city_object.object ->> 'type') = 'Building'
2020-09-18 00:00:24.518 CEST [52486] LOG:  duration: 0.587 ms
2020-09-18 00:00:24.523 CEST [52486] LOG:  statement: ROLLBACK
2020-09-18 00:00:24.523 CEST [52486] LOG:  duration: 0.126 ms
2020-09-18 00:00:24.534 CEST [52486] LOG:  statement: BEGIN
2020-09-18 00:00:24.534 CEST [52486] LOG:  duration: 0.172 ms
2020-09-18 00:00:24.535 CEST [52486] LOG:  statement: SELECT city_object.id AS city_object_id, city_object.object AS city_object_object, city_object.attributes AS city_object_attributes, ST_AsEWKB(city_object.convexhull) AS city_object_convexhull, ST_AsEWKB(city_object.globalconvexhull) AS city_object_globalconvexhull, city_object.metadata_id AS city_object_metadata_id 
	FROM city_object 
	WHERE ST_Intersects(ST_SetSRID(ST_MakePoint(4.450846, 51.906183, 0.0), 4979), city_object.globalconvexhull) AND (city_object.object ->> 'type') = 'Building'
2020-09-18 00:00:24.535 CEST [52486] LOG:  duration: 0.418 ms
2020-09-18 00:00:24.538 CEST [52486] LOG:  statement: ROLLBACK
2020-09-18 00:00:24.538 CEST [52486] LOG:  duration: 0.084 ms
2020-09-18 00:00:24.548 CEST [52486] LOG:  statement: BEGIN
2020-09-18 00:00:24.548 CEST [52486] LOG:  duration: 0.126 ms
2020-09-18 00:00:24.549 CEST [52486] LOG:  statement: SELECT city_object.id AS city_object_id, city_object.object AS city_object_object, city_object.attributes AS city_object_attributes, ST_AsEWKB(city_object.convexhull) AS city_object_convexhull, ST_AsEWKB(city_object.globalconvexhull) AS city_object_globalconvexhull, city_object.metadata_id AS city_object_metadata_id 
	FROM city_object 
	WHERE ST_Intersects(ST_SetSRID(ST_MakePoint(4.450846, 51.906183, 0.0), 4979), city_object.globalconvexhull) AND (city_object.object ->> 'type') = 'Building'
2020-09-18 00:00:24.549 CEST [52486] LOG:  duration: 0.657 ms
2020-09-18 00:00:24.551 CEST [52486] LOG:  statement: ROLLBACK
2020-09-18 00:00:24.552 CEST [52486] LOG:  duration: 0.381 ms
2020-09-18 00:00:24.563 CEST [52486] LOG:  statement: BEGIN
2020-09-18 00:00:24.563 CEST [52486] LOG:  duration: 0.057 ms
2020-09-18 00:00:24.563 CEST [52486] LOG:  statement: SELECT city_object.id AS city_object_id, city_object.object AS city_object_object, city_object.attributes AS city_object_attributes, ST_AsEWKB(city_object.convexhull) AS city_object_convexhull, ST_AsEWKB(city_object.globalconvexhull) AS city_object_globalconvexhull, city_object.metadata_id AS city_object_metadata_id 
	FROM city_object 
	WHERE ST_Intersects(ST_SetSRID(ST_MakePoint(4.450846, 51.906183, 0.0), 4979), city_object.globalconvexhull) AND (city_object.object ->> 'type') = 'Building'
2020-09-18 00:00:24.564 CEST [52486] LOG:  duration: 0.586 ms
2020-09-18 00:00:24.565 CEST [52486] LOG:  statement: ROLLBACK
2020-09-18 00:00:24.566 CEST [52486] LOG:  duration: 0.174 ms
2020-09-18 00:00:24.577 CEST [52486] LOG:  statement: BEGIN
2020-09-18 00:00:24.577 CEST [52486] LOG:  duration: 0.055 ms
2020-09-18 00:00:24.577 CEST [52486] LOG:  statement: SELECT city_object.id AS city_object_id, city_object.object AS city_object_object, city_object.attributes AS city_object_attributes, ST_AsEWKB(city_object.convexhull) AS city_object_convexhull, ST_AsEWKB(city_object.globalconvexhull) AS city_object_globalconvexhull, city_object.metadata_id AS city_object_metadata_id 
	FROM city_object 
	WHERE ST_Intersects(ST_SetSRID(ST_MakePoint(4.450846, 51.906183, 0.0), 4979), city_object.globalconvexhull) AND (city_object.object ->> 'type') = 'Building'
2020-09-18 00:00:24.578 CEST [52486] LOG:  duration: 0.581 ms
2020-09-18 00:00:24.580 CEST [52486] LOG:  statement: ROLLBACK
2020-09-18 00:00:24.580 CEST [52486] LOG:  duration: 0.146 ms
2020-09-18 00:00:24.593 CEST [52486] LOG:  statement: BEGIN
2020-09-18 00:00:24.593 CEST [52486] LOG:  duration: 0.055 ms
2020-09-18 00:00:24.593 CEST [52486] LOG:  statement: SELECT city_object.id AS city_object_id, city_object.object AS city_object_object, city_object.attributes AS city_object_attributes, ST_AsEWKB(city_object.convexhull) AS city_object_convexhull, ST_AsEWKB(city_object.globalconvexhull) AS city_object_globalconvexhull, city_object.metadata_id AS city_object_metadata_id 
	FROM city_object 
	WHERE ST_Intersects(ST_SetSRID(ST_MakePoint(4.450846, 51.906183, 0.0), 4979), city_object.globalconvexhull) AND (city_object.object ->> 'type') = 'Building'
2020-09-18 00:00:24.594 CEST [52486] LOG:  duration: 0.385 ms
2020-09-18 00:00:24.595 CEST [52486] LOG:  statement: ROLLBACK
2020-09-18 00:00:24.595 CEST [52486] LOG:  duration: 0.071 ms
2020-09-18 00:00:24.606 CEST [52486] LOG:  statement: BEGIN
2020-09-18 00:00:24.606 CEST [52486] LOG:  duration: 0.090 ms
2020-09-18 00:00:24.606 CEST [52486] LOG:  statement: SELECT city_object.id AS city_object_id, city_object.object AS city_object_object, city_object.attributes AS city_object_attributes, ST_AsEWKB(city_object.convexhull) AS city_object_convexhull, ST_AsEWKB(city_object.globalconvexhull) AS city_object_globalconvexhull, city_object.metadata_id AS city_object_metadata_id 
	FROM city_object 
	WHERE ST_Intersects(ST_SetSRID(ST_MakePoint(4.450846, 51.906183, 0.0), 4979), city_object.globalconvexhull) AND (city_object.object ->> 'type') = 'Building'
2020-09-18 00:00:24.606 CEST [52486] LOG:  duration: 0.353 ms
2020-09-18 00:00:24.610 CEST [52486] LOG:  statement: ROLLBACK
2020-09-18 00:00:24.610 CEST [52486] LOG:  duration: 0.072 ms
2020-09-18 00:00:24.624 CEST [52486] LOG:  statement: BEGIN
2020-09-18 00:00:24.624 CEST [52486] LOG:  duration: 0.146 ms
2020-09-18 00:00:24.624 CEST [52486] LOG:  statement: SELECT city_object.id AS city_object_id, city_object.object AS city_object_object, city_object.attributes AS city_object_attributes, ST_AsEWKB(city_object.convexhull) AS city_object_convexhull, ST_AsEWKB(city_object.globalconvexhull) AS city_object_globalconvexhull, city_object.metadata_id AS city_object_metadata_id 
	FROM city_object 
	WHERE ST_Intersects(ST_SetSRID(ST_MakePoint(4.450846, 51.906183, 0.0), 4979), city_object.globalconvexhull) AND (city_object.object ->> 'type') = 'Building'
2020-09-18 00:00:24.625 CEST [52486] LOG:  duration: 0.512 ms
2020-09-18 00:00:24.626 CEST [52486] LOG:  statement: ROLLBACK
2020-09-18 00:00:24.626 CEST [52486] LOG:  duration: 0.073 ms
2020-09-18 00:00:24.643 CEST [52486] LOG:  statement: BEGIN
2020-09-18 00:00:24.643 CEST [52486] LOG:  duration: 0.062 ms
2020-09-18 00:00:24.643 CEST [52486] LOG:  statement: SELECT city_object.id AS city_object_id, city_object.object AS city_object_object, city_object.attributes AS city_object_attributes, ST_AsEWKB(city_object.convexhull) AS city_object_convexhull, ST_AsEWKB(city_object.globalconvexhull) AS city_object_globalconvexhull, city_object.metadata_id AS city_object_metadata_id 
	FROM city_object 
	WHERE ST_Intersects(ST_SetSRID(ST_MakePoint(4.450846, 51.906183, 0.0), 4979), city_object.globalconvexhull) AND (city_object.object ->> 'type') = 'Building'
2020-09-18 00:00:24.644 CEST [52486] LOG:  duration: 0.409 ms
2020-09-18 00:00:24.646 CEST [52486] LOG:  statement: ROLLBACK
2020-09-18 00:00:24.646 CEST [52486] LOG:  duration: 0.244 ms
2020-09-18 00:00:24.662 CEST [52486] LOG:  statement: BEGIN
2020-09-18 00:00:24.662 CEST [52486] LOG:  duration: 0.121 ms
2020-09-18 00:00:24.662 CEST [52486] LOG:  statement: SELECT city_object.id AS city_object_id, city_object.object AS city_object_object, city_object.attributes AS city_object_attributes, ST_AsEWKB(city_object.convexhull) AS city_object_convexhull, ST_AsEWKB(city_object.globalconvexhull) AS city_object_globalconvexhull, city_object.metadata_id AS city_object_metadata_id 
	FROM city_object 
	WHERE ST_Intersects(ST_SetSRID(ST_MakePoint(4.450846, 51.906183, 0.0), 4979), city_object.globalconvexhull) AND (city_object.object ->> 'type') = 'Building'
2020-09-18 00:00:24.663 CEST [52486] LOG:  duration: 0.400 ms
2020-09-18 00:00:24.665 CEST [52486] LOG:  statement: ROLLBACK
2020-09-18 00:00:24.665 CEST [52486] LOG:  duration: 0.069 ms
2020-09-18 00:00:24.679 CEST [52486] LOG:  statement: BEGIN
2020-09-18 00:00:24.679 CEST [52486] LOG:  duration: 0.085 ms
2020-09-18 00:00:24.679 CEST [52486] LOG:  statement: SELECT city_object.id AS city_object_id, city_object.object AS city_object_object, city_object.attributes AS city_object_attributes, ST_AsEWKB(city_object.convexhull) AS city_object_convexhull, ST_AsEWKB(city_object.globalconvexhull) AS city_object_globalconvexhull, city_object.metadata_id AS city_object_metadata_id 
	FROM city_object 
	WHERE ST_Intersects(ST_SetSRID(ST_MakePoint(4.450846, 51.906183, 0.0), 4979), city_object.globalconvexhull) AND (city_object.object ->> 'type') = 'Building'
2020-09-18 00:00:24.679 CEST [52486] LOG:  duration: 0.360 ms
2020-09-18 00:00:24.681 CEST [52486] LOG:  statement: ROLLBACK
2020-09-18 00:00:24.681 CEST [52486] LOG:  duration: 0.067 ms
2020-09-18 00:00:24.770 CEST [52486] LOG:  statement: BEGIN
2020-09-18 00:00:24.770 CEST [52486] LOG:  duration: 0.056 ms
2020-09-18 00:00:24.771 CEST [52486] LOG:  statement: SELECT city_object.id AS city_object_id, city_object.object AS city_object_object, city_object.attributes AS city_object_attributes, ST_AsEWKB(city_object.convexhull) AS city_object_convexhull, ST_AsEWKB(city_object.globalconvexhull) AS city_object_globalconvexhull, city_object.metadata_id AS city_object_metadata_id 
	FROM city_object 
	WHERE ST_Intersects(ST_SetSRID(ST_MakePoint(4.450846, 51.906183, 0.0), 4979), city_object.globalconvexhull) AND (city_object.object ->> 'type') = 'Building'
2020-09-18 00:00:24.771 CEST [52486] LOG:  duration: 0.620 ms
2020-09-18 00:00:24.774 CEST [52486] LOG:  statement: ROLLBACK
2020-09-18 00:00:24.774 CEST [52486] LOG:  duration: 0.166 ms
2020-09-18 00:00:24.784 CEST [52486] LOG:  statement: BEGIN
2020-09-18 00:00:24.784 CEST [52486] LOG:  duration: 0.124 ms
2020-09-18 00:00:24.785 CEST [52486] LOG:  statement: SELECT city_object.id AS city_object_id, city_object.object AS city_object_object, city_object.attributes AS city_object_attributes, ST_AsEWKB(city_object.convexhull) AS city_object_convexhull, ST_AsEWKB(city_object.globalconvexhull) AS city_object_globalconvexhull, city_object.metadata_id AS city_object_metadata_id 
	FROM city_object 
	WHERE ST_Intersects(ST_SetSRID(ST_MakePoint(4.450846, 51.906183, 0.0), 4979), city_object.globalconvexhull) AND (city_object.object ->> 'type') = 'Building'
2020-09-18 00:00:24.785 CEST [52486] LOG:  duration: 0.504 ms
2020-09-18 00:00:24.787 CEST [52486] LOG:  statement: ROLLBACK
2020-09-18 00:00:24.787 CEST [52486] LOG:  duration: 0.076 ms
2020-09-18 00:00:24.800 CEST [52486] LOG:  statement: BEGIN
2020-09-18 00:00:24.800 CEST [52486] LOG:  duration: 0.064 ms
2020-09-18 00:00:24.801 CEST [52486] LOG:  statement: SELECT city_object.id AS city_object_id, city_object.object AS city_object_object, city_object.attributes AS city_object_attributes, ST_AsEWKB(city_object.convexhull) AS city_object_convexhull, ST_AsEWKB(city_object.globalconvexhull) AS city_object_globalconvexhull, city_object.metadata_id AS city_object_metadata_id 
	FROM city_object 
	WHERE ST_Intersects(ST_SetSRID(ST_MakePoint(4.450846, 51.906183, 0.0), 4979), city_object.globalconvexhull) AND (city_object.object ->> 'type') = 'Building'
2020-09-18 00:00:24.802 CEST [52486] LOG:  duration: 1.007 ms
2020-09-18 00:00:24.805 CEST [52486] LOG:  statement: ROLLBACK
2020-09-18 00:00:24.805 CEST [52486] LOG:  duration: 0.098 ms
2020-09-18 00:00:24.819 CEST [52486] LOG:  statement: BEGIN
2020-09-18 00:00:24.819 CEST [52486] LOG:  duration: 0.053 ms
2020-09-18 00:00:24.819 CEST [52486] LOG:  statement: SELECT city_object.id AS city_object_id, city_object.object AS city_object_object, city_object.attributes AS city_object_attributes, ST_AsEWKB(city_object.convexhull) AS city_object_convexhull, ST_AsEWKB(city_object.globalconvexhull) AS city_object_globalconvexhull, city_object.metadata_id AS city_object_metadata_id 
	FROM city_object 
	WHERE ST_Intersects(ST_SetSRID(ST_MakePoint(4.450846, 51.906183, 0.0), 4979), city_object.globalconvexhull) AND (city_object.object ->> 'type') = 'Building'
2020-09-18 00:00:24.819 CEST [52486] LOG:  duration: 0.480 ms
2020-09-18 00:00:24.821 CEST [52486] LOG:  statement: ROLLBACK
2020-09-18 00:00:24.821 CEST [52486] LOG:  duration: 0.239 ms
2020-09-18 00:00:24.835 CEST [52486] LOG:  statement: BEGIN
2020-09-18 00:00:24.836 CEST [52486] LOG:  duration: 0.154 ms
2020-09-18 00:00:24.837 CEST [52486] LOG:  statement: SELECT city_object.id AS city_object_id, city_object.object AS city_object_object, city_object.attributes AS city_object_attributes, ST_AsEWKB(city_object.convexhull) AS city_object_convexhull, ST_AsEWKB(city_object.globalconvexhull) AS city_object_globalconvexhull, city_object.metadata_id AS city_object_metadata_id 
	FROM city_object 
	WHERE ST_Intersects(ST_SetSRID(ST_MakePoint(4.450846, 51.906183, 0.0), 4979), city_object.globalconvexhull) AND (city_object.object ->> 'type') = 'Building'
2020-09-18 00:00:24.837 CEST [52486] LOG:  duration: 0.518 ms
2020-09-18 00:00:24.841 CEST [52486] LOG:  statement: ROLLBACK
2020-09-18 00:00:24.841 CEST [52486] LOG:  duration: 0.484 ms
2020-09-18 00:00:24.861 CEST [52486] LOG:  statement: BEGIN
2020-09-18 00:00:24.861 CEST [52486] LOG:  duration: 0.115 ms
2020-09-18 00:00:24.862 CEST [52486] LOG:  statement: SELECT city_object.id AS city_object_id, city_object.object AS city_object_object, city_object.attributes AS city_object_attributes, ST_AsEWKB(city_object.convexhull) AS city_object_convexhull, ST_AsEWKB(city_object.globalconvexhull) AS city_object_globalconvexhull, city_object.metadata_id AS city_object_metadata_id 
	FROM city_object 
	WHERE ST_Intersects(ST_SetSRID(ST_MakePoint(4.450846, 51.906183, 0.0), 4979), city_object.globalconvexhull) AND (city_object.object ->> 'type') = 'Building'
2020-09-18 00:00:24.863 CEST [52486] LOG:  duration: 1.230 ms
2020-09-18 00:00:24.864 CEST [52486] LOG:  statement: ROLLBACK
2020-09-18 00:00:24.865 CEST [52486] LOG:  duration: 0.137 ms
2020-09-18 00:00:24.878 CEST [52486] LOG:  statement: BEGIN
2020-09-18 00:00:24.878 CEST [52486] LOG:  duration: 0.104 ms
2020-09-18 00:00:24.878 CEST [52486] LOG:  statement: SELECT city_object.id AS city_object_id, city_object.object AS city_object_object, city_object.attributes AS city_object_attributes, ST_AsEWKB(city_object.convexhull) AS city_object_convexhull, ST_AsEWKB(city_object.globalconvexhull) AS city_object_globalconvexhull, city_object.metadata_id AS city_object_metadata_id 
	FROM city_object 
	WHERE ST_Intersects(ST_SetSRID(ST_MakePoint(4.450846, 51.906183, 0.0), 4979), city_object.globalconvexhull) AND (city_object.object ->> 'type') = 'Building'
2020-09-18 00:00:24.879 CEST [52486] LOG:  duration: 0.453 ms
2020-09-18 00:00:24.882 CEST [52486] LOG:  statement: ROLLBACK
2020-09-18 00:00:24.882 CEST [52486] LOG:  duration: 0.188 ms
2020-09-18 00:00:24.896 CEST [52486] LOG:  statement: BEGIN
2020-09-18 00:00:24.896 CEST [52486] LOG:  duration: 0.197 ms
2020-09-18 00:00:24.896 CEST [52486] LOG:  statement: SELECT city_object.id AS city_object_id, city_object.object AS city_object_object, city_object.attributes AS city_object_attributes, ST_AsEWKB(city_object.convexhull) AS city_object_convexhull, ST_AsEWKB(city_object.globalconvexhull) AS city_object_globalconvexhull, city_object.metadata_id AS city_object_metadata_id 
	FROM city_object 
	WHERE ST_Intersects(ST_SetSRID(ST_MakePoint(4.450846, 51.906183, 0.0), 4979), city_object.globalconvexhull) AND (city_object.object ->> 'type') = 'Building'
2020-09-18 00:00:24.897 CEST [52486] LOG:  duration: 0.658 ms
2020-09-18 00:00:24.899 CEST [52486] LOG:  statement: ROLLBACK
2020-09-18 00:00:24.899 CEST [52486] LOG:  duration: 0.078 ms
2020-09-18 00:00:24.915 CEST [52486] LOG:  statement: BEGIN
2020-09-18 00:00:24.915 CEST [52486] LOG:  duration: 0.578 ms
2020-09-18 00:00:24.916 CEST [52486] LOG:  statement: SELECT city_object.id AS city_object_id, city_object.object AS city_object_object, city_object.attributes AS city_object_attributes, ST_AsEWKB(city_object.convexhull) AS city_object_convexhull, ST_AsEWKB(city_object.globalconvexhull) AS city_object_globalconvexhull, city_object.metadata_id AS city_object_metadata_id 
	FROM city_object 
	WHERE ST_Intersects(ST_SetSRID(ST_MakePoint(4.450846, 51.906183, 0.0), 4979), city_object.globalconvexhull) AND (city_object.object ->> 'type') = 'Building'
2020-09-18 00:00:24.917 CEST [52486] LOG:  duration: 0.416 ms
2020-09-18 00:00:24.919 CEST [52486] LOG:  statement: ROLLBACK
2020-09-18 00:00:24.920 CEST [52486] LOG:  duration: 0.317 ms
2020-09-18 00:00:24.929 CEST [52486] LOG:  statement: BEGIN
2020-09-18 00:00:24.929 CEST [52486] LOG:  duration: 0.104 ms
2020-09-18 00:00:24.930 CEST [52486] LOG:  statement: SELECT city_object.id AS city_object_id, city_object.object AS city_object_object, city_object.attributes AS city_object_attributes, ST_AsEWKB(city_object.convexhull) AS city_object_convexhull, ST_AsEWKB(city_object.globalconvexhull) AS city_object_globalconvexhull, city_object.metadata_id AS city_object_metadata_id 
	FROM city_object 
	WHERE ST_Intersects(ST_SetSRID(ST_MakePoint(4.450846, 51.906183, 0.0), 4979), city_object.globalconvexhull) AND (city_object.object ->> 'type') = 'Building'
2020-09-18 00:00:24.930 CEST [52486] LOG:  duration: 0.441 ms
2020-09-18 00:00:24.931 CEST [52486] LOG:  statement: ROLLBACK
2020-09-18 00:00:24.931 CEST [52486] LOG:  duration: 0.118 ms
2020-09-18 00:00:24.941 CEST [52486] LOG:  statement: BEGIN
2020-09-18 00:00:24.941 CEST [52486] LOG:  duration: 0.059 ms
2020-09-18 00:00:24.941 CEST [52486] LOG:  statement: SELECT city_object.id AS city_object_id, city_object.object AS city_object_object, city_object.attributes AS city_object_attributes, ST_AsEWKB(city_object.convexhull) AS city_object_convexhull, ST_AsEWKB(city_object.globalconvexhull) AS city_object_globalconvexhull, city_object.metadata_id AS city_object_metadata_id 
	FROM city_object 
	WHERE ST_Intersects(ST_SetSRID(ST_MakePoint(4.450846, 51.906183, 0.0), 4979), city_object.globalconvexhull) AND (city_object.object ->> 'type') = 'Building'
2020-09-18 00:00:24.942 CEST [52486] LOG:  duration: 0.345 ms
2020-09-18 00:00:24.943 CEST [52486] LOG:  statement: ROLLBACK
2020-09-18 00:00:24.943 CEST [52486] LOG:  duration: 0.126 ms
2020-09-18 00:00:24.954 CEST [52486] LOG:  statement: BEGIN
2020-09-18 00:00:24.954 CEST [52486] LOG:  duration: 0.055 ms
2020-09-18 00:00:24.955 CEST [52486] LOG:  statement: SELECT city_object.id AS city_object_id, city_object.object AS city_object_object, city_object.attributes AS city_object_attributes, ST_AsEWKB(city_object.convexhull) AS city_object_convexhull, ST_AsEWKB(city_object.globalconvexhull) AS city_object_globalconvexhull, city_object.metadata_id AS city_object_metadata_id 
	FROM city_object 
	WHERE ST_Intersects(ST_SetSRID(ST_MakePoint(4.450846, 51.906183, 0.0), 4979), city_object.globalconvexhull) AND (city_object.object ->> 'type') = 'Building'
2020-09-18 00:00:24.955 CEST [52486] LOG:  duration: 0.686 ms
2020-09-18 00:00:24.959 CEST [52486] LOG:  statement: ROLLBACK
2020-09-18 00:00:24.959 CEST [52486] LOG:  duration: 0.085 ms
2020-09-18 00:00:24.970 CEST [52486] LOG:  statement: BEGIN
2020-09-18 00:00:24.970 CEST [52486] LOG:  duration: 0.059 ms
2020-09-18 00:00:24.970 CEST [52486] LOG:  statement: SELECT city_object.id AS city_object_id, city_object.object AS city_object_object, city_object.attributes AS city_object_attributes, ST_AsEWKB(city_object.convexhull) AS city_object_convexhull, ST_AsEWKB(city_object.globalconvexhull) AS city_object_globalconvexhull, city_object.metadata_id AS city_object_metadata_id 
	FROM city_object 
	WHERE ST_Intersects(ST_SetSRID(ST_MakePoint(4.450846, 51.906183, 0.0), 4979), city_object.globalconvexhull) AND (city_object.object ->> 'type') = 'Building'
2020-09-18 00:00:24.970 CEST [52486] LOG:  duration: 0.307 ms
2020-09-18 00:00:24.972 CEST [52486] LOG:  statement: ROLLBACK
2020-09-18 00:00:24.972 CEST [52486] LOG:  duration: 0.075 ms
2020-09-18 00:00:24.981 CEST [52486] LOG:  statement: BEGIN
2020-09-18 00:00:24.981 CEST [52486] LOG:  duration: 0.093 ms
2020-09-18 00:00:24.982 CEST [52486] LOG:  statement: SELECT city_object.id AS city_object_id, city_object.object AS city_object_object, city_object.attributes AS city_object_attributes, ST_AsEWKB(city_object.convexhull) AS city_object_convexhull, ST_AsEWKB(city_object.globalconvexhull) AS city_object_globalconvexhull, city_object.metadata_id AS city_object_metadata_id 
	FROM city_object 
	WHERE ST_Intersects(ST_SetSRID(ST_MakePoint(4.450846, 51.906183, 0.0), 4979), city_object.globalconvexhull) AND (city_object.object ->> 'type') = 'Building'
2020-09-18 00:00:24.982 CEST [52486] LOG:  duration: 0.305 ms
2020-09-18 00:00:24.988 CEST [52486] LOG:  statement: ROLLBACK
2020-09-18 00:00:24.988 CEST [52486] LOG:  duration: 0.110 ms
2020-09-18 00:00:25.003 CEST [52486] LOG:  statement: BEGIN
2020-09-18 00:00:25.003 CEST [52486] LOG:  duration: 0.054 ms
2020-09-18 00:00:25.003 CEST [52486] LOG:  statement: SELECT city_object.id AS city_object_id, city_object.object AS city_object_object, city_object.attributes AS city_object_attributes, ST_AsEWKB(city_object.convexhull) AS city_object_convexhull, ST_AsEWKB(city_object.globalconvexhull) AS city_object_globalconvexhull, city_object.metadata_id AS city_object_metadata_id 
	FROM city_object 
	WHERE ST_Intersects(ST_SetSRID(ST_MakePoint(4.450846, 51.906183, 0.0), 4979), city_object.globalconvexhull) AND (city_object.object ->> 'type') = 'Building'
2020-09-18 00:00:25.004 CEST [52486] LOG:  duration: 0.424 ms
2020-09-18 00:00:25.005 CEST [52486] LOG:  statement: ROLLBACK
2020-09-18 00:00:25.005 CEST [52486] LOG:  duration: 0.153 ms
2020-09-18 00:00:25.015 CEST [52486] LOG:  statement: BEGIN
2020-09-18 00:00:25.015 CEST [52486] LOG:  duration: 0.057 ms
2020-09-18 00:00:25.018 CEST [52486] LOG:  statement: SELECT city_object.id AS city_object_id, city_object.object AS city_object_object, city_object.attributes AS city_object_attributes, ST_AsEWKB(city_object.convexhull) AS city_object_convexhull, ST_AsEWKB(city_object.globalconvexhull) AS city_object_globalconvexhull, city_object.metadata_id AS city_object_metadata_id 
	FROM city_object 
	WHERE ST_Intersects(ST_SetSRID(ST_MakePoint(4.450846, 51.906183, 0.0), 4979), city_object.globalconvexhull) AND (city_object.object ->> 'type') = 'Building'
2020-09-18 00:00:25.018 CEST [52486] LOG:  duration: 0.342 ms
2020-09-18 00:00:25.020 CEST [52486] LOG:  statement: ROLLBACK
2020-09-18 00:00:25.020 CEST [52486] LOG:  duration: 0.112 ms
2020-09-18 00:00:25.037 CEST [52486] LOG:  statement: BEGIN
2020-09-18 00:00:25.037 CEST [52486] LOG:  duration: 0.056 ms
2020-09-18 00:00:25.039 CEST [52486] LOG:  statement: SELECT city_object.id AS city_object_id, city_object.object AS city_object_object, city_object.attributes AS city_object_attributes, ST_AsEWKB(city_object.convexhull) AS city_object_convexhull, ST_AsEWKB(city_object.globalconvexhull) AS city_object_globalconvexhull, city_object.metadata_id AS city_object_metadata_id 
	FROM city_object 
	WHERE ST_Intersects(ST_SetSRID(ST_MakePoint(4.450846, 51.906183, 0.0), 4979), city_object.globalconvexhull) AND (city_object.object ->> 'type') = 'Building'
2020-09-18 00:00:25.039 CEST [52486] LOG:  duration: 0.383 ms
2020-09-18 00:00:25.041 CEST [52486] LOG:  statement: ROLLBACK
2020-09-18 00:00:25.041 CEST [52486] LOG:  duration: 0.077 ms
2020-09-18 00:00:25.055 CEST [52486] LOG:  statement: BEGIN
2020-09-18 00:00:25.056 CEST [52486] LOG:  duration: 0.233 ms
2020-09-18 00:00:25.056 CEST [52486] LOG:  statement: SELECT city_object.id AS city_object_id, city_object.object AS city_object_object, city_object.attributes AS city_object_attributes, ST_AsEWKB(city_object.convexhull) AS city_object_convexhull, ST_AsEWKB(city_object.globalconvexhull) AS city_object_globalconvexhull, city_object.metadata_id AS city_object_metadata_id 
	FROM city_object 
	WHERE ST_Intersects(ST_SetSRID(ST_MakePoint(4.450846, 51.906183, 0.0), 4979), city_object.globalconvexhull) AND (city_object.object ->> 'type') = 'Building'
2020-09-18 00:00:25.057 CEST [52486] LOG:  duration: 0.909 ms
2020-09-18 00:00:25.059 CEST [52486] LOG:  statement: ROLLBACK
2020-09-18 00:00:25.059 CEST [52486] LOG:  duration: 0.125 ms
2020-09-18 00:00:25.067 CEST [52486] LOG:  statement: BEGIN
2020-09-18 00:00:25.067 CEST [52486] LOG:  duration: 0.064 ms
2020-09-18 00:00:25.067 CEST [52486] LOG:  statement: SELECT city_object.id AS city_object_id, city_object.object AS city_object_object, city_object.attributes AS city_object_attributes, ST_AsEWKB(city_object.convexhull) AS city_object_convexhull, ST_AsEWKB(city_object.globalconvexhull) AS city_object_globalconvexhull, city_object.metadata_id AS city_object_metadata_id 
	FROM city_object 
	WHERE ST_Intersects(ST_SetSRID(ST_MakePoint(4.450846, 51.906183, 0.0), 4979), city_object.globalconvexhull) AND (city_object.object ->> 'type') = 'Building'
2020-09-18 00:00:25.067 CEST [52486] LOG:  duration: 0.362 ms
2020-09-18 00:00:25.069 CEST [52486] LOG:  statement: ROLLBACK
2020-09-18 00:00:25.069 CEST [52486] LOG:  duration: 0.092 ms
2020-09-18 00:00:25.076 CEST [52486] LOG:  statement: BEGIN
2020-09-18 00:00:25.076 CEST [52486] LOG:  duration: 0.057 ms
2020-09-18 00:00:25.077 CEST [52486] LOG:  statement: SELECT city_object.id AS city_object_id, city_object.object AS city_object_object, city_object.attributes AS city_object_attributes, ST_AsEWKB(city_object.convexhull) AS city_object_convexhull, ST_AsEWKB(city_object.globalconvexhull) AS city_object_globalconvexhull, city_object.metadata_id AS city_object_metadata_id 
	FROM city_object 
	WHERE ST_Intersects(ST_SetSRID(ST_MakePoint(4.450846, 51.906183, 0.0), 4979), city_object.globalconvexhull) AND (city_object.object ->> 'type') = 'Building'
2020-09-18 00:00:25.077 CEST [52486] LOG:  duration: 0.323 ms
2020-09-18 00:00:25.078 CEST [52486] LOG:  statement: ROLLBACK
2020-09-18 00:00:25.079 CEST [52486] LOG:  duration: 0.332 ms
2020-09-18 00:00:25.092 CEST [52486] LOG:  statement: BEGIN
2020-09-18 00:00:25.092 CEST [52486] LOG:  duration: 0.062 ms
2020-09-18 00:00:25.092 CEST [52486] LOG:  statement: SELECT city_object.id AS city_object_id, city_object.object AS city_object_object, city_object.attributes AS city_object_attributes, ST_AsEWKB(city_object.convexhull) AS city_object_convexhull, ST_AsEWKB(city_object.globalconvexhull) AS city_object_globalconvexhull, city_object.metadata_id AS city_object_metadata_id 
	FROM city_object 
	WHERE ST_Intersects(ST_SetSRID(ST_MakePoint(4.450846, 51.906183, 0.0), 4979), city_object.globalconvexhull) AND (city_object.object ->> 'type') = 'Building'
2020-09-18 00:00:25.093 CEST [52486] LOG:  duration: 0.426 ms
2020-09-18 00:00:25.094 CEST [52486] LOG:  statement: ROLLBACK
2020-09-18 00:00:25.094 CEST [52486] LOG:  duration: 0.112 ms
2020-09-18 00:00:25.105 CEST [52486] LOG:  statement: BEGIN
2020-09-18 00:00:25.105 CEST [52486] LOG:  duration: 0.066 ms
2020-09-18 00:00:25.105 CEST [52486] LOG:  statement: SELECT city_object.id AS city_object_id, city_object.object AS city_object_object, city_object.attributes AS city_object_attributes, ST_AsEWKB(city_object.convexhull) AS city_object_convexhull, ST_AsEWKB(city_object.globalconvexhull) AS city_object_globalconvexhull, city_object.metadata_id AS city_object_metadata_id 
	FROM city_object 
	WHERE ST_Intersects(ST_SetSRID(ST_MakePoint(4.450846, 51.906183, 0.0), 4979), city_object.globalconvexhull) AND (city_object.object ->> 'type') = 'Building'
2020-09-18 00:00:25.105 CEST [52486] LOG:  duration: 0.431 ms
2020-09-18 00:00:25.107 CEST [52486] LOG:  statement: ROLLBACK
2020-09-18 00:00:25.107 CEST [52486] LOG:  duration: 0.085 ms
2020-09-18 00:00:25.114 CEST [52486] LOG:  statement: BEGIN
2020-09-18 00:00:25.114 CEST [52486] LOG:  duration: 0.093 ms
2020-09-18 00:00:25.114 CEST [52486] LOG:  statement: SELECT city_object.id AS city_object_id, city_object.object AS city_object_object, city_object.attributes AS city_object_attributes, ST_AsEWKB(city_object.convexhull) AS city_object_convexhull, ST_AsEWKB(city_object.globalconvexhull) AS city_object_globalconvexhull, city_object.metadata_id AS city_object_metadata_id 
	FROM city_object 
	WHERE ST_Intersects(ST_SetSRID(ST_MakePoint(4.450846, 51.906183, 0.0), 4979), city_object.globalconvexhull) AND (city_object.object ->> 'type') = 'Building'
2020-09-18 00:00:25.115 CEST [52486] LOG:  duration: 0.450 ms
2020-09-18 00:00:25.116 CEST [52486] LOG:  statement: ROLLBACK
2020-09-18 00:00:25.117 CEST [52486] LOG:  duration: 0.181 ms
2020-09-18 00:00:25.131 CEST [52486] LOG:  statement: BEGIN
2020-09-18 00:00:25.131 CEST [52486] LOG:  duration: 0.179 ms
2020-09-18 00:00:25.132 CEST [52486] LOG:  statement: SELECT city_object.id AS city_object_id, city_object.object AS city_object_object, city_object.attributes AS city_object_attributes, ST_AsEWKB(city_object.convexhull) AS city_object_convexhull, ST_AsEWKB(city_object.globalconvexhull) AS city_object_globalconvexhull, city_object.metadata_id AS city_object_metadata_id 
	FROM city_object 
	WHERE ST_Intersects(ST_SetSRID(ST_MakePoint(4.450846, 51.906183, 0.0), 4979), city_object.globalconvexhull) AND (city_object.object ->> 'type') = 'Building'
2020-09-18 00:00:25.132 CEST [52486] LOG:  duration: 0.706 ms
2020-09-18 00:00:25.134 CEST [52486] LOG:  statement: ROLLBACK
2020-09-18 00:00:25.134 CEST [52486] LOG:  duration: 0.108 ms
2020-09-18 00:00:25.147 CEST [52486] LOG:  statement: BEGIN
2020-09-18 00:00:25.147 CEST [52486] LOG:  duration: 0.062 ms
2020-09-18 00:00:25.147 CEST [52486] LOG:  statement: SELECT city_object.id AS city_object_id, city_object.object AS city_object_object, city_object.attributes AS city_object_attributes, ST_AsEWKB(city_object.convexhull) AS city_object_convexhull, ST_AsEWKB(city_object.globalconvexhull) AS city_object_globalconvexhull, city_object.metadata_id AS city_object_metadata_id 
	FROM city_object 
	WHERE ST_Intersects(ST_SetSRID(ST_MakePoint(4.450846, 51.906183, 0.0), 4979), city_object.globalconvexhull) AND (city_object.object ->> 'type') = 'Building'
2020-09-18 00:00:25.147 CEST [52486] LOG:  duration: 0.381 ms
2020-09-18 00:00:25.149 CEST [52486] LOG:  statement: ROLLBACK
2020-09-18 00:00:25.149 CEST [52486] LOG:  duration: 0.142 ms
2020-09-18 00:00:25.164 CEST [52486] LOG:  statement: BEGIN
2020-09-18 00:00:25.164 CEST [52486] LOG:  duration: 0.088 ms
2020-09-18 00:00:25.164 CEST [52486] LOG:  statement: SELECT city_object.id AS city_object_id, city_object.object AS city_object_object, city_object.attributes AS city_object_attributes, ST_AsEWKB(city_object.convexhull) AS city_object_convexhull, ST_AsEWKB(city_object.globalconvexhull) AS city_object_globalconvexhull, city_object.metadata_id AS city_object_metadata_id 
	FROM city_object 
	WHERE ST_Intersects(ST_SetSRID(ST_MakePoint(4.450846, 51.906183, 0.0), 4979), city_object.globalconvexhull) AND (city_object.object ->> 'type') = 'Building'
2020-09-18 00:00:25.165 CEST [52486] LOG:  duration: 0.888 ms
2020-09-18 00:00:25.168 CEST [52486] LOG:  statement: ROLLBACK
2020-09-18 00:00:25.169 CEST [52486] LOG:  duration: 0.374 ms
2020-09-18 00:00:25.179 CEST [52486] LOG:  statement: BEGIN
2020-09-18 00:00:25.179 CEST [52486] LOG:  duration: 0.171 ms
2020-09-18 00:00:25.179 CEST [52486] LOG:  statement: SELECT city_object.id AS city_object_id, city_object.object AS city_object_object, city_object.attributes AS city_object_attributes, ST_AsEWKB(city_object.convexhull) AS city_object_convexhull, ST_AsEWKB(city_object.globalconvexhull) AS city_object_globalconvexhull, city_object.metadata_id AS city_object_metadata_id 
	FROM city_object 
	WHERE ST_Intersects(ST_SetSRID(ST_MakePoint(4.450846, 51.906183, 0.0), 4979), city_object.globalconvexhull) AND (city_object.object ->> 'type') = 'Building'
2020-09-18 00:00:25.180 CEST [52486] LOG:  duration: 0.404 ms
2020-09-18 00:00:25.181 CEST [52486] LOG:  statement: ROLLBACK
2020-09-18 00:00:25.181 CEST [52486] LOG:  duration: 0.062 ms
2020-09-18 00:00:25.192 CEST [52486] LOG:  statement: BEGIN
2020-09-18 00:00:25.192 CEST [52486] LOG:  duration: 0.086 ms
2020-09-18 00:00:25.192 CEST [52486] LOG:  statement: SELECT city_object.id AS city_object_id, city_object.object AS city_object_object, city_object.attributes AS city_object_attributes, ST_AsEWKB(city_object.convexhull) AS city_object_convexhull, ST_AsEWKB(city_object.globalconvexhull) AS city_object_globalconvexhull, city_object.metadata_id AS city_object_metadata_id 
	FROM city_object 
	WHERE ST_Intersects(ST_SetSRID(ST_MakePoint(4.450846, 51.906183, 0.0), 4979), city_object.globalconvexhull) AND (city_object.object ->> 'type') = 'Building'
2020-09-18 00:00:25.192 CEST [52486] LOG:  duration: 0.281 ms
2020-09-18 00:00:25.194 CEST [52486] LOG:  statement: ROLLBACK
2020-09-18 00:00:25.194 CEST [52486] LOG:  duration: 0.078 ms
2020-09-18 00:00:25.207 CEST [52486] LOG:  statement: BEGIN
2020-09-18 00:00:25.207 CEST [52486] LOG:  duration: 0.060 ms
2020-09-18 00:00:25.209 CEST [52486] LOG:  statement: SELECT city_object.id AS city_object_id, city_object.object AS city_object_object, city_object.attributes AS city_object_attributes, ST_AsEWKB(city_object.convexhull) AS city_object_convexhull, ST_AsEWKB(city_object.globalconvexhull) AS city_object_globalconvexhull, city_object.metadata_id AS city_object_metadata_id 
	FROM city_object 
	WHERE ST_Intersects(ST_SetSRID(ST_MakePoint(4.450846, 51.906183, 0.0), 4979), city_object.globalconvexhull) AND (city_object.object ->> 'type') = 'Building'
2020-09-18 00:00:25.209 CEST [52486] LOG:  duration: 0.353 ms
2020-09-18 00:00:25.210 CEST [52486] LOG:  statement: ROLLBACK
2020-09-18 00:00:25.210 CEST [52486] LOG:  duration: 0.102 ms
2020-09-18 00:00:25.220 CEST [52486] LOG:  statement: BEGIN
2020-09-18 00:00:25.220 CEST [52486] LOG:  duration: 0.048 ms
2020-09-18 00:00:25.220 CEST [52486] LOG:  statement: SELECT city_object.id AS city_object_id, city_object.object AS city_object_object, city_object.attributes AS city_object_attributes, ST_AsEWKB(city_object.convexhull) AS city_object_convexhull, ST_AsEWKB(city_object.globalconvexhull) AS city_object_globalconvexhull, city_object.metadata_id AS city_object_metadata_id 
	FROM city_object 
	WHERE ST_Intersects(ST_SetSRID(ST_MakePoint(4.450846, 51.906183, 0.0), 4979), city_object.globalconvexhull) AND (city_object.object ->> 'type') = 'Building'
2020-09-18 00:00:25.221 CEST [52486] LOG:  duration: 0.432 ms
2020-09-18 00:00:25.223 CEST [52486] LOG:  statement: ROLLBACK
2020-09-18 00:00:25.223 CEST [52486] LOG:  duration: 0.135 ms
2020-09-18 00:00:25.233 CEST [52486] LOG:  statement: BEGIN
2020-09-18 00:00:25.233 CEST [52486] LOG:  duration: 0.095 ms
2020-09-18 00:00:25.233 CEST [52486] LOG:  statement: SELECT city_object.id AS city_object_id, city_object.object AS city_object_object, city_object.attributes AS city_object_attributes, ST_AsEWKB(city_object.convexhull) AS city_object_convexhull, ST_AsEWKB(city_object.globalconvexhull) AS city_object_globalconvexhull, city_object.metadata_id AS city_object_metadata_id 
	FROM city_object 
	WHERE ST_Intersects(ST_SetSRID(ST_MakePoint(4.450846, 51.906183, 0.0), 4979), city_object.globalconvexhull) AND (city_object.object ->> 'type') = 'Building'
2020-09-18 00:00:25.233 CEST [52486] LOG:  duration: 0.314 ms
2020-09-18 00:00:25.236 CEST [52486] LOG:  statement: ROLLBACK
2020-09-18 00:00:25.236 CEST [52486] LOG:  duration: 0.092 ms
2020-09-18 00:00:25.246 CEST [52486] LOG:  statement: BEGIN
2020-09-18 00:00:25.246 CEST [52486] LOG:  duration: 0.052 ms
2020-09-18 00:00:25.246 CEST [52486] LOG:  statement: SELECT city_object.id AS city_object_id, city_object.object AS city_object_object, city_object.attributes AS city_object_attributes, ST_AsEWKB(city_object.convexhull) AS city_object_convexhull, ST_AsEWKB(city_object.globalconvexhull) AS city_object_globalconvexhull, city_object.metadata_id AS city_object_metadata_id 
	FROM city_object 
	WHERE ST_Intersects(ST_SetSRID(ST_MakePoint(4.450846, 51.906183, 0.0), 4979), city_object.globalconvexhull) AND (city_object.object ->> 'type') = 'Building'
2020-09-18 00:00:25.247 CEST [52486] LOG:  duration: 0.338 ms
2020-09-18 00:00:25.248 CEST [52486] LOG:  statement: ROLLBACK
2020-09-18 00:00:25.248 CEST [52486] LOG:  duration: 0.061 ms
2020-09-18 00:00:25.261 CEST [52486] LOG:  statement: BEGIN
2020-09-18 00:00:25.261 CEST [52486] LOG:  duration: 0.222 ms
2020-09-18 00:00:25.261 CEST [52486] LOG:  statement: SELECT city_object.id AS city_object_id, city_object.object AS city_object_object, city_object.attributes AS city_object_attributes, ST_AsEWKB(city_object.convexhull) AS city_object_convexhull, ST_AsEWKB(city_object.globalconvexhull) AS city_object_globalconvexhull, city_object.metadata_id AS city_object_metadata_id 
	FROM city_object 
	WHERE ST_Intersects(ST_SetSRID(ST_MakePoint(4.450846, 51.906183, 0.0), 4979), city_object.globalconvexhull) AND (city_object.object ->> 'type') = 'Building'
2020-09-18 00:00:25.262 CEST [52486] LOG:  duration: 0.490 ms
2020-09-18 00:00:25.265 CEST [52486] LOG:  statement: ROLLBACK
2020-09-18 00:00:25.265 CEST [52486] LOG:  duration: 0.068 ms
2020-09-18 00:00:25.274 CEST [52486] LOG:  statement: BEGIN
2020-09-18 00:00:25.274 CEST [52486] LOG:  duration: 0.061 ms
2020-09-18 00:00:25.274 CEST [52486] LOG:  statement: SELECT city_object.id AS city_object_id, city_object.object AS city_object_object, city_object.attributes AS city_object_attributes, ST_AsEWKB(city_object.convexhull) AS city_object_convexhull, ST_AsEWKB(city_object.globalconvexhull) AS city_object_globalconvexhull, city_object.metadata_id AS city_object_metadata_id 
	FROM city_object 
	WHERE ST_Intersects(ST_SetSRID(ST_MakePoint(4.450846, 51.906183, 0.0), 4979), city_object.globalconvexhull) AND (city_object.object ->> 'type') = 'Building'
2020-09-18 00:00:25.275 CEST [52486] LOG:  duration: 0.379 ms
2020-09-18 00:00:25.276 CEST [52486] LOG:  statement: ROLLBACK
2020-09-18 00:00:25.276 CEST [52486] LOG:  duration: 0.071 ms
2020-09-18 00:00:25.288 CEST [52486] LOG:  statement: BEGIN
2020-09-18 00:00:25.288 CEST [52486] LOG:  duration: 0.097 ms
2020-09-18 00:00:25.288 CEST [52486] LOG:  statement: SELECT city_object.id AS city_object_id, city_object.object AS city_object_object, city_object.attributes AS city_object_attributes, ST_AsEWKB(city_object.convexhull) AS city_object_convexhull, ST_AsEWKB(city_object.globalconvexhull) AS city_object_globalconvexhull, city_object.metadata_id AS city_object_metadata_id 
	FROM city_object 
	WHERE ST_Intersects(ST_SetSRID(ST_MakePoint(4.450846, 51.906183, 0.0), 4979), city_object.globalconvexhull) AND (city_object.object ->> 'type') = 'Building'
2020-09-18 00:00:25.288 CEST [52486] LOG:  duration: 0.305 ms
2020-09-18 00:00:25.290 CEST [52486] LOG:  statement: ROLLBACK
2020-09-18 00:00:25.290 CEST [52486] LOG:  duration: 0.105 ms
2020-09-18 00:00:25.302 CEST [52486] LOG:  statement: BEGIN
2020-09-18 00:00:25.302 CEST [52486] LOG:  duration: 0.089 ms
2020-09-18 00:00:25.302 CEST [52486] LOG:  statement: SELECT city_object.id AS city_object_id, city_object.object AS city_object_object, city_object.attributes AS city_object_attributes, ST_AsEWKB(city_object.convexhull) AS city_object_convexhull, ST_AsEWKB(city_object.globalconvexhull) AS city_object_globalconvexhull, city_object.metadata_id AS city_object_metadata_id 
	FROM city_object 
	WHERE ST_Intersects(ST_SetSRID(ST_MakePoint(4.450846, 51.906183, 0.0), 4979), city_object.globalconvexhull) AND (city_object.object ->> 'type') = 'Building'
2020-09-18 00:00:25.302 CEST [52486] LOG:  duration: 0.303 ms
2020-09-18 00:00:25.303 CEST [52486] LOG:  statement: ROLLBACK
2020-09-18 00:00:25.303 CEST [52486] LOG:  duration: 0.048 ms
2020-09-18 00:00:25.311 CEST [52486] LOG:  statement: BEGIN
2020-09-18 00:00:25.311 CEST [52486] LOG:  duration: 0.071 ms
2020-09-18 00:00:25.312 CEST [52486] LOG:  statement: SELECT city_object.id AS city_object_id, city_object.object AS city_object_object, city_object.attributes AS city_object_attributes, ST_AsEWKB(city_object.convexhull) AS city_object_convexhull, ST_AsEWKB(city_object.globalconvexhull) AS city_object_globalconvexhull, city_object.metadata_id AS city_object_metadata_id 
	FROM city_object 
	WHERE ST_Intersects(ST_SetSRID(ST_MakePoint(4.450846, 51.906183, 0.0), 4979), city_object.globalconvexhull) AND (city_object.object ->> 'type') = 'Building'
2020-09-18 00:00:25.312 CEST [52486] LOG:  duration: 0.802 ms
2020-09-18 00:00:25.316 CEST [52486] LOG:  statement: ROLLBACK
2020-09-18 00:00:25.317 CEST [52486] LOG:  duration: 0.076 ms
2020-09-18 00:00:25.331 CEST [52486] LOG:  statement: BEGIN
2020-09-18 00:00:25.331 CEST [52486] LOG:  duration: 0.156 ms
2020-09-18 00:00:25.331 CEST [52486] LOG:  statement: SELECT city_object.id AS city_object_id, city_object.object AS city_object_object, city_object.attributes AS city_object_attributes, ST_AsEWKB(city_object.convexhull) AS city_object_convexhull, ST_AsEWKB(city_object.globalconvexhull) AS city_object_globalconvexhull, city_object.metadata_id AS city_object_metadata_id 
	FROM city_object 
	WHERE ST_Intersects(ST_SetSRID(ST_MakePoint(4.450846, 51.906183, 0.0), 4979), city_object.globalconvexhull) AND (city_object.object ->> 'type') = 'Building'
2020-09-18 00:00:25.332 CEST [52486] LOG:  duration: 0.338 ms
2020-09-18 00:00:25.335 CEST [52486] LOG:  statement: ROLLBACK
2020-09-18 00:00:25.335 CEST [52486] LOG:  duration: 0.438 ms
2020-09-18 00:00:25.350 CEST [52486] LOG:  statement: BEGIN
2020-09-18 00:00:25.350 CEST [52486] LOG:  duration: 0.050 ms
2020-09-18 00:00:25.350 CEST [52486] LOG:  statement: SELECT city_object.id AS city_object_id, city_object.object AS city_object_object, city_object.attributes AS city_object_attributes, ST_AsEWKB(city_object.convexhull) AS city_object_convexhull, ST_AsEWKB(city_object.globalconvexhull) AS city_object_globalconvexhull, city_object.metadata_id AS city_object_metadata_id 
	FROM city_object 
	WHERE ST_Intersects(ST_SetSRID(ST_MakePoint(4.450846, 51.906183, 0.0), 4979), city_object.globalconvexhull) AND (city_object.object ->> 'type') = 'Building'
2020-09-18 00:00:25.350 CEST [52486] LOG:  duration: 0.567 ms
2020-09-18 00:00:25.352 CEST [52486] LOG:  statement: ROLLBACK
2020-09-18 00:00:25.352 CEST [52486] LOG:  duration: 0.060 ms
2020-09-18 00:00:25.362 CEST [52486] LOG:  statement: BEGIN
2020-09-18 00:00:25.362 CEST [52486] LOG:  duration: 0.049 ms
2020-09-18 00:00:25.362 CEST [52486] LOG:  statement: SELECT city_object.id AS city_object_id, city_object.object AS city_object_object, city_object.attributes AS city_object_attributes, ST_AsEWKB(city_object.convexhull) AS city_object_convexhull, ST_AsEWKB(city_object.globalconvexhull) AS city_object_globalconvexhull, city_object.metadata_id AS city_object_metadata_id 
	FROM city_object 
	WHERE ST_Intersects(ST_SetSRID(ST_MakePoint(4.450846, 51.906183, 0.0), 4979), city_object.globalconvexhull) AND (city_object.object ->> 'type') = 'Building'
2020-09-18 00:00:25.362 CEST [52486] LOG:  duration: 0.279 ms
2020-09-18 00:00:25.364 CEST [52486] LOG:  statement: ROLLBACK
2020-09-18 00:00:25.364 CEST [52486] LOG:  duration: 0.066 ms
2020-09-18 00:00:25.377 CEST [52486] LOG:  statement: BEGIN
2020-09-18 00:00:25.378 CEST [52486] LOG:  duration: 0.055 ms
2020-09-18 00:00:25.378 CEST [52486] LOG:  statement: SELECT city_object.id AS city_object_id, city_object.object AS city_object_object, city_object.attributes AS city_object_attributes, ST_AsEWKB(city_object.convexhull) AS city_object_convexhull, ST_AsEWKB(city_object.globalconvexhull) AS city_object_globalconvexhull, city_object.metadata_id AS city_object_metadata_id 
	FROM city_object 
	WHERE ST_Intersects(ST_SetSRID(ST_MakePoint(4.450846, 51.906183, 0.0), 4979), city_object.globalconvexhull) AND (city_object.object ->> 'type') = 'Building'
2020-09-18 00:00:25.378 CEST [52486] LOG:  duration: 0.351 ms
2020-09-18 00:00:25.379 CEST [52486] LOG:  statement: ROLLBACK
2020-09-18 00:00:25.379 CEST [52486] LOG:  duration: 0.067 ms
2020-09-18 00:00:25.390 CEST [52486] LOG:  statement: BEGIN
2020-09-18 00:00:25.390 CEST [52486] LOG:  duration: 0.064 ms
2020-09-18 00:00:25.390 CEST [52486] LOG:  statement: SELECT city_object.id AS city_object_id, city_object.object AS city_object_object, city_object.attributes AS city_object_attributes, ST_AsEWKB(city_object.convexhull) AS city_object_convexhull, ST_AsEWKB(city_object.globalconvexhull) AS city_object_globalconvexhull, city_object.metadata_id AS city_object_metadata_id 
	FROM city_object 
	WHERE ST_Intersects(ST_SetSRID(ST_MakePoint(4.450846, 51.906183, 0.0), 4979), city_object.globalconvexhull) AND (city_object.object ->> 'type') = 'Building'
2020-09-18 00:00:25.390 CEST [52486] LOG:  duration: 0.434 ms
2020-09-18 00:00:25.392 CEST [52486] LOG:  statement: ROLLBACK
2020-09-18 00:00:25.392 CEST [52486] LOG:  duration: 0.076 ms
2020-09-18 00:00:25.403 CEST [52486] LOG:  statement: BEGIN
2020-09-18 00:00:25.403 CEST [52486] LOG:  duration: 0.048 ms
2020-09-18 00:00:25.403 CEST [52486] LOG:  statement: SELECT city_object.id AS city_object_id, city_object.object AS city_object_object, city_object.attributes AS city_object_attributes, ST_AsEWKB(city_object.convexhull) AS city_object_convexhull, ST_AsEWKB(city_object.globalconvexhull) AS city_object_globalconvexhull, city_object.metadata_id AS city_object_metadata_id 
	FROM city_object 
	WHERE ST_Intersects(ST_SetSRID(ST_MakePoint(4.450846, 51.906183, 0.0), 4979), city_object.globalconvexhull) AND (city_object.object ->> 'type') = 'Building'
2020-09-18 00:00:25.403 CEST [52486] LOG:  duration: 0.345 ms
2020-09-18 00:00:25.405 CEST [52486] LOG:  statement: ROLLBACK
2020-09-18 00:00:25.405 CEST [52486] LOG:  duration: 0.073 ms
2020-09-18 00:00:25.415 CEST [52486] LOG:  statement: BEGIN
2020-09-18 00:00:25.415 CEST [52486] LOG:  duration: 0.110 ms
2020-09-18 00:00:25.415 CEST [52486] LOG:  statement: SELECT city_object.id AS city_object_id, city_object.object AS city_object_object, city_object.attributes AS city_object_attributes, ST_AsEWKB(city_object.convexhull) AS city_object_convexhull, ST_AsEWKB(city_object.globalconvexhull) AS city_object_globalconvexhull, city_object.metadata_id AS city_object_metadata_id 
	FROM city_object 
	WHERE ST_Intersects(ST_SetSRID(ST_MakePoint(4.450846, 51.906183, 0.0), 4979), city_object.globalconvexhull) AND (city_object.object ->> 'type') = 'Building'
2020-09-18 00:00:25.415 CEST [52486] LOG:  duration: 0.334 ms
2020-09-18 00:00:25.418 CEST [52486] LOG:  statement: ROLLBACK
2020-09-18 00:00:25.419 CEST [52486] LOG:  duration: 0.270 ms
2020-09-18 00:00:25.432 CEST [52486] LOG:  statement: BEGIN
2020-09-18 00:00:25.432 CEST [52486] LOG:  duration: 0.052 ms
2020-09-18 00:00:25.432 CEST [52486] LOG:  statement: SELECT city_object.id AS city_object_id, city_object.object AS city_object_object, city_object.attributes AS city_object_attributes, ST_AsEWKB(city_object.convexhull) AS city_object_convexhull, ST_AsEWKB(city_object.globalconvexhull) AS city_object_globalconvexhull, city_object.metadata_id AS city_object_metadata_id 
	FROM city_object 
	WHERE ST_Intersects(ST_SetSRID(ST_MakePoint(4.450846, 51.906183, 0.0), 4979), city_object.globalconvexhull) AND (city_object.object ->> 'type') = 'Building'
2020-09-18 00:00:25.432 CEST [52486] LOG:  duration: 0.354 ms
2020-09-18 00:00:25.435 CEST [52486] LOG:  statement: ROLLBACK
2020-09-18 00:00:25.436 CEST [52486] LOG:  duration: 0.327 ms
2020-09-18 00:00:25.451 CEST [52486] LOG:  statement: BEGIN
2020-09-18 00:00:25.451 CEST [52486] LOG:  duration: 0.059 ms
2020-09-18 00:00:25.451 CEST [52486] LOG:  statement: SELECT city_object.id AS city_object_id, city_object.object AS city_object_object, city_object.attributes AS city_object_attributes, ST_AsEWKB(city_object.convexhull) AS city_object_convexhull, ST_AsEWKB(city_object.globalconvexhull) AS city_object_globalconvexhull, city_object.metadata_id AS city_object_metadata_id 
	FROM city_object 
	WHERE ST_Intersects(ST_SetSRID(ST_MakePoint(4.450846, 51.906183, 0.0), 4979), city_object.globalconvexhull) AND (city_object.object ->> 'type') = 'Building'
2020-09-18 00:00:25.451 CEST [52486] LOG:  duration: 0.394 ms
2020-09-18 00:00:25.457 CEST [52486] LOG:  statement: ROLLBACK
2020-09-18 00:00:25.457 CEST [52486] LOG:  duration: 0.067 ms
2020-09-18 00:00:25.469 CEST [52486] LOG:  statement: BEGIN
2020-09-18 00:00:25.469 CEST [52486] LOG:  duration: 0.222 ms
2020-09-18 00:00:25.469 CEST [52486] LOG:  statement: SELECT city_object.id AS city_object_id, city_object.object AS city_object_object, city_object.attributes AS city_object_attributes, ST_AsEWKB(city_object.convexhull) AS city_object_convexhull, ST_AsEWKB(city_object.globalconvexhull) AS city_object_globalconvexhull, city_object.metadata_id AS city_object_metadata_id 
	FROM city_object 
	WHERE ST_Intersects(ST_SetSRID(ST_MakePoint(4.450846, 51.906183, 0.0), 4979), city_object.globalconvexhull) AND (city_object.object ->> 'type') = 'Building'
2020-09-18 00:00:25.469 CEST [52486] LOG:  duration: 0.379 ms
2020-09-18 00:00:25.472 CEST [52486] LOG:  statement: ROLLBACK
2020-09-18 00:00:25.472 CEST [52486] LOG:  duration: 0.077 ms
2020-09-18 00:00:25.489 CEST [52486] LOG:  statement: BEGIN
2020-09-18 00:00:25.489 CEST [52486] LOG:  duration: 0.098 ms
2020-09-18 00:00:25.489 CEST [52486] LOG:  statement: SELECT city_object.id AS city_object_id, city_object.object AS city_object_object, city_object.attributes AS city_object_attributes, ST_AsEWKB(city_object.convexhull) AS city_object_convexhull, ST_AsEWKB(city_object.globalconvexhull) AS city_object_globalconvexhull, city_object.metadata_id AS city_object_metadata_id 
	FROM city_object 
	WHERE ST_Intersects(ST_SetSRID(ST_MakePoint(4.450846, 51.906183, 0.0), 4979), city_object.globalconvexhull) AND (city_object.object ->> 'type') = 'Building'
2020-09-18 00:00:25.489 CEST [52486] LOG:  duration: 0.630 ms
2020-09-18 00:00:25.491 CEST [52486] LOG:  statement: ROLLBACK
2020-09-18 00:00:25.491 CEST [52486] LOG:  duration: 0.151 ms
2020-09-18 00:00:25.501 CEST [52486] LOG:  statement: BEGIN
2020-09-18 00:00:25.501 CEST [52486] LOG:  duration: 0.165 ms
2020-09-18 00:00:25.502 CEST [52486] LOG:  statement: SELECT city_object.id AS city_object_id, city_object.object AS city_object_object, city_object.attributes AS city_object_attributes, ST_AsEWKB(city_object.convexhull) AS city_object_convexhull, ST_AsEWKB(city_object.globalconvexhull) AS city_object_globalconvexhull, city_object.metadata_id AS city_object_metadata_id 
	FROM city_object 
	WHERE ST_Intersects(ST_SetSRID(ST_MakePoint(4.450846, 51.906183, 0.0), 4979), city_object.globalconvexhull) AND (city_object.object ->> 'type') = 'Building'
2020-09-18 00:00:25.503 CEST [52486] LOG:  duration: 1.423 ms
2020-09-18 00:00:25.505 CEST [52486] LOG:  statement: ROLLBACK
2020-09-18 00:00:25.505 CEST [52486] LOG:  duration: 0.076 ms
2020-09-18 00:00:25.514 CEST [52486] LOG:  statement: BEGIN
2020-09-18 00:00:25.514 CEST [52486] LOG:  duration: 0.092 ms
2020-09-18 00:00:25.514 CEST [52486] LOG:  statement: SELECT city_object.id AS city_object_id, city_object.object AS city_object_object, city_object.attributes AS city_object_attributes, ST_AsEWKB(city_object.convexhull) AS city_object_convexhull, ST_AsEWKB(city_object.globalconvexhull) AS city_object_globalconvexhull, city_object.metadata_id AS city_object_metadata_id 
	FROM city_object 
	WHERE ST_Intersects(ST_SetSRID(ST_MakePoint(4.450846, 51.906183, 0.0), 4979), city_object.globalconvexhull) AND (city_object.object ->> 'type') = 'Building'
2020-09-18 00:00:25.515 CEST [52486] LOG:  duration: 0.283 ms
2020-09-18 00:00:25.515 CEST [52486] LOG:  statement: ROLLBACK
2020-09-18 00:00:25.516 CEST [52486] LOG:  duration: 0.091 ms
2020-09-18 00:00:25.527 CEST [52486] LOG:  statement: BEGIN
2020-09-18 00:00:25.527 CEST [52486] LOG:  duration: 0.099 ms
2020-09-18 00:00:25.527 CEST [52486] LOG:  statement: SELECT city_object.id AS city_object_id, city_object.object AS city_object_object, city_object.attributes AS city_object_attributes, ST_AsEWKB(city_object.convexhull) AS city_object_convexhull, ST_AsEWKB(city_object.globalconvexhull) AS city_object_globalconvexhull, city_object.metadata_id AS city_object_metadata_id 
	FROM city_object 
	WHERE ST_Intersects(ST_SetSRID(ST_MakePoint(4.450846, 51.906183, 0.0), 4979), city_object.globalconvexhull) AND (city_object.object ->> 'type') = 'Building'
2020-09-18 00:00:25.528 CEST [52486] LOG:  duration: 0.359 ms
2020-09-18 00:00:25.529 CEST [52486] LOG:  statement: ROLLBACK
2020-09-18 00:00:25.530 CEST [52486] LOG:  duration: 0.066 ms
2020-09-18 00:00:25.539 CEST [52486] LOG:  statement: BEGIN
2020-09-18 00:00:25.539 CEST [52486] LOG:  duration: 0.060 ms
2020-09-18 00:00:25.539 CEST [52486] LOG:  statement: SELECT city_object.id AS city_object_id, city_object.object AS city_object_object, city_object.attributes AS city_object_attributes, ST_AsEWKB(city_object.convexhull) AS city_object_convexhull, ST_AsEWKB(city_object.globalconvexhull) AS city_object_globalconvexhull, city_object.metadata_id AS city_object_metadata_id 
	FROM city_object 
	WHERE ST_Intersects(ST_SetSRID(ST_MakePoint(4.450846, 51.906183, 0.0), 4979), city_object.globalconvexhull) AND (city_object.object ->> 'type') = 'Building'
2020-09-18 00:00:25.540 CEST [52486] LOG:  duration: 0.379 ms
2020-09-18 00:00:25.542 CEST [52486] LOG:  statement: ROLLBACK
2020-09-18 00:00:25.542 CEST [52486] LOG:  duration: 0.080 ms
2020-09-18 00:00:25.556 CEST [52486] LOG:  statement: BEGIN
2020-09-18 00:00:25.556 CEST [52486] LOG:  duration: 0.115 ms
2020-09-18 00:00:25.556 CEST [52486] LOG:  statement: SELECT city_object.id AS city_object_id, city_object.object AS city_object_object, city_object.attributes AS city_object_attributes, ST_AsEWKB(city_object.convexhull) AS city_object_convexhull, ST_AsEWKB(city_object.globalconvexhull) AS city_object_globalconvexhull, city_object.metadata_id AS city_object_metadata_id 
	FROM city_object 
	WHERE ST_Intersects(ST_SetSRID(ST_MakePoint(4.450846, 51.906183, 0.0), 4979), city_object.globalconvexhull) AND (city_object.object ->> 'type') = 'Building'
2020-09-18 00:00:25.556 CEST [52486] LOG:  duration: 0.345 ms
2020-09-18 00:00:25.558 CEST [52486] LOG:  statement: ROLLBACK
2020-09-18 00:00:25.558 CEST [52486] LOG:  duration: 0.097 ms
2020-09-18 00:00:25.569 CEST [52486] LOG:  statement: BEGIN
2020-09-18 00:00:25.570 CEST [52486] LOG:  duration: 0.263 ms
2020-09-18 00:00:25.570 CEST [52486] LOG:  statement: SELECT city_object.id AS city_object_id, city_object.object AS city_object_object, city_object.attributes AS city_object_attributes, ST_AsEWKB(city_object.convexhull) AS city_object_convexhull, ST_AsEWKB(city_object.globalconvexhull) AS city_object_globalconvexhull, city_object.metadata_id AS city_object_metadata_id 
	FROM city_object 
	WHERE ST_Intersects(ST_SetSRID(ST_MakePoint(4.450846, 51.906183, 0.0), 4979), city_object.globalconvexhull) AND (city_object.object ->> 'type') = 'Building'
2020-09-18 00:00:25.571 CEST [52486] LOG:  duration: 0.588 ms
2020-09-18 00:00:25.572 CEST [52486] LOG:  statement: ROLLBACK
2020-09-18 00:00:25.572 CEST [52486] LOG:  duration: 0.082 ms
2020-09-18 00:00:25.736 CEST [52486] LOG:  statement: BEGIN
2020-09-18 00:00:25.736 CEST [52486] LOG:  duration: 0.061 ms
2020-09-18 00:00:25.736 CEST [52486] LOG:  statement: SELECT city_object.id AS city_object_id, city_object.object AS city_object_object, city_object.attributes AS city_object_attributes, ST_AsEWKB(city_object.convexhull) AS city_object_convexhull, ST_AsEWKB(city_object.globalconvexhull) AS city_object_globalconvexhull, city_object.metadata_id AS city_object_metadata_id 
	FROM city_object 
	WHERE ST_Intersects(ST_SetSRID(ST_MakePoint(4.450846, 51.906183, 0.0), 4979), city_object.globalconvexhull) AND (city_object.object ->> 'type') = 'Building'
2020-09-18 00:00:25.737 CEST [52486] LOG:  duration: 0.369 ms
2020-09-18 00:00:25.738 CEST [52486] LOG:  statement: ROLLBACK
2020-09-18 00:00:25.738 CEST [52486] LOG:  duration: 0.063 ms
2020-09-18 00:00:25.747 CEST [52486] LOG:  statement: BEGIN
2020-09-18 00:00:25.747 CEST [52486] LOG:  duration: 0.056 ms
2020-09-18 00:00:25.750 CEST [52486] LOG:  statement: SELECT city_object.id AS city_object_id, city_object.object AS city_object_object, city_object.attributes AS city_object_attributes, ST_AsEWKB(city_object.convexhull) AS city_object_convexhull, ST_AsEWKB(city_object.globalconvexhull) AS city_object_globalconvexhull, city_object.metadata_id AS city_object_metadata_id 
	FROM city_object 
	WHERE ST_Intersects(ST_SetSRID(ST_MakePoint(4.450846, 51.906183, 0.0), 4979), city_object.globalconvexhull) AND (city_object.object ->> 'type') = 'Building'
2020-09-18 00:00:25.750 CEST [52486] LOG:  duration: 0.366 ms
2020-09-18 00:00:25.752 CEST [52486] LOG:  statement: ROLLBACK
2020-09-18 00:00:25.752 CEST [52486] LOG:  duration: 0.067 ms
2020-09-18 00:00:25.765 CEST [52486] LOG:  statement: BEGIN
2020-09-18 00:00:25.765 CEST [52486] LOG:  duration: 0.077 ms
2020-09-18 00:00:25.766 CEST [52486] LOG:  statement: SELECT city_object.id AS city_object_id, city_object.object AS city_object_object, city_object.attributes AS city_object_attributes, ST_AsEWKB(city_object.convexhull) AS city_object_convexhull, ST_AsEWKB(city_object.globalconvexhull) AS city_object_globalconvexhull, city_object.metadata_id AS city_object_metadata_id 
	FROM city_object 
	WHERE ST_Intersects(ST_SetSRID(ST_MakePoint(4.450846, 51.906183, 0.0), 4979), city_object.globalconvexhull) AND (city_object.object ->> 'type') = 'Building'
2020-09-18 00:00:25.766 CEST [52486] LOG:  duration: 0.522 ms
2020-09-18 00:00:25.768 CEST [52486] LOG:  statement: ROLLBACK
2020-09-18 00:00:25.768 CEST [52486] LOG:  duration: 0.057 ms
2020-09-18 00:00:25.777 CEST [52486] LOG:  statement: BEGIN
2020-09-18 00:00:25.777 CEST [52486] LOG:  duration: 0.058 ms
2020-09-18 00:00:25.778 CEST [52486] LOG:  statement: SELECT city_object.id AS city_object_id, city_object.object AS city_object_object, city_object.attributes AS city_object_attributes, ST_AsEWKB(city_object.convexhull) AS city_object_convexhull, ST_AsEWKB(city_object.globalconvexhull) AS city_object_globalconvexhull, city_object.metadata_id AS city_object_metadata_id 
	FROM city_object 
	WHERE ST_Intersects(ST_SetSRID(ST_MakePoint(4.450846, 51.906183, 0.0), 4979), city_object.globalconvexhull) AND (city_object.object ->> 'type') = 'Building'
2020-09-18 00:00:25.778 CEST [52486] LOG:  duration: 0.375 ms
2020-09-18 00:00:25.780 CEST [52486] LOG:  statement: ROLLBACK
2020-09-18 00:00:25.780 CEST [52486] LOG:  duration: 0.077 ms
2020-09-18 00:00:25.791 CEST [52486] LOG:  statement: BEGIN
2020-09-18 00:00:25.791 CEST [52486] LOG:  duration: 0.066 ms
2020-09-18 00:00:25.792 CEST [52486] LOG:  statement: SELECT city_object.id AS city_object_id, city_object.object AS city_object_object, city_object.attributes AS city_object_attributes, ST_AsEWKB(city_object.convexhull) AS city_object_convexhull, ST_AsEWKB(city_object.globalconvexhull) AS city_object_globalconvexhull, city_object.metadata_id AS city_object_metadata_id 
	FROM city_object 
	WHERE ST_Intersects(ST_SetSRID(ST_MakePoint(4.450846, 51.906183, 0.0), 4979), city_object.globalconvexhull) AND (city_object.object ->> 'type') = 'Building'
2020-09-18 00:00:25.792 CEST [52486] LOG:  duration: 0.342 ms
2020-09-18 00:00:25.793 CEST [52486] LOG:  statement: ROLLBACK
2020-09-18 00:00:25.793 CEST [52486] LOG:  duration: 0.055 ms
2020-09-18 00:00:25.803 CEST [52486] LOG:  statement: BEGIN
2020-09-18 00:00:25.803 CEST [52486] LOG:  duration: 0.054 ms
2020-09-18 00:00:25.803 CEST [52486] LOG:  statement: SELECT city_object.id AS city_object_id, city_object.object AS city_object_object, city_object.attributes AS city_object_attributes, ST_AsEWKB(city_object.convexhull) AS city_object_convexhull, ST_AsEWKB(city_object.globalconvexhull) AS city_object_globalconvexhull, city_object.metadata_id AS city_object_metadata_id 
	FROM city_object 
	WHERE ST_Intersects(ST_SetSRID(ST_MakePoint(4.450846, 51.906183, 0.0), 4979), city_object.globalconvexhull) AND (city_object.object ->> 'type') = 'Building'
2020-09-18 00:00:25.803 CEST [52486] LOG:  duration: 0.307 ms
2020-09-18 00:00:25.804 CEST [52486] LOG:  statement: ROLLBACK
2020-09-18 00:00:25.804 CEST [52486] LOG:  duration: 0.052 ms
2020-09-18 00:00:25.820 CEST [52486] LOG:  statement: BEGIN
2020-09-18 00:00:25.820 CEST [52486] LOG:  duration: 0.058 ms
2020-09-18 00:00:25.820 CEST [52486] LOG:  statement: SELECT city_object.id AS city_object_id, city_object.object AS city_object_object, city_object.attributes AS city_object_attributes, ST_AsEWKB(city_object.convexhull) AS city_object_convexhull, ST_AsEWKB(city_object.globalconvexhull) AS city_object_globalconvexhull, city_object.metadata_id AS city_object_metadata_id 
	FROM city_object 
	WHERE ST_Intersects(ST_SetSRID(ST_MakePoint(4.450846, 51.906183, 0.0), 4979), city_object.globalconvexhull) AND (city_object.object ->> 'type') = 'Building'
2020-09-18 00:00:25.821 CEST [52486] LOG:  duration: 0.338 ms
2020-09-18 00:00:25.822 CEST [52486] LOG:  statement: ROLLBACK
2020-09-18 00:00:25.822 CEST [52486] LOG:  duration: 0.067 ms
2020-09-18 00:00:25.834 CEST [52486] LOG:  statement: BEGIN
2020-09-18 00:00:25.834 CEST [52486] LOG:  duration: 0.055 ms
2020-09-18 00:00:25.834 CEST [52486] LOG:  statement: SELECT city_object.id AS city_object_id, city_object.object AS city_object_object, city_object.attributes AS city_object_attributes, ST_AsEWKB(city_object.convexhull) AS city_object_convexhull, ST_AsEWKB(city_object.globalconvexhull) AS city_object_globalconvexhull, city_object.metadata_id AS city_object_metadata_id 
	FROM city_object 
	WHERE ST_Intersects(ST_SetSRID(ST_MakePoint(4.450846, 51.906183, 0.0), 4979), city_object.globalconvexhull) AND (city_object.object ->> 'type') = 'Building'
2020-09-18 00:00:25.834 CEST [52486] LOG:  duration: 0.382 ms
2020-09-18 00:00:25.836 CEST [52486] LOG:  statement: ROLLBACK
2020-09-18 00:00:25.836 CEST [52486] LOG:  duration: 0.064 ms
2020-09-18 00:00:25.850 CEST [52486] LOG:  statement: BEGIN
2020-09-18 00:00:25.850 CEST [52486] LOG:  duration: 0.133 ms
2020-09-18 00:00:25.850 CEST [52486] LOG:  statement: SELECT city_object.id AS city_object_id, city_object.object AS city_object_object, city_object.attributes AS city_object_attributes, ST_AsEWKB(city_object.convexhull) AS city_object_convexhull, ST_AsEWKB(city_object.globalconvexhull) AS city_object_globalconvexhull, city_object.metadata_id AS city_object_metadata_id 
	FROM city_object 
	WHERE ST_Intersects(ST_SetSRID(ST_MakePoint(4.450846, 51.906183, 0.0), 4979), city_object.globalconvexhull) AND (city_object.object ->> 'type') = 'Building'
2020-09-18 00:00:25.851 CEST [52486] LOG:  duration: 0.412 ms
2020-09-18 00:00:25.853 CEST [52486] LOG:  statement: ROLLBACK
2020-09-18 00:00:25.853 CEST [52486] LOG:  duration: 0.071 ms
2020-09-18 00:00:52.836 CEST [52456] LOG:  received fast shutdown request
2020-09-18 00:00:52.837 CEST [52456] LOG:  aborting any active transactions
2020-09-18 00:00:52.837 CEST [52486] FATAL:  terminating connection due to administrator command
2020-09-18 00:00:52.839 CEST [52456] LOG:  background worker "logical replication launcher" (PID 52464) exited with exit code 1
2020-09-18 00:00:52.840 CEST [52459] LOG:  shutting down
2020-09-18 00:00:52.853 CEST [52456] LOG:  database system is shut down
