2020-09-03 18:47:22.514 CEST [52797] LOG:  database system was shut down at 2020-09-03 18:47:10 CEST
2020-09-03 18:47:22.518 CEST [52795] LOG:  database system is ready to accept connections
2020-09-03 18:48:29.612 CEST [52828] LOG:  statement: BEGIN
2020-09-03 18:48:29.612 CEST [52828] LOG:  duration: 0.171 ms
2020-09-03 18:48:29.612 CEST [52828] LOG:  statement: SELECT city_object.id AS city_object_id, city_object.object AS city_object_object, city_object.attributes AS city_object_attributes, ST_AsEWKB(city_object.convexhull) AS city_object_convexhull, city_object.metadata_id AS city_object_metadata_id 
	FROM city_object 
	WHERE city_object.id = '{A3DF9B7C-9349-4703-88F4-C971EDB9D0A6}'
2020-09-03 18:48:29.631 CEST [52828] LOG:  duration: 19.276 ms
2020-09-03 18:48:29.633 CEST [52828] LOG:  statement: ROLLBACK
2020-09-03 18:48:29.633 CEST [52828] LOG:  duration: 0.062 ms
2020-09-03 18:48:29.639 CEST [52828] LOG:  statement: BEGIN
2020-09-03 18:48:29.639 CEST [52828] LOG:  duration: 0.051 ms
2020-09-03 18:48:29.639 CEST [52828] LOG:  statement: SELECT city_object.id AS city_object_id, city_object.object AS city_object_object, city_object.attributes AS city_object_attributes, ST_AsEWKB(city_object.convexhull) AS city_object_convexhull, city_object.metadata_id AS city_object_metadata_id 
	FROM city_object 
	WHERE city_object.id = '{A3DF9B7C-9349-4703-88F4-C971EDB9D0A6}'
2020-09-03 18:48:29.639 CEST [52828] LOG:  duration: 0.301 ms
2020-09-03 18:48:29.641 CEST [52828] LOG:  statement: ROLLBACK
2020-09-03 18:48:29.641 CEST [52828] LOG:  duration: 0.127 ms
2020-09-03 18:48:29.650 CEST [52828] LOG:  statement: BEGIN
2020-09-03 18:48:29.650 CEST [52828] LOG:  duration: 0.059 ms
2020-09-03 18:48:29.650 CEST [52828] LOG:  statement: SELECT city_object.id AS city_object_id, city_object.object AS city_object_object, city_object.attributes AS city_object_attributes, ST_AsEWKB(city_object.convexhull) AS city_object_convexhull, city_object.metadata_id AS city_object_metadata_id 
	FROM city_object 
	WHERE city_object.id = '{A3DF9B7C-9349-4703-88F4-C971EDB9D0A6}'
2020-09-03 18:48:29.651 CEST [52828] LOG:  duration: 0.267 ms
2020-09-03 18:48:29.652 CEST [52828] LOG:  statement: ROLLBACK
2020-09-03 18:48:29.653 CEST [52828] LOG:  duration: 0.117 ms
2020-09-03 18:48:29.665 CEST [52828] LOG:  statement: BEGIN
2020-09-03 18:48:29.665 CEST [52828] LOG:  duration: 0.047 ms
2020-09-03 18:48:29.666 CEST [52828] LOG:  statement: SELECT city_object.id AS city_object_id, city_object.object AS city_object_object, city_object.attributes AS city_object_attributes, ST_AsEWKB(city_object.convexhull) AS city_object_convexhull, city_object.metadata_id AS city_object_metadata_id 
	FROM city_object 
	WHERE city_object.id = '{A3DF9B7C-9349-4703-88F4-C971EDB9D0A6}'
2020-09-03 18:48:29.666 CEST [52828] LOG:  duration: 0.216 ms
2020-09-03 18:48:29.667 CEST [52828] LOG:  statement: ROLLBACK
2020-09-03 18:48:29.667 CEST [52828] LOG:  duration: 0.065 ms
2020-09-03 18:48:29.677 CEST [52828] LOG:  statement: BEGIN
2020-09-03 18:48:29.677 CEST [52828] LOG:  duration: 0.044 ms
2020-09-03 18:48:29.677 CEST [52828] LOG:  statement: SELECT city_object.id AS city_object_id, city_object.object AS city_object_object, city_object.attributes AS city_object_attributes, ST_AsEWKB(city_object.convexhull) AS city_object_convexhull, city_object.metadata_id AS city_object_metadata_id 
	FROM city_object 
	WHERE city_object.id = '{A3DF9B7C-9349-4703-88F4-C971EDB9D0A6}'
2020-09-03 18:48:29.677 CEST [52828] LOG:  duration: 0.208 ms
2020-09-03 18:48:29.678 CEST [52828] LOG:  statement: ROLLBACK
2020-09-03 18:48:29.678 CEST [52828] LOG:  duration: 0.072 ms
2020-09-03 18:48:29.691 CEST [52828] LOG:  statement: BEGIN
2020-09-03 18:48:29.691 CEST [52828] LOG:  duration: 0.047 ms
2020-09-03 18:48:29.692 CEST [52828] LOG:  statement: SELECT city_object.id AS city_object_id, city_object.object AS city_object_object, city_object.attributes AS city_object_attributes, ST_AsEWKB(city_object.convexhull) AS city_object_convexhull, city_object.metadata_id AS city_object_metadata_id 
	FROM city_object 
	WHERE city_object.id = '{A3DF9B7C-9349-4703-88F4-C971EDB9D0A6}'
2020-09-03 18:48:29.692 CEST [52828] LOG:  duration: 0.217 ms
2020-09-03 18:48:29.693 CEST [52828] LOG:  statement: ROLLBACK
2020-09-03 18:48:29.693 CEST [52828] LOG:  duration: 0.057 ms
2020-09-03 18:48:29.702 CEST [52828] LOG:  statement: BEGIN
2020-09-03 18:48:29.702 CEST [52828] LOG:  duration: 0.063 ms
2020-09-03 18:48:29.702 CEST [52828] LOG:  statement: SELECT city_object.id AS city_object_id, city_object.object AS city_object_object, city_object.attributes AS city_object_attributes, ST_AsEWKB(city_object.convexhull) AS city_object_convexhull, city_object.metadata_id AS city_object_metadata_id 
	FROM city_object 
	WHERE city_object.id = '{A3DF9B7C-9349-4703-88F4-C971EDB9D0A6}'
2020-09-03 18:48:29.702 CEST [52828] LOG:  duration: 0.364 ms
2020-09-03 18:48:29.703 CEST [52828] LOG:  statement: ROLLBACK
2020-09-03 18:48:29.704 CEST [52828] LOG:  duration: 0.057 ms
2020-09-03 18:48:29.722 CEST [52828] LOG:  statement: BEGIN
2020-09-03 18:48:29.722 CEST [52828] LOG:  duration: 0.051 ms
2020-09-03 18:48:29.723 CEST [52828] LOG:  statement: SELECT city_object.id AS city_object_id, city_object.object AS city_object_object, city_object.attributes AS city_object_attributes, ST_AsEWKB(city_object.convexhull) AS city_object_convexhull, city_object.metadata_id AS city_object_metadata_id 
	FROM city_object 
	WHERE city_object.id = '{A3DF9B7C-9349-4703-88F4-C971EDB9D0A6}'
2020-09-03 18:48:29.723 CEST [52828] LOG:  duration: 0.190 ms
2020-09-03 18:48:29.724 CEST [52828] LOG:  statement: ROLLBACK
2020-09-03 18:48:29.724 CEST [52828] LOG:  duration: 0.045 ms
2020-09-03 18:48:29.738 CEST [52828] LOG:  statement: BEGIN
2020-09-03 18:48:29.738 CEST [52828] LOG:  duration: 0.189 ms
2020-09-03 18:48:29.739 CEST [52828] LOG:  statement: SELECT city_object.id AS city_object_id, city_object.object AS city_object_object, city_object.attributes AS city_object_attributes, ST_AsEWKB(city_object.convexhull) AS city_object_convexhull, city_object.metadata_id AS city_object_metadata_id 
	FROM city_object 
	WHERE city_object.id = '{A3DF9B7C-9349-4703-88F4-C971EDB9D0A6}'
2020-09-03 18:48:29.740 CEST [52828] LOG:  duration: 0.787 ms
2020-09-03 18:48:29.742 CEST [52828] LOG:  statement: ROLLBACK
2020-09-03 18:48:29.742 CEST [52828] LOG:  duration: 0.066 ms
2020-09-03 18:48:29.757 CEST [52828] LOG:  statement: BEGIN
2020-09-03 18:48:29.757 CEST [52828] LOG:  duration: 0.049 ms
2020-09-03 18:48:29.757 CEST [52828] LOG:  statement: SELECT city_object.id AS city_object_id, city_object.object AS city_object_object, city_object.attributes AS city_object_attributes, ST_AsEWKB(city_object.convexhull) AS city_object_convexhull, city_object.metadata_id AS city_object_metadata_id 
	FROM city_object 
	WHERE city_object.id = '{A3DF9B7C-9349-4703-88F4-C971EDB9D0A6}'
2020-09-03 18:48:29.757 CEST [52828] LOG:  duration: 0.219 ms
2020-09-03 18:48:29.759 CEST [52828] LOG:  statement: ROLLBACK
2020-09-03 18:48:29.759 CEST [52828] LOG:  duration: 0.068 ms
2020-09-03 18:48:29.773 CEST [52828] LOG:  statement: BEGIN
2020-09-03 18:48:29.774 CEST [52828] LOG:  duration: 0.217 ms
2020-09-03 18:48:29.774 CEST [52828] LOG:  statement: SELECT city_object.id AS city_object_id, city_object.object AS city_object_object, city_object.attributes AS city_object_attributes, ST_AsEWKB(city_object.convexhull) AS city_object_convexhull, city_object.metadata_id AS city_object_metadata_id 
	FROM city_object 
	WHERE city_object.id = '{A3DF9B7C-9349-4703-88F4-C971EDB9D0A6}'
2020-09-03 18:48:29.774 CEST [52828] LOG:  duration: 0.223 ms
2020-09-03 18:48:29.775 CEST [52828] LOG:  statement: ROLLBACK
2020-09-03 18:48:29.775 CEST [52828] LOG:  duration: 0.068 ms
2020-09-03 18:48:29.792 CEST [52828] LOG:  statement: BEGIN
2020-09-03 18:48:29.792 CEST [52828] LOG:  duration: 0.054 ms
2020-09-03 18:48:29.792 CEST [52828] LOG:  statement: SELECT city_object.id AS city_object_id, city_object.object AS city_object_object, city_object.attributes AS city_object_attributes, ST_AsEWKB(city_object.convexhull) AS city_object_convexhull, city_object.metadata_id AS city_object_metadata_id 
	FROM city_object 
	WHERE city_object.id = '{A3DF9B7C-9349-4703-88F4-C971EDB9D0A6}'
2020-09-03 18:48:29.792 CEST [52828] LOG:  duration: 0.250 ms
2020-09-03 18:48:29.794 CEST [52828] LOG:  statement: ROLLBACK
2020-09-03 18:48:29.794 CEST [52828] LOG:  duration: 0.059 ms
2020-09-03 18:48:29.802 CEST [52828] LOG:  statement: BEGIN
2020-09-03 18:48:29.802 CEST [52828] LOG:  duration: 0.045 ms
2020-09-03 18:48:29.802 CEST [52828] LOG:  statement: SELECT city_object.id AS city_object_id, city_object.object AS city_object_object, city_object.attributes AS city_object_attributes, ST_AsEWKB(city_object.convexhull) AS city_object_convexhull, city_object.metadata_id AS city_object_metadata_id 
	FROM city_object 
	WHERE city_object.id = '{A3DF9B7C-9349-4703-88F4-C971EDB9D0A6}'
2020-09-03 18:48:29.802 CEST [52828] LOG:  duration: 0.180 ms
2020-09-03 18:48:29.803 CEST [52828] LOG:  statement: ROLLBACK
2020-09-03 18:48:29.803 CEST [52828] LOG:  duration: 0.050 ms
2020-09-03 18:48:29.810 CEST [52828] LOG:  statement: BEGIN
2020-09-03 18:48:29.810 CEST [52828] LOG:  duration: 0.057 ms
2020-09-03 18:48:29.810 CEST [52828] LOG:  statement: SELECT city_object.id AS city_object_id, city_object.object AS city_object_object, city_object.attributes AS city_object_attributes, ST_AsEWKB(city_object.convexhull) AS city_object_convexhull, city_object.metadata_id AS city_object_metadata_id 
	FROM city_object 
	WHERE city_object.id = '{A3DF9B7C-9349-4703-88F4-C971EDB9D0A6}'
2020-09-03 18:48:29.811 CEST [52828] LOG:  duration: 0.693 ms
2020-09-03 18:48:29.817 CEST [52828] LOG:  statement: ROLLBACK
2020-09-03 18:48:29.817 CEST [52828] LOG:  duration: 0.072 ms
2020-09-03 18:48:29.834 CEST [52828] LOG:  statement: BEGIN
2020-09-03 18:48:29.834 CEST [52828] LOG:  duration: 0.052 ms
2020-09-03 18:48:29.834 CEST [52828] LOG:  statement: SELECT city_object.id AS city_object_id, city_object.object AS city_object_object, city_object.attributes AS city_object_attributes, ST_AsEWKB(city_object.convexhull) AS city_object_convexhull, city_object.metadata_id AS city_object_metadata_id 
	FROM city_object 
	WHERE city_object.id = '{A3DF9B7C-9349-4703-88F4-C971EDB9D0A6}'
2020-09-03 18:48:29.834 CEST [52828] LOG:  duration: 0.228 ms
2020-09-03 18:48:29.839 CEST [52828] LOG:  statement: ROLLBACK
2020-09-03 18:48:29.839 CEST [52828] LOG:  duration: 0.355 ms
2020-09-03 18:48:29.854 CEST [52828] LOG:  statement: BEGIN
2020-09-03 18:48:29.854 CEST [52828] LOG:  duration: 0.052 ms
2020-09-03 18:48:29.854 CEST [52828] LOG:  statement: SELECT city_object.id AS city_object_id, city_object.object AS city_object_object, city_object.attributes AS city_object_attributes, ST_AsEWKB(city_object.convexhull) AS city_object_convexhull, city_object.metadata_id AS city_object_metadata_id 
	FROM city_object 
	WHERE city_object.id = '{A3DF9B7C-9349-4703-88F4-C971EDB9D0A6}'
2020-09-03 18:48:29.855 CEST [52828] LOG:  duration: 0.221 ms
2020-09-03 18:48:29.856 CEST [52828] LOG:  statement: ROLLBACK
2020-09-03 18:48:29.856 CEST [52828] LOG:  duration: 0.070 ms
2020-09-03 18:48:29.863 CEST [52828] LOG:  statement: BEGIN
2020-09-03 18:48:29.863 CEST [52828] LOG:  duration: 0.058 ms
2020-09-03 18:48:29.864 CEST [52828] LOG:  statement: SELECT city_object.id AS city_object_id, city_object.object AS city_object_object, city_object.attributes AS city_object_attributes, ST_AsEWKB(city_object.convexhull) AS city_object_convexhull, city_object.metadata_id AS city_object_metadata_id 
	FROM city_object 
	WHERE city_object.id = '{A3DF9B7C-9349-4703-88F4-C971EDB9D0A6}'
2020-09-03 18:48:29.864 CEST [52828] LOG:  duration: 0.245 ms
2020-09-03 18:48:29.865 CEST [52828] LOG:  statement: ROLLBACK
2020-09-03 18:48:29.865 CEST [52828] LOG:  duration: 0.079 ms
2020-09-03 18:48:29.879 CEST [52828] LOG:  statement: BEGIN
2020-09-03 18:48:29.879 CEST [52828] LOG:  duration: 0.069 ms
2020-09-03 18:48:29.879 CEST [52828] LOG:  statement: SELECT city_object.id AS city_object_id, city_object.object AS city_object_object, city_object.attributes AS city_object_attributes, ST_AsEWKB(city_object.convexhull) AS city_object_convexhull, city_object.metadata_id AS city_object_metadata_id 
	FROM city_object 
	WHERE city_object.id = '{A3DF9B7C-9349-4703-88F4-C971EDB9D0A6}'
2020-09-03 18:48:29.879 CEST [52828] LOG:  duration: 0.245 ms
2020-09-03 18:48:29.881 CEST [52828] LOG:  statement: ROLLBACK
2020-09-03 18:48:29.881 CEST [52828] LOG:  duration: 0.061 ms
2020-09-03 18:48:29.888 CEST [52828] LOG:  statement: BEGIN
2020-09-03 18:48:29.888 CEST [52828] LOG:  duration: 0.042 ms
2020-09-03 18:48:29.888 CEST [52828] LOG:  statement: SELECT city_object.id AS city_object_id, city_object.object AS city_object_object, city_object.attributes AS city_object_attributes, ST_AsEWKB(city_object.convexhull) AS city_object_convexhull, city_object.metadata_id AS city_object_metadata_id 
	FROM city_object 
	WHERE city_object.id = '{A3DF9B7C-9349-4703-88F4-C971EDB9D0A6}'
2020-09-03 18:48:29.888 CEST [52828] LOG:  duration: 0.174 ms
2020-09-03 18:48:29.889 CEST [52828] LOG:  statement: ROLLBACK
2020-09-03 18:48:29.889 CEST [52828] LOG:  duration: 0.055 ms
2020-09-03 18:48:29.902 CEST [52828] LOG:  statement: BEGIN
2020-09-03 18:48:29.902 CEST [52828] LOG:  duration: 0.057 ms
2020-09-03 18:48:29.902 CEST [52828] LOG:  statement: SELECT city_object.id AS city_object_id, city_object.object AS city_object_object, city_object.attributes AS city_object_attributes, ST_AsEWKB(city_object.convexhull) AS city_object_convexhull, city_object.metadata_id AS city_object_metadata_id 
	FROM city_object 
	WHERE city_object.id = '{A3DF9B7C-9349-4703-88F4-C971EDB9D0A6}'
2020-09-03 18:48:29.903 CEST [52828] LOG:  duration: 0.268 ms
2020-09-03 18:48:29.905 CEST [52828] LOG:  statement: ROLLBACK
2020-09-03 18:48:29.905 CEST [52828] LOG:  duration: 0.167 ms
2020-09-03 18:48:29.914 CEST [52828] LOG:  statement: BEGIN
2020-09-03 18:48:29.914 CEST [52828] LOG:  duration: 0.056 ms
2020-09-03 18:48:29.914 CEST [52828] LOG:  statement: SELECT city_object.id AS city_object_id, city_object.object AS city_object_object, city_object.attributes AS city_object_attributes, ST_AsEWKB(city_object.convexhull) AS city_object_convexhull, city_object.metadata_id AS city_object_metadata_id 
	FROM city_object 
	WHERE city_object.id = '{A3DF9B7C-9349-4703-88F4-C971EDB9D0A6}'
2020-09-03 18:48:29.915 CEST [52828] LOG:  duration: 0.235 ms
2020-09-03 18:48:29.916 CEST [52828] LOG:  statement: ROLLBACK
2020-09-03 18:48:29.916 CEST [52828] LOG:  duration: 0.105 ms
2020-09-03 18:48:29.930 CEST [52828] LOG:  statement: BEGIN
2020-09-03 18:48:29.930 CEST [52828] LOG:  duration: 0.359 ms
2020-09-03 18:48:29.930 CEST [52828] LOG:  statement: SELECT city_object.id AS city_object_id, city_object.object AS city_object_object, city_object.attributes AS city_object_attributes, ST_AsEWKB(city_object.convexhull) AS city_object_convexhull, city_object.metadata_id AS city_object_metadata_id 
	FROM city_object 
	WHERE city_object.id = '{A3DF9B7C-9349-4703-88F4-C971EDB9D0A6}'
2020-09-03 18:48:29.931 CEST [52828] LOG:  duration: 0.252 ms
2020-09-03 18:48:29.933 CEST [52828] LOG:  statement: ROLLBACK
2020-09-03 18:48:29.933 CEST [52828] LOG:  duration: 0.074 ms
2020-09-03 18:48:29.942 CEST [52828] LOG:  statement: BEGIN
2020-09-03 18:48:29.942 CEST [52828] LOG:  duration: 0.052 ms
2020-09-03 18:48:29.943 CEST [52828] LOG:  statement: SELECT city_object.id AS city_object_id, city_object.object AS city_object_object, city_object.attributes AS city_object_attributes, ST_AsEWKB(city_object.convexhull) AS city_object_convexhull, city_object.metadata_id AS city_object_metadata_id 
	FROM city_object 
	WHERE city_object.id = '{A3DF9B7C-9349-4703-88F4-C971EDB9D0A6}'
2020-09-03 18:48:29.943 CEST [52828] LOG:  duration: 0.408 ms
2020-09-03 18:48:29.945 CEST [52828] LOG:  statement: ROLLBACK
2020-09-03 18:48:29.945 CEST [52828] LOG:  duration: 0.063 ms
2020-09-03 18:48:29.958 CEST [52828] LOG:  statement: BEGIN
2020-09-03 18:48:29.958 CEST [52828] LOG:  duration: 0.050 ms
2020-09-03 18:48:29.958 CEST [52828] LOG:  statement: SELECT city_object.id AS city_object_id, city_object.object AS city_object_object, city_object.attributes AS city_object_attributes, ST_AsEWKB(city_object.convexhull) AS city_object_convexhull, city_object.metadata_id AS city_object_metadata_id 
	FROM city_object 
	WHERE city_object.id = '{A3DF9B7C-9349-4703-88F4-C971EDB9D0A6}'
2020-09-03 18:48:29.958 CEST [52828] LOG:  duration: 0.247 ms
2020-09-03 18:48:29.959 CEST [52828] LOG:  statement: ROLLBACK
2020-09-03 18:48:29.959 CEST [52828] LOG:  duration: 0.066 ms
2020-09-03 18:48:29.975 CEST [52828] LOG:  statement: BEGIN
2020-09-03 18:48:29.975 CEST [52828] LOG:  duration: 0.052 ms
2020-09-03 18:48:29.975 CEST [52828] LOG:  statement: SELECT city_object.id AS city_object_id, city_object.object AS city_object_object, city_object.attributes AS city_object_attributes, ST_AsEWKB(city_object.convexhull) AS city_object_convexhull, city_object.metadata_id AS city_object_metadata_id 
	FROM city_object 
	WHERE city_object.id = '{A3DF9B7C-9349-4703-88F4-C971EDB9D0A6}'
2020-09-03 18:48:29.975 CEST [52828] LOG:  duration: 0.237 ms
2020-09-03 18:48:29.977 CEST [52828] LOG:  statement: ROLLBACK
2020-09-03 18:48:29.977 CEST [52828] LOG:  duration: 0.068 ms
2020-09-03 18:48:29.985 CEST [52828] LOG:  statement: BEGIN
2020-09-03 18:48:29.985 CEST [52828] LOG:  duration: 0.058 ms
2020-09-03 18:48:29.985 CEST [52828] LOG:  statement: SELECT city_object.id AS city_object_id, city_object.object AS city_object_object, city_object.attributes AS city_object_attributes, ST_AsEWKB(city_object.convexhull) AS city_object_convexhull, city_object.metadata_id AS city_object_metadata_id 
	FROM city_object 
	WHERE city_object.id = '{A3DF9B7C-9349-4703-88F4-C971EDB9D0A6}'
2020-09-03 18:48:29.985 CEST [52828] LOG:  duration: 0.381 ms
2020-09-03 18:48:29.989 CEST [52828] LOG:  statement: ROLLBACK
2020-09-03 18:48:29.989 CEST [52828] LOG:  duration: 0.062 ms
2020-09-03 18:48:29.995 CEST [52828] LOG:  statement: BEGIN
2020-09-03 18:48:29.995 CEST [52828] LOG:  duration: 0.045 ms
2020-09-03 18:48:29.995 CEST [52828] LOG:  statement: SELECT city_object.id AS city_object_id, city_object.object AS city_object_object, city_object.attributes AS city_object_attributes, ST_AsEWKB(city_object.convexhull) AS city_object_convexhull, city_object.metadata_id AS city_object_metadata_id 
	FROM city_object 
	WHERE city_object.id = '{A3DF9B7C-9349-4703-88F4-C971EDB9D0A6}'
2020-09-03 18:48:29.995 CEST [52828] LOG:  duration: 0.220 ms
2020-09-03 18:48:29.997 CEST [52828] LOG:  statement: ROLLBACK
2020-09-03 18:48:29.997 CEST [52828] LOG:  duration: 0.077 ms
2020-09-03 18:48:30.010 CEST [52828] LOG:  statement: BEGIN
2020-09-03 18:48:30.010 CEST [52828] LOG:  duration: 0.044 ms
2020-09-03 18:48:30.010 CEST [52828] LOG:  statement: SELECT city_object.id AS city_object_id, city_object.object AS city_object_object, city_object.attributes AS city_object_attributes, ST_AsEWKB(city_object.convexhull) AS city_object_convexhull, city_object.metadata_id AS city_object_metadata_id 
	FROM city_object 
	WHERE city_object.id = '{A3DF9B7C-9349-4703-88F4-C971EDB9D0A6}'
2020-09-03 18:48:30.010 CEST [52828] LOG:  duration: 0.199 ms
2020-09-03 18:48:30.012 CEST [52828] LOG:  statement: ROLLBACK
2020-09-03 18:48:30.012 CEST [52828] LOG:  duration: 0.064 ms
2020-09-03 18:48:30.025 CEST [52828] LOG:  statement: BEGIN
2020-09-03 18:48:30.025 CEST [52828] LOG:  duration: 0.049 ms
2020-09-03 18:48:30.025 CEST [52828] LOG:  statement: SELECT city_object.id AS city_object_id, city_object.object AS city_object_object, city_object.attributes AS city_object_attributes, ST_AsEWKB(city_object.convexhull) AS city_object_convexhull, city_object.metadata_id AS city_object_metadata_id 
	FROM city_object 
	WHERE city_object.id = '{A3DF9B7C-9349-4703-88F4-C971EDB9D0A6}'
2020-09-03 18:48:30.025 CEST [52828] LOG:  duration: 0.192 ms
2020-09-03 18:48:30.027 CEST [52828] LOG:  statement: ROLLBACK
2020-09-03 18:48:30.027 CEST [52828] LOG:  duration: 0.061 ms
2020-09-03 18:48:30.036 CEST [52828] LOG:  statement: BEGIN
2020-09-03 18:48:30.036 CEST [52828] LOG:  duration: 0.058 ms
2020-09-03 18:48:30.036 CEST [52828] LOG:  statement: SELECT city_object.id AS city_object_id, city_object.object AS city_object_object, city_object.attributes AS city_object_attributes, ST_AsEWKB(city_object.convexhull) AS city_object_convexhull, city_object.metadata_id AS city_object_metadata_id 
	FROM city_object 
	WHERE city_object.id = '{A3DF9B7C-9349-4703-88F4-C971EDB9D0A6}'
2020-09-03 18:48:30.036 CEST [52828] LOG:  duration: 0.183 ms
2020-09-03 18:48:30.037 CEST [52828] LOG:  statement: ROLLBACK
2020-09-03 18:48:30.037 CEST [52828] LOG:  duration: 0.061 ms
2020-09-03 18:48:30.044 CEST [52828] LOG:  statement: BEGIN
2020-09-03 18:48:30.044 CEST [52828] LOG:  duration: 0.049 ms
2020-09-03 18:48:30.044 CEST [52828] LOG:  statement: SELECT city_object.id AS city_object_id, city_object.object AS city_object_object, city_object.attributes AS city_object_attributes, ST_AsEWKB(city_object.convexhull) AS city_object_convexhull, city_object.metadata_id AS city_object_metadata_id 
	FROM city_object 
	WHERE city_object.id = '{A3DF9B7C-9349-4703-88F4-C971EDB9D0A6}'
2020-09-03 18:48:30.044 CEST [52828] LOG:  duration: 0.191 ms
2020-09-03 18:48:30.045 CEST [52828] LOG:  statement: ROLLBACK
2020-09-03 18:48:30.045 CEST [52828] LOG:  duration: 0.061 ms
2020-09-03 18:48:30.059 CEST [52828] LOG:  statement: BEGIN
2020-09-03 18:48:30.059 CEST [52828] LOG:  duration: 0.044 ms
2020-09-03 18:48:30.059 CEST [52828] LOG:  statement: SELECT city_object.id AS city_object_id, city_object.object AS city_object_object, city_object.attributes AS city_object_attributes, ST_AsEWKB(city_object.convexhull) AS city_object_convexhull, city_object.metadata_id AS city_object_metadata_id 
	FROM city_object 
	WHERE city_object.id = '{A3DF9B7C-9349-4703-88F4-C971EDB9D0A6}'
2020-09-03 18:48:30.059 CEST [52828] LOG:  duration: 0.176 ms
2020-09-03 18:48:30.061 CEST [52828] LOG:  statement: ROLLBACK
2020-09-03 18:48:30.061 CEST [52828] LOG:  duration: 0.060 ms
2020-09-03 18:48:30.068 CEST [52828] LOG:  statement: BEGIN
2020-09-03 18:48:30.068 CEST [52828] LOG:  duration: 0.046 ms
2020-09-03 18:48:30.068 CEST [52828] LOG:  statement: SELECT city_object.id AS city_object_id, city_object.object AS city_object_object, city_object.attributes AS city_object_attributes, ST_AsEWKB(city_object.convexhull) AS city_object_convexhull, city_object.metadata_id AS city_object_metadata_id 
	FROM city_object 
	WHERE city_object.id = '{A3DF9B7C-9349-4703-88F4-C971EDB9D0A6}'
2020-09-03 18:48:30.068 CEST [52828] LOG:  duration: 0.186 ms
2020-09-03 18:48:30.069 CEST [52828] LOG:  statement: ROLLBACK
2020-09-03 18:48:30.069 CEST [52828] LOG:  duration: 0.053 ms
2020-09-03 18:48:30.073 CEST [52828] LOG:  statement: BEGIN
2020-09-03 18:48:30.073 CEST [52828] LOG:  duration: 0.042 ms
2020-09-03 18:48:30.074 CEST [52828] LOG:  statement: SELECT city_object.id AS city_object_id, city_object.object AS city_object_object, city_object.attributes AS city_object_attributes, ST_AsEWKB(city_object.convexhull) AS city_object_convexhull, city_object.metadata_id AS city_object_metadata_id 
	FROM city_object 
	WHERE city_object.id = '{A3DF9B7C-9349-4703-88F4-C971EDB9D0A6}'
2020-09-03 18:48:30.074 CEST [52828] LOG:  duration: 0.649 ms
2020-09-03 18:48:30.075 CEST [52828] LOG:  statement: ROLLBACK
2020-09-03 18:48:30.076 CEST [52828] LOG:  duration: 0.058 ms
2020-09-03 18:48:30.089 CEST [52828] LOG:  statement: BEGIN
2020-09-03 18:48:30.089 CEST [52828] LOG:  duration: 0.053 ms
2020-09-03 18:48:30.090 CEST [52828] LOG:  statement: SELECT city_object.id AS city_object_id, city_object.object AS city_object_object, city_object.attributes AS city_object_attributes, ST_AsEWKB(city_object.convexhull) AS city_object_convexhull, city_object.metadata_id AS city_object_metadata_id 
	FROM city_object 
	WHERE city_object.id = '{A3DF9B7C-9349-4703-88F4-C971EDB9D0A6}'
2020-09-03 18:48:30.091 CEST [52828] LOG:  duration: 0.874 ms
2020-09-03 18:48:30.092 CEST [52828] LOG:  statement: ROLLBACK
2020-09-03 18:48:30.092 CEST [52828] LOG:  duration: 0.066 ms
2020-09-03 18:48:30.103 CEST [52828] LOG:  statement: BEGIN
2020-09-03 18:48:30.103 CEST [52828] LOG:  duration: 0.049 ms
2020-09-03 18:48:30.103 CEST [52828] LOG:  statement: SELECT city_object.id AS city_object_id, city_object.object AS city_object_object, city_object.attributes AS city_object_attributes, ST_AsEWKB(city_object.convexhull) AS city_object_convexhull, city_object.metadata_id AS city_object_metadata_id 
	FROM city_object 
	WHERE city_object.id = '{A3DF9B7C-9349-4703-88F4-C971EDB9D0A6}'
2020-09-03 18:48:30.103 CEST [52828] LOG:  duration: 0.183 ms
2020-09-03 18:48:30.105 CEST [52828] LOG:  statement: ROLLBACK
2020-09-03 18:48:30.105 CEST [52828] LOG:  duration: 0.098 ms
2020-09-03 18:48:30.116 CEST [52828] LOG:  statement: BEGIN
2020-09-03 18:48:30.116 CEST [52828] LOG:  duration: 0.056 ms
2020-09-03 18:48:30.116 CEST [52828] LOG:  statement: SELECT city_object.id AS city_object_id, city_object.object AS city_object_object, city_object.attributes AS city_object_attributes, ST_AsEWKB(city_object.convexhull) AS city_object_convexhull, city_object.metadata_id AS city_object_metadata_id 
	FROM city_object 
	WHERE city_object.id = '{A3DF9B7C-9349-4703-88F4-C971EDB9D0A6}'
2020-09-03 18:48:30.116 CEST [52828] LOG:  duration: 0.331 ms
2020-09-03 18:48:30.117 CEST [52828] LOG:  statement: ROLLBACK
2020-09-03 18:48:30.117 CEST [52828] LOG:  duration: 0.071 ms
2020-09-03 18:48:30.127 CEST [52828] LOG:  statement: BEGIN
2020-09-03 18:48:30.127 CEST [52828] LOG:  duration: 0.055 ms
2020-09-03 18:48:30.128 CEST [52828] LOG:  statement: SELECT city_object.id AS city_object_id, city_object.object AS city_object_object, city_object.attributes AS city_object_attributes, ST_AsEWKB(city_object.convexhull) AS city_object_convexhull, city_object.metadata_id AS city_object_metadata_id 
	FROM city_object 
	WHERE city_object.id = '{A3DF9B7C-9349-4703-88F4-C971EDB9D0A6}'
2020-09-03 18:48:30.128 CEST [52828] LOG:  duration: 0.248 ms
2020-09-03 18:48:30.129 CEST [52828] LOG:  statement: ROLLBACK
2020-09-03 18:48:30.129 CEST [52828] LOG:  duration: 0.071 ms
2020-09-03 18:48:30.138 CEST [52828] LOG:  statement: BEGIN
2020-09-03 18:48:30.138 CEST [52828] LOG:  duration: 0.059 ms
2020-09-03 18:48:30.138 CEST [52828] LOG:  statement: SELECT city_object.id AS city_object_id, city_object.object AS city_object_object, city_object.attributes AS city_object_attributes, ST_AsEWKB(city_object.convexhull) AS city_object_convexhull, city_object.metadata_id AS city_object_metadata_id 
	FROM city_object 
	WHERE city_object.id = '{A3DF9B7C-9349-4703-88F4-C971EDB9D0A6}'
2020-09-03 18:48:30.139 CEST [52828] LOG:  duration: 0.264 ms
2020-09-03 18:48:30.143 CEST [52828] LOG:  statement: ROLLBACK
2020-09-03 18:48:30.143 CEST [52828] LOG:  duration: 0.217 ms
2020-09-03 18:48:30.153 CEST [52828] LOG:  statement: BEGIN
2020-09-03 18:48:30.153 CEST [52828] LOG:  duration: 0.058 ms
2020-09-03 18:48:30.153 CEST [52828] LOG:  statement: SELECT city_object.id AS city_object_id, city_object.object AS city_object_object, city_object.attributes AS city_object_attributes, ST_AsEWKB(city_object.convexhull) AS city_object_convexhull, city_object.metadata_id AS city_object_metadata_id 
	FROM city_object 
	WHERE city_object.id = '{A3DF9B7C-9349-4703-88F4-C971EDB9D0A6}'
2020-09-03 18:48:30.153 CEST [52828] LOG:  duration: 0.237 ms
2020-09-03 18:48:30.154 CEST [52828] LOG:  statement: ROLLBACK
2020-09-03 18:48:30.154 CEST [52828] LOG:  duration: 0.068 ms
2020-09-03 18:48:30.161 CEST [52828] LOG:  statement: BEGIN
2020-09-03 18:48:30.161 CEST [52828] LOG:  duration: 0.050 ms
2020-09-03 18:48:30.161 CEST [52828] LOG:  statement: SELECT city_object.id AS city_object_id, city_object.object AS city_object_object, city_object.attributes AS city_object_attributes, ST_AsEWKB(city_object.convexhull) AS city_object_convexhull, city_object.metadata_id AS city_object_metadata_id 
	FROM city_object 
	WHERE city_object.id = '{A3DF9B7C-9349-4703-88F4-C971EDB9D0A6}'
2020-09-03 18:48:30.161 CEST [52828] LOG:  duration: 0.310 ms
2020-09-03 18:48:30.163 CEST [52828] LOG:  statement: ROLLBACK
2020-09-03 18:48:30.163 CEST [52828] LOG:  duration: 0.073 ms
2020-09-03 18:48:30.174 CEST [52828] LOG:  statement: BEGIN
2020-09-03 18:48:30.174 CEST [52828] LOG:  duration: 0.059 ms
2020-09-03 18:48:30.174 CEST [52828] LOG:  statement: SELECT city_object.id AS city_object_id, city_object.object AS city_object_object, city_object.attributes AS city_object_attributes, ST_AsEWKB(city_object.convexhull) AS city_object_convexhull, city_object.metadata_id AS city_object_metadata_id 
	FROM city_object 
	WHERE city_object.id = '{A3DF9B7C-9349-4703-88F4-C971EDB9D0A6}'
2020-09-03 18:48:30.175 CEST [52828] LOG:  duration: 0.256 ms
2020-09-03 18:48:30.176 CEST [52828] LOG:  statement: ROLLBACK
2020-09-03 18:48:30.176 CEST [52828] LOG:  duration: 0.074 ms
2020-09-03 18:48:30.182 CEST [52828] LOG:  statement: BEGIN
2020-09-03 18:48:30.182 CEST [52828] LOG:  duration: 0.043 ms
2020-09-03 18:48:30.182 CEST [52828] LOG:  statement: SELECT city_object.id AS city_object_id, city_object.object AS city_object_object, city_object.attributes AS city_object_attributes, ST_AsEWKB(city_object.convexhull) AS city_object_convexhull, city_object.metadata_id AS city_object_metadata_id 
	FROM city_object 
	WHERE city_object.id = '{A3DF9B7C-9349-4703-88F4-C971EDB9D0A6}'
2020-09-03 18:48:30.182 CEST [52828] LOG:  duration: 0.237 ms
2020-09-03 18:48:30.187 CEST [52828] LOG:  statement: ROLLBACK
2020-09-03 18:48:30.187 CEST [52828] LOG:  duration: 0.073 ms
2020-09-03 18:48:30.196 CEST [52828] LOG:  statement: BEGIN
2020-09-03 18:48:30.196 CEST [52828] LOG:  duration: 0.094 ms
2020-09-03 18:48:30.196 CEST [52828] LOG:  statement: SELECT city_object.id AS city_object_id, city_object.object AS city_object_object, city_object.attributes AS city_object_attributes, ST_AsEWKB(city_object.convexhull) AS city_object_convexhull, city_object.metadata_id AS city_object_metadata_id 
	FROM city_object 
	WHERE city_object.id = '{A3DF9B7C-9349-4703-88F4-C971EDB9D0A6}'
2020-09-03 18:48:30.197 CEST [52828] LOG:  duration: 0.249 ms
2020-09-03 18:48:30.200 CEST [52828] LOG:  statement: ROLLBACK
2020-09-03 18:48:30.200 CEST [52828] LOG:  duration: 0.193 ms
2020-09-03 18:48:30.210 CEST [52828] LOG:  statement: BEGIN
2020-09-03 18:48:30.211 CEST [52828] LOG:  duration: 0.058 ms
2020-09-03 18:48:30.211 CEST [52828] LOG:  statement: SELECT city_object.id AS city_object_id, city_object.object AS city_object_object, city_object.attributes AS city_object_attributes, ST_AsEWKB(city_object.convexhull) AS city_object_convexhull, city_object.metadata_id AS city_object_metadata_id 
	FROM city_object 
	WHERE city_object.id = '{A3DF9B7C-9349-4703-88F4-C971EDB9D0A6}'
2020-09-03 18:48:30.211 CEST [52828] LOG:  duration: 0.329 ms
2020-09-03 18:48:30.212 CEST [52828] LOG:  statement: ROLLBACK
2020-09-03 18:48:30.213 CEST [52828] LOG:  duration: 0.086 ms
2020-09-03 18:48:30.225 CEST [52828] LOG:  statement: BEGIN
2020-09-03 18:48:30.225 CEST [52828] LOG:  duration: 0.055 ms
2020-09-03 18:48:30.225 CEST [52828] LOG:  statement: SELECT city_object.id AS city_object_id, city_object.object AS city_object_object, city_object.attributes AS city_object_attributes, ST_AsEWKB(city_object.convexhull) AS city_object_convexhull, city_object.metadata_id AS city_object_metadata_id 
	FROM city_object 
	WHERE city_object.id = '{A3DF9B7C-9349-4703-88F4-C971EDB9D0A6}'
2020-09-03 18:48:30.225 CEST [52828] LOG:  duration: 0.235 ms
2020-09-03 18:48:30.227 CEST [52828] LOG:  statement: ROLLBACK
2020-09-03 18:48:30.227 CEST [52828] LOG:  duration: 0.084 ms
2020-09-03 18:48:30.238 CEST [52828] LOG:  statement: BEGIN
2020-09-03 18:48:30.238 CEST [52828] LOG:  duration: 0.132 ms
2020-09-03 18:48:30.238 CEST [52828] LOG:  statement: SELECT city_object.id AS city_object_id, city_object.object AS city_object_object, city_object.attributes AS city_object_attributes, ST_AsEWKB(city_object.convexhull) AS city_object_convexhull, city_object.metadata_id AS city_object_metadata_id 
	FROM city_object 
	WHERE city_object.id = '{A3DF9B7C-9349-4703-88F4-C971EDB9D0A6}'
2020-09-03 18:48:30.239 CEST [52828] LOG:  duration: 0.488 ms
2020-09-03 18:48:30.240 CEST [52828] LOG:  statement: ROLLBACK
2020-09-03 18:48:30.240 CEST [52828] LOG:  duration: 0.095 ms
2020-09-03 18:48:30.253 CEST [52828] LOG:  statement: BEGIN
2020-09-03 18:48:30.253 CEST [52828] LOG:  duration: 0.061 ms
2020-09-03 18:48:30.253 CEST [52828] LOG:  statement: SELECT city_object.id AS city_object_id, city_object.object AS city_object_object, city_object.attributes AS city_object_attributes, ST_AsEWKB(city_object.convexhull) AS city_object_convexhull, city_object.metadata_id AS city_object_metadata_id 
	FROM city_object 
	WHERE city_object.id = '{A3DF9B7C-9349-4703-88F4-C971EDB9D0A6}'
2020-09-03 18:48:30.253 CEST [52828] LOG:  duration: 0.286 ms
2020-09-03 18:48:30.256 CEST [52828] LOG:  statement: ROLLBACK
2020-09-03 18:48:30.257 CEST [52828] LOG:  duration: 0.463 ms
2020-09-03 18:48:30.267 CEST [52828] LOG:  statement: BEGIN
2020-09-03 18:48:30.267 CEST [52828] LOG:  duration: 0.062 ms
2020-09-03 18:48:30.267 CEST [52828] LOG:  statement: SELECT city_object.id AS city_object_id, city_object.object AS city_object_object, city_object.attributes AS city_object_attributes, ST_AsEWKB(city_object.convexhull) AS city_object_convexhull, city_object.metadata_id AS city_object_metadata_id 
	FROM city_object 
	WHERE city_object.id = '{A3DF9B7C-9349-4703-88F4-C971EDB9D0A6}'
2020-09-03 18:48:30.267 CEST [52828] LOG:  duration: 0.189 ms
2020-09-03 18:48:30.268 CEST [52828] LOG:  statement: ROLLBACK
2020-09-03 18:48:30.268 CEST [52828] LOG:  duration: 0.054 ms
2020-09-03 18:48:30.275 CEST [52828] LOG:  statement: BEGIN
2020-09-03 18:48:30.275 CEST [52828] LOG:  duration: 0.051 ms
2020-09-03 18:48:30.275 CEST [52828] LOG:  statement: SELECT city_object.id AS city_object_id, city_object.object AS city_object_object, city_object.attributes AS city_object_attributes, ST_AsEWKB(city_object.convexhull) AS city_object_convexhull, city_object.metadata_id AS city_object_metadata_id 
	FROM city_object 
	WHERE city_object.id = '{A3DF9B7C-9349-4703-88F4-C971EDB9D0A6}'
2020-09-03 18:48:30.275 CEST [52828] LOG:  duration: 0.227 ms
2020-09-03 18:48:30.277 CEST [52828] LOG:  statement: ROLLBACK
2020-09-03 18:48:30.277 CEST [52828] LOG:  duration: 0.075 ms
2020-09-03 18:48:30.292 CEST [52828] LOG:  statement: BEGIN
2020-09-03 18:48:30.292 CEST [52828] LOG:  duration: 0.043 ms
2020-09-03 18:48:30.292 CEST [52828] LOG:  statement: SELECT city_object.id AS city_object_id, city_object.object AS city_object_object, city_object.attributes AS city_object_attributes, ST_AsEWKB(city_object.convexhull) AS city_object_convexhull, city_object.metadata_id AS city_object_metadata_id 
	FROM city_object 
	WHERE city_object.id = '{A3DF9B7C-9349-4703-88F4-C971EDB9D0A6}'
2020-09-03 18:48:30.292 CEST [52828] LOG:  duration: 0.389 ms
2020-09-03 18:48:30.295 CEST [52828] LOG:  statement: ROLLBACK
2020-09-03 18:48:30.295 CEST [52828] LOG:  duration: 0.060 ms
2020-09-03 18:48:30.308 CEST [52828] LOG:  statement: BEGIN
2020-09-03 18:48:30.308 CEST [52828] LOG:  duration: 0.054 ms
2020-09-03 18:48:30.310 CEST [52828] LOG:  statement: SELECT city_object.id AS city_object_id, city_object.object AS city_object_object, city_object.attributes AS city_object_attributes, ST_AsEWKB(city_object.convexhull) AS city_object_convexhull, city_object.metadata_id AS city_object_metadata_id 
	FROM city_object 
	WHERE city_object.id = '{A3DF9B7C-9349-4703-88F4-C971EDB9D0A6}'
2020-09-03 18:48:30.311 CEST [52828] LOG:  duration: 0.334 ms
2020-09-03 18:48:30.313 CEST [52828] LOG:  statement: ROLLBACK
2020-09-03 18:48:30.313 CEST [52828] LOG:  duration: 0.072 ms
2020-09-03 18:48:30.321 CEST [52828] LOG:  statement: BEGIN
2020-09-03 18:48:30.321 CEST [52828] LOG:  duration: 0.061 ms
2020-09-03 18:48:30.321 CEST [52828] LOG:  statement: SELECT city_object.id AS city_object_id, city_object.object AS city_object_object, city_object.attributes AS city_object_attributes, ST_AsEWKB(city_object.convexhull) AS city_object_convexhull, city_object.metadata_id AS city_object_metadata_id 
	FROM city_object 
	WHERE city_object.id = '{A3DF9B7C-9349-4703-88F4-C971EDB9D0A6}'
2020-09-03 18:48:30.321 CEST [52828] LOG:  duration: 0.295 ms
2020-09-03 18:48:30.323 CEST [52828] LOG:  statement: ROLLBACK
2020-09-03 18:48:30.323 CEST [52828] LOG:  duration: 0.074 ms
2020-09-03 18:48:30.332 CEST [52828] LOG:  statement: BEGIN
2020-09-03 18:48:30.332 CEST [52828] LOG:  duration: 0.061 ms
2020-09-03 18:48:30.332 CEST [52828] LOG:  statement: SELECT city_object.id AS city_object_id, city_object.object AS city_object_object, city_object.attributes AS city_object_attributes, ST_AsEWKB(city_object.convexhull) AS city_object_convexhull, city_object.metadata_id AS city_object_metadata_id 
	FROM city_object 
	WHERE city_object.id = '{A3DF9B7C-9349-4703-88F4-C971EDB9D0A6}'
2020-09-03 18:48:30.332 CEST [52828] LOG:  duration: 0.246 ms
2020-09-03 18:48:30.335 CEST [52828] LOG:  statement: ROLLBACK
2020-09-03 18:48:30.335 CEST [52828] LOG:  duration: 0.136 ms
2020-09-03 18:48:30.348 CEST [52828] LOG:  statement: BEGIN
2020-09-03 18:48:30.348 CEST [52828] LOG:  duration: 0.078 ms
2020-09-03 18:48:30.349 CEST [52828] LOG:  statement: SELECT city_object.id AS city_object_id, city_object.object AS city_object_object, city_object.attributes AS city_object_attributes, ST_AsEWKB(city_object.convexhull) AS city_object_convexhull, city_object.metadata_id AS city_object_metadata_id 
	FROM city_object 
	WHERE city_object.id = '{A3DF9B7C-9349-4703-88F4-C971EDB9D0A6}'
2020-09-03 18:48:30.349 CEST [52828] LOG:  duration: 0.210 ms
2020-09-03 18:48:30.350 CEST [52828] LOG:  statement: ROLLBACK
2020-09-03 18:48:30.351 CEST [52828] LOG:  duration: 0.081 ms
2020-09-03 18:48:30.358 CEST [52828] LOG:  statement: BEGIN
2020-09-03 18:48:30.358 CEST [52828] LOG:  duration: 0.052 ms
2020-09-03 18:48:30.358 CEST [52828] LOG:  statement: SELECT city_object.id AS city_object_id, city_object.object AS city_object_object, city_object.attributes AS city_object_attributes, ST_AsEWKB(city_object.convexhull) AS city_object_convexhull, city_object.metadata_id AS city_object_metadata_id 
	FROM city_object 
	WHERE city_object.id = '{A3DF9B7C-9349-4703-88F4-C971EDB9D0A6}'
2020-09-03 18:48:30.358 CEST [52828] LOG:  duration: 0.239 ms
2020-09-03 18:48:30.359 CEST [52828] LOG:  statement: ROLLBACK
2020-09-03 18:48:30.359 CEST [52828] LOG:  duration: 0.056 ms
2020-09-03 18:48:30.368 CEST [52828] LOG:  statement: BEGIN
2020-09-03 18:48:30.368 CEST [52828] LOG:  duration: 0.065 ms
2020-09-03 18:48:30.368 CEST [52828] LOG:  statement: SELECT city_object.id AS city_object_id, city_object.object AS city_object_object, city_object.attributes AS city_object_attributes, ST_AsEWKB(city_object.convexhull) AS city_object_convexhull, city_object.metadata_id AS city_object_metadata_id 
	FROM city_object 
	WHERE city_object.id = '{A3DF9B7C-9349-4703-88F4-C971EDB9D0A6}'
2020-09-03 18:48:30.368 CEST [52828] LOG:  duration: 0.271 ms
2020-09-03 18:48:30.370 CEST [52828] LOG:  statement: ROLLBACK
2020-09-03 18:48:30.370 CEST [52828] LOG:  duration: 0.050 ms
2020-09-03 18:48:30.376 CEST [52828] LOG:  statement: BEGIN
2020-09-03 18:48:30.376 CEST [52828] LOG:  duration: 0.057 ms
2020-09-03 18:48:30.376 CEST [52828] LOG:  statement: SELECT city_object.id AS city_object_id, city_object.object AS city_object_object, city_object.attributes AS city_object_attributes, ST_AsEWKB(city_object.convexhull) AS city_object_convexhull, city_object.metadata_id AS city_object_metadata_id 
	FROM city_object 
	WHERE city_object.id = '{A3DF9B7C-9349-4703-88F4-C971EDB9D0A6}'
2020-09-03 18:48:30.376 CEST [52828] LOG:  duration: 0.270 ms
2020-09-03 18:48:30.377 CEST [52828] LOG:  statement: ROLLBACK
2020-09-03 18:48:30.378 CEST [52828] LOG:  duration: 0.073 ms
2020-09-03 18:48:30.390 CEST [52828] LOG:  statement: BEGIN
2020-09-03 18:48:30.390 CEST [52828] LOG:  duration: 0.052 ms
2020-09-03 18:48:30.390 CEST [52828] LOG:  statement: SELECT city_object.id AS city_object_id, city_object.object AS city_object_object, city_object.attributes AS city_object_attributes, ST_AsEWKB(city_object.convexhull) AS city_object_convexhull, city_object.metadata_id AS city_object_metadata_id 
	FROM city_object 
	WHERE city_object.id = '{A3DF9B7C-9349-4703-88F4-C971EDB9D0A6}'
2020-09-03 18:48:30.390 CEST [52828] LOG:  duration: 0.248 ms
2020-09-03 18:48:30.392 CEST [52828] LOG:  statement: ROLLBACK
2020-09-03 18:48:30.392 CEST [52828] LOG:  duration: 0.176 ms
2020-09-03 18:48:30.400 CEST [52828] LOG:  statement: BEGIN
2020-09-03 18:48:30.400 CEST [52828] LOG:  duration: 0.054 ms
2020-09-03 18:48:30.400 CEST [52828] LOG:  statement: SELECT city_object.id AS city_object_id, city_object.object AS city_object_object, city_object.attributes AS city_object_attributes, ST_AsEWKB(city_object.convexhull) AS city_object_convexhull, city_object.metadata_id AS city_object_metadata_id 
	FROM city_object 
	WHERE city_object.id = '{A3DF9B7C-9349-4703-88F4-C971EDB9D0A6}'
2020-09-03 18:48:30.400 CEST [52828] LOG:  duration: 0.197 ms
2020-09-03 18:48:30.402 CEST [52828] LOG:  statement: ROLLBACK
2020-09-03 18:48:30.402 CEST [52828] LOG:  duration: 0.068 ms
2020-09-03 18:48:30.408 CEST [52828] LOG:  statement: BEGIN
2020-09-03 18:48:30.408 CEST [52828] LOG:  duration: 0.053 ms
2020-09-03 18:48:30.409 CEST [52828] LOG:  statement: SELECT city_object.id AS city_object_id, city_object.object AS city_object_object, city_object.attributes AS city_object_attributes, ST_AsEWKB(city_object.convexhull) AS city_object_convexhull, city_object.metadata_id AS city_object_metadata_id 
	FROM city_object 
	WHERE city_object.id = '{A3DF9B7C-9349-4703-88F4-C971EDB9D0A6}'
2020-09-03 18:48:30.409 CEST [52828] LOG:  duration: 0.417 ms
2020-09-03 18:48:30.411 CEST [52828] LOG:  statement: ROLLBACK
2020-09-03 18:48:30.411 CEST [52828] LOG:  duration: 0.069 ms
2020-09-03 18:48:30.426 CEST [52828] LOG:  statement: BEGIN
2020-09-03 18:48:30.426 CEST [52828] LOG:  duration: 0.058 ms
2020-09-03 18:48:30.426 CEST [52828] LOG:  statement: SELECT city_object.id AS city_object_id, city_object.object AS city_object_object, city_object.attributes AS city_object_attributes, ST_AsEWKB(city_object.convexhull) AS city_object_convexhull, city_object.metadata_id AS city_object_metadata_id 
	FROM city_object 
	WHERE city_object.id = '{A3DF9B7C-9349-4703-88F4-C971EDB9D0A6}'
2020-09-03 18:48:30.426 CEST [52828] LOG:  duration: 0.258 ms
2020-09-03 18:48:30.428 CEST [52828] LOG:  statement: ROLLBACK
2020-09-03 18:48:30.428 CEST [52828] LOG:  duration: 0.081 ms
2020-09-03 18:48:30.437 CEST [52828] LOG:  statement: BEGIN
2020-09-03 18:48:30.437 CEST [52828] LOG:  duration: 0.067 ms
2020-09-03 18:48:30.437 CEST [52828] LOG:  statement: SELECT city_object.id AS city_object_id, city_object.object AS city_object_object, city_object.attributes AS city_object_attributes, ST_AsEWKB(city_object.convexhull) AS city_object_convexhull, city_object.metadata_id AS city_object_metadata_id 
	FROM city_object 
	WHERE city_object.id = '{A3DF9B7C-9349-4703-88F4-C971EDB9D0A6}'
2020-09-03 18:48:30.438 CEST [52828] LOG:  duration: 0.286 ms
2020-09-03 18:48:30.439 CEST [52828] LOG:  statement: ROLLBACK
2020-09-03 18:48:30.439 CEST [52828] LOG:  duration: 0.074 ms
2020-09-03 18:48:30.454 CEST [52828] LOG:  statement: BEGIN
2020-09-03 18:48:30.454 CEST [52828] LOG:  duration: 0.059 ms
2020-09-03 18:48:30.454 CEST [52828] LOG:  statement: SELECT city_object.id AS city_object_id, city_object.object AS city_object_object, city_object.attributes AS city_object_attributes, ST_AsEWKB(city_object.convexhull) AS city_object_convexhull, city_object.metadata_id AS city_object_metadata_id 
	FROM city_object 
	WHERE city_object.id = '{A3DF9B7C-9349-4703-88F4-C971EDB9D0A6}'
2020-09-03 18:48:30.455 CEST [52828] LOG:  duration: 0.521 ms
2020-09-03 18:48:30.457 CEST [52828] LOG:  statement: ROLLBACK
2020-09-03 18:48:30.457 CEST [52828] LOG:  duration: 0.112 ms
2020-09-03 18:48:30.466 CEST [52828] LOG:  statement: BEGIN
2020-09-03 18:48:30.466 CEST [52828] LOG:  duration: 0.092 ms
2020-09-03 18:48:30.466 CEST [52828] LOG:  statement: SELECT city_object.id AS city_object_id, city_object.object AS city_object_object, city_object.attributes AS city_object_attributes, ST_AsEWKB(city_object.convexhull) AS city_object_convexhull, city_object.metadata_id AS city_object_metadata_id 
	FROM city_object 
	WHERE city_object.id = '{A3DF9B7C-9349-4703-88F4-C971EDB9D0A6}'
2020-09-03 18:48:30.467 CEST [52828] LOG:  duration: 0.270 ms
2020-09-03 18:48:30.468 CEST [52828] LOG:  statement: ROLLBACK
2020-09-03 18:48:30.468 CEST [52828] LOG:  duration: 0.134 ms
2020-09-03 18:48:30.477 CEST [52828] LOG:  statement: BEGIN
2020-09-03 18:48:30.477 CEST [52828] LOG:  duration: 0.107 ms
2020-09-03 18:48:30.478 CEST [52828] LOG:  statement: SELECT city_object.id AS city_object_id, city_object.object AS city_object_object, city_object.attributes AS city_object_attributes, ST_AsEWKB(city_object.convexhull) AS city_object_convexhull, city_object.metadata_id AS city_object_metadata_id 
	FROM city_object 
	WHERE city_object.id = '{A3DF9B7C-9349-4703-88F4-C971EDB9D0A6}'
2020-09-03 18:48:30.479 CEST [52828] LOG:  duration: 1.033 ms
2020-09-03 18:48:30.481 CEST [52828] LOG:  statement: ROLLBACK
2020-09-03 18:48:30.481 CEST [52828] LOG:  duration: 0.423 ms
2020-09-03 18:48:30.499 CEST [52828] LOG:  statement: BEGIN
2020-09-03 18:48:30.499 CEST [52828] LOG:  duration: 0.054 ms
2020-09-03 18:48:30.502 CEST [52828] LOG:  statement: SELECT city_object.id AS city_object_id, city_object.object AS city_object_object, city_object.attributes AS city_object_attributes, ST_AsEWKB(city_object.convexhull) AS city_object_convexhull, city_object.metadata_id AS city_object_metadata_id 
	FROM city_object 
	WHERE city_object.id = '{A3DF9B7C-9349-4703-88F4-C971EDB9D0A6}'
2020-09-03 18:48:30.502 CEST [52828] LOG:  duration: 0.390 ms
2020-09-03 18:48:30.503 CEST [52828] LOG:  statement: ROLLBACK
2020-09-03 18:48:30.503 CEST [52828] LOG:  duration: 0.079 ms
2020-09-03 18:48:30.520 CEST [52828] LOG:  statement: BEGIN
2020-09-03 18:48:30.520 CEST [52828] LOG:  duration: 0.135 ms
2020-09-03 18:48:30.520 CEST [52828] LOG:  statement: SELECT city_object.id AS city_object_id, city_object.object AS city_object_object, city_object.attributes AS city_object_attributes, ST_AsEWKB(city_object.convexhull) AS city_object_convexhull, city_object.metadata_id AS city_object_metadata_id 
	FROM city_object 
	WHERE city_object.id = '{A3DF9B7C-9349-4703-88F4-C971EDB9D0A6}'
2020-09-03 18:48:30.521 CEST [52828] LOG:  duration: 0.317 ms
2020-09-03 18:48:30.523 CEST [52828] LOG:  statement: ROLLBACK
2020-09-03 18:48:30.523 CEST [52828] LOG:  duration: 0.072 ms
2020-09-03 18:48:30.530 CEST [52828] LOG:  statement: BEGIN
2020-09-03 18:48:30.531 CEST [52828] LOG:  duration: 0.189 ms
2020-09-03 18:48:30.534 CEST [52828] LOG:  statement: SELECT city_object.id AS city_object_id, city_object.object AS city_object_object, city_object.attributes AS city_object_attributes, ST_AsEWKB(city_object.convexhull) AS city_object_convexhull, city_object.metadata_id AS city_object_metadata_id 
	FROM city_object 
	WHERE city_object.id = '{A3DF9B7C-9349-4703-88F4-C971EDB9D0A6}'
2020-09-03 18:48:30.534 CEST [52828] LOG:  duration: 0.595 ms
2020-09-03 18:48:30.536 CEST [52828] LOG:  statement: ROLLBACK
2020-09-03 18:48:30.536 CEST [52828] LOG:  duration: 0.071 ms
2020-09-03 18:48:30.546 CEST [52828] LOG:  statement: BEGIN
2020-09-03 18:48:30.547 CEST [52828] LOG:  duration: 0.606 ms
2020-09-03 18:48:30.548 CEST [52828] LOG:  statement: SELECT city_object.id AS city_object_id, city_object.object AS city_object_object, city_object.attributes AS city_object_attributes, ST_AsEWKB(city_object.convexhull) AS city_object_convexhull, city_object.metadata_id AS city_object_metadata_id 
	FROM city_object 
	WHERE city_object.id = '{A3DF9B7C-9349-4703-88F4-C971EDB9D0A6}'
2020-09-03 18:48:30.549 CEST [52828] LOG:  duration: 0.723 ms
2020-09-03 18:48:30.550 CEST [52828] LOG:  statement: ROLLBACK
2020-09-03 18:48:30.550 CEST [52828] LOG:  duration: 0.066 ms
2020-09-03 18:48:30.560 CEST [52828] LOG:  statement: BEGIN
2020-09-03 18:48:30.560 CEST [52828] LOG:  duration: 0.061 ms
2020-09-03 18:48:30.561 CEST [52828] LOG:  statement: SELECT city_object.id AS city_object_id, city_object.object AS city_object_object, city_object.attributes AS city_object_attributes, ST_AsEWKB(city_object.convexhull) AS city_object_convexhull, city_object.metadata_id AS city_object_metadata_id 
	FROM city_object 
	WHERE city_object.id = '{A3DF9B7C-9349-4703-88F4-C971EDB9D0A6}'
2020-09-03 18:48:30.561 CEST [52828] LOG:  duration: 0.265 ms
2020-09-03 18:48:30.563 CEST [52828] LOG:  statement: ROLLBACK
2020-09-03 18:48:30.563 CEST [52828] LOG:  duration: 0.156 ms
2020-09-03 18:48:30.575 CEST [52828] LOG:  statement: BEGIN
2020-09-03 18:48:30.575 CEST [52828] LOG:  duration: 0.134 ms
2020-09-03 18:48:30.576 CEST [52828] LOG:  statement: SELECT city_object.id AS city_object_id, city_object.object AS city_object_object, city_object.attributes AS city_object_attributes, ST_AsEWKB(city_object.convexhull) AS city_object_convexhull, city_object.metadata_id AS city_object_metadata_id 
	FROM city_object 
	WHERE city_object.id = '{A3DF9B7C-9349-4703-88F4-C971EDB9D0A6}'
2020-09-03 18:48:30.577 CEST [52828] LOG:  duration: 1.470 ms
2020-09-03 18:48:30.578 CEST [52828] LOG:  statement: ROLLBACK
2020-09-03 18:48:30.579 CEST [52828] LOG:  duration: 0.077 ms
2020-09-03 18:48:30.588 CEST [52828] LOG:  statement: BEGIN
2020-09-03 18:48:30.588 CEST [52828] LOG:  duration: 0.068 ms
2020-09-03 18:48:30.589 CEST [52828] LOG:  statement: SELECT city_object.id AS city_object_id, city_object.object AS city_object_object, city_object.attributes AS city_object_attributes, ST_AsEWKB(city_object.convexhull) AS city_object_convexhull, city_object.metadata_id AS city_object_metadata_id 
	FROM city_object 
	WHERE city_object.id = '{A3DF9B7C-9349-4703-88F4-C971EDB9D0A6}'
2020-09-03 18:48:30.589 CEST [52828] LOG:  duration: 0.236 ms
2020-09-03 18:48:30.590 CEST [52828] LOG:  statement: ROLLBACK
2020-09-03 18:48:30.591 CEST [52828] LOG:  duration: 0.070 ms
2020-09-03 18:48:30.598 CEST [52828] LOG:  statement: BEGIN
2020-09-03 18:48:30.598 CEST [52828] LOG:  duration: 0.065 ms
2020-09-03 18:48:30.598 CEST [52828] LOG:  statement: SELECT city_object.id AS city_object_id, city_object.object AS city_object_object, city_object.attributes AS city_object_attributes, ST_AsEWKB(city_object.convexhull) AS city_object_convexhull, city_object.metadata_id AS city_object_metadata_id 
	FROM city_object 
	WHERE city_object.id = '{A3DF9B7C-9349-4703-88F4-C971EDB9D0A6}'
2020-09-03 18:48:30.598 CEST [52828] LOG:  duration: 0.240 ms
2020-09-03 18:48:30.600 CEST [52828] LOG:  statement: ROLLBACK
2020-09-03 18:48:30.600 CEST [52828] LOG:  duration: 0.089 ms
2020-09-03 18:48:30.614 CEST [52828] LOG:  statement: BEGIN
2020-09-03 18:48:30.614 CEST [52828] LOG:  duration: 0.069 ms
2020-09-03 18:48:30.614 CEST [52828] LOG:  statement: SELECT city_object.id AS city_object_id, city_object.object AS city_object_object, city_object.attributes AS city_object_attributes, ST_AsEWKB(city_object.convexhull) AS city_object_convexhull, city_object.metadata_id AS city_object_metadata_id 
	FROM city_object 
	WHERE city_object.id = '{A3DF9B7C-9349-4703-88F4-C971EDB9D0A6}'
2020-09-03 18:48:30.615 CEST [52828] LOG:  duration: 0.268 ms
2020-09-03 18:48:30.618 CEST [52828] LOG:  statement: ROLLBACK
2020-09-03 18:48:30.618 CEST [52828] LOG:  duration: 0.101 ms
2020-09-03 18:48:30.626 CEST [52828] LOG:  statement: BEGIN
2020-09-03 18:48:30.626 CEST [52828] LOG:  duration: 0.092 ms
2020-09-03 18:48:30.626 CEST [52828] LOG:  statement: SELECT city_object.id AS city_object_id, city_object.object AS city_object_object, city_object.attributes AS city_object_attributes, ST_AsEWKB(city_object.convexhull) AS city_object_convexhull, city_object.metadata_id AS city_object_metadata_id 
	FROM city_object 
	WHERE city_object.id = '{A3DF9B7C-9349-4703-88F4-C971EDB9D0A6}'
2020-09-03 18:48:30.626 CEST [52828] LOG:  duration: 0.259 ms
2020-09-03 18:48:30.627 CEST [52828] LOG:  statement: ROLLBACK
2020-09-03 18:48:30.627 CEST [52828] LOG:  duration: 0.092 ms
2020-09-03 18:48:30.638 CEST [52828] LOG:  statement: BEGIN
2020-09-03 18:48:30.638 CEST [52828] LOG:  duration: 0.057 ms
2020-09-03 18:48:30.638 CEST [52828] LOG:  statement: SELECT city_object.id AS city_object_id, city_object.object AS city_object_object, city_object.attributes AS city_object_attributes, ST_AsEWKB(city_object.convexhull) AS city_object_convexhull, city_object.metadata_id AS city_object_metadata_id 
	FROM city_object 
	WHERE city_object.id = '{A3DF9B7C-9349-4703-88F4-C971EDB9D0A6}'
2020-09-03 18:48:30.639 CEST [52828] LOG:  duration: 0.306 ms
2020-09-03 18:48:30.641 CEST [52828] LOG:  statement: ROLLBACK
2020-09-03 18:48:30.641 CEST [52828] LOG:  duration: 0.159 ms
2020-09-03 18:48:30.649 CEST [52828] LOG:  statement: BEGIN
2020-09-03 18:48:30.649 CEST [52828] LOG:  duration: 0.096 ms
2020-09-03 18:48:30.649 CEST [52828] LOG:  statement: SELECT city_object.id AS city_object_id, city_object.object AS city_object_object, city_object.attributes AS city_object_attributes, ST_AsEWKB(city_object.convexhull) AS city_object_convexhull, city_object.metadata_id AS city_object_metadata_id 
	FROM city_object 
	WHERE city_object.id = '{A3DF9B7C-9349-4703-88F4-C971EDB9D0A6}'
2020-09-03 18:48:30.649 CEST [52828] LOG:  duration: 0.229 ms
2020-09-03 18:48:30.651 CEST [52828] LOG:  statement: ROLLBACK
2020-09-03 18:48:30.651 CEST [52828] LOG:  duration: 0.085 ms
2020-09-03 18:48:30.658 CEST [52828] LOG:  statement: BEGIN
2020-09-03 18:48:30.658 CEST [52828] LOG:  duration: 0.055 ms
2020-09-03 18:48:30.658 CEST [52828] LOG:  statement: SELECT city_object.id AS city_object_id, city_object.object AS city_object_object, city_object.attributes AS city_object_attributes, ST_AsEWKB(city_object.convexhull) AS city_object_convexhull, city_object.metadata_id AS city_object_metadata_id 
	FROM city_object 
	WHERE city_object.id = '{A3DF9B7C-9349-4703-88F4-C971EDB9D0A6}'
2020-09-03 18:48:30.659 CEST [52828] LOG:  duration: 0.608 ms
2020-09-03 18:48:30.660 CEST [52828] LOG:  statement: ROLLBACK
2020-09-03 18:48:30.661 CEST [52828] LOG:  duration: 0.059 ms
2020-09-03 18:48:30.678 CEST [52828] LOG:  statement: BEGIN
2020-09-03 18:48:30.678 CEST [52828] LOG:  duration: 0.054 ms
2020-09-03 18:48:30.678 CEST [52828] LOG:  statement: SELECT city_object.id AS city_object_id, city_object.object AS city_object_object, city_object.attributes AS city_object_attributes, ST_AsEWKB(city_object.convexhull) AS city_object_convexhull, city_object.metadata_id AS city_object_metadata_id 
	FROM city_object 
	WHERE city_object.id = '{A3DF9B7C-9349-4703-88F4-C971EDB9D0A6}'
2020-09-03 18:48:30.678 CEST [52828] LOG:  duration: 0.253 ms
2020-09-03 18:48:30.680 CEST [52828] LOG:  statement: ROLLBACK
2020-09-03 18:48:30.680 CEST [52828] LOG:  duration: 0.220 ms
2020-09-03 18:48:30.687 CEST [52828] LOG:  statement: BEGIN
2020-09-03 18:48:30.687 CEST [52828] LOG:  duration: 0.067 ms
2020-09-03 18:48:30.687 CEST [52828] LOG:  statement: SELECT city_object.id AS city_object_id, city_object.object AS city_object_object, city_object.attributes AS city_object_attributes, ST_AsEWKB(city_object.convexhull) AS city_object_convexhull, city_object.metadata_id AS city_object_metadata_id 
	FROM city_object 
	WHERE city_object.id = '{A3DF9B7C-9349-4703-88F4-C971EDB9D0A6}'
2020-09-03 18:48:30.688 CEST [52828] LOG:  duration: 0.312 ms
2020-09-03 18:48:30.689 CEST [52828] LOG:  statement: ROLLBACK
2020-09-03 18:48:30.689 CEST [52828] LOG:  duration: 0.080 ms
2020-09-03 18:48:30.703 CEST [52828] LOG:  statement: BEGIN
2020-09-03 18:48:30.703 CEST [52828] LOG:  duration: 0.056 ms
2020-09-03 18:48:30.703 CEST [52828] LOG:  statement: SELECT city_object.id AS city_object_id, city_object.object AS city_object_object, city_object.attributes AS city_object_attributes, ST_AsEWKB(city_object.convexhull) AS city_object_convexhull, city_object.metadata_id AS city_object_metadata_id 
	FROM city_object 
	WHERE city_object.id = '{A3DF9B7C-9349-4703-88F4-C971EDB9D0A6}'
2020-09-03 18:48:30.703 CEST [52828] LOG:  duration: 0.219 ms
2020-09-03 18:48:30.705 CEST [52828] LOG:  statement: ROLLBACK
2020-09-03 18:48:30.705 CEST [52828] LOG:  duration: 0.069 ms
2020-09-03 18:48:30.714 CEST [52828] LOG:  statement: BEGIN
2020-09-03 18:48:30.714 CEST [52828] LOG:  duration: 0.051 ms
2020-09-03 18:48:30.714 CEST [52828] LOG:  statement: SELECT city_object.id AS city_object_id, city_object.object AS city_object_object, city_object.attributes AS city_object_attributes, ST_AsEWKB(city_object.convexhull) AS city_object_convexhull, city_object.metadata_id AS city_object_metadata_id 
	FROM city_object 
	WHERE city_object.id = '{A3DF9B7C-9349-4703-88F4-C971EDB9D0A6}'
2020-09-03 18:48:30.714 CEST [52828] LOG:  duration: 0.229 ms
2020-09-03 18:48:30.716 CEST [52828] LOG:  statement: ROLLBACK
2020-09-03 18:48:30.716 CEST [52828] LOG:  duration: 0.064 ms
2020-09-03 18:48:30.724 CEST [52828] LOG:  statement: BEGIN
2020-09-03 18:48:30.724 CEST [52828] LOG:  duration: 0.125 ms
2020-09-03 18:48:30.725 CEST [52828] LOG:  statement: SELECT city_object.id AS city_object_id, city_object.object AS city_object_object, city_object.attributes AS city_object_attributes, ST_AsEWKB(city_object.convexhull) AS city_object_convexhull, city_object.metadata_id AS city_object_metadata_id 
	FROM city_object 
	WHERE city_object.id = '{A3DF9B7C-9349-4703-88F4-C971EDB9D0A6}'
2020-09-03 18:48:30.725 CEST [52828] LOG:  duration: 0.299 ms
2020-09-03 18:48:30.728 CEST [52828] LOG:  statement: ROLLBACK
2020-09-03 18:48:30.728 CEST [52828] LOG:  duration: 0.279 ms
2020-09-03 18:48:30.737 CEST [52828] LOG:  statement: BEGIN
2020-09-03 18:48:30.737 CEST [52828] LOG:  duration: 0.056 ms
2020-09-03 18:48:30.737 CEST [52828] LOG:  statement: SELECT city_object.id AS city_object_id, city_object.object AS city_object_object, city_object.attributes AS city_object_attributes, ST_AsEWKB(city_object.convexhull) AS city_object_convexhull, city_object.metadata_id AS city_object_metadata_id 
	FROM city_object 
	WHERE city_object.id = '{A3DF9B7C-9349-4703-88F4-C971EDB9D0A6}'
2020-09-03 18:48:30.737 CEST [52828] LOG:  duration: 0.239 ms
2020-09-03 18:48:30.739 CEST [52828] LOG:  statement: ROLLBACK
2020-09-03 18:48:30.739 CEST [52828] LOG:  duration: 0.060 ms
2020-09-03 18:48:30.746 CEST [52828] LOG:  statement: BEGIN
2020-09-03 18:48:30.746 CEST [52828] LOG:  duration: 0.051 ms
2020-09-03 18:48:30.746 CEST [52828] LOG:  statement: SELECT city_object.id AS city_object_id, city_object.object AS city_object_object, city_object.attributes AS city_object_attributes, ST_AsEWKB(city_object.convexhull) AS city_object_convexhull, city_object.metadata_id AS city_object_metadata_id 
	FROM city_object 
	WHERE city_object.id = '{A3DF9B7C-9349-4703-88F4-C971EDB9D0A6}'
2020-09-03 18:48:30.746 CEST [52828] LOG:  duration: 0.164 ms
2020-09-03 18:48:30.747 CEST [52828] LOG:  statement: ROLLBACK
2020-09-03 18:48:30.747 CEST [52828] LOG:  duration: 0.081 ms
2020-09-03 18:48:30.763 CEST [52828] LOG:  statement: BEGIN
2020-09-03 18:48:30.763 CEST [52828] LOG:  duration: 0.055 ms
2020-09-03 18:48:30.763 CEST [52828] LOG:  statement: SELECT city_object.id AS city_object_id, city_object.object AS city_object_object, city_object.attributes AS city_object_attributes, ST_AsEWKB(city_object.convexhull) AS city_object_convexhull, city_object.metadata_id AS city_object_metadata_id 
	FROM city_object 
	WHERE city_object.id = '{A3DF9B7C-9349-4703-88F4-C971EDB9D0A6}'
2020-09-03 18:48:30.763 CEST [52828] LOG:  duration: 0.229 ms
2020-09-03 18:48:30.764 CEST [52828] LOG:  statement: ROLLBACK
2020-09-03 18:48:30.764 CEST [52828] LOG:  duration: 0.058 ms
2020-09-03 18:48:30.773 CEST [52828] LOG:  statement: BEGIN
2020-09-03 18:48:30.773 CEST [52828] LOG:  duration: 0.058 ms
2020-09-03 18:48:30.774 CEST [52828] LOG:  statement: SELECT city_object.id AS city_object_id, city_object.object AS city_object_object, city_object.attributes AS city_object_attributes, ST_AsEWKB(city_object.convexhull) AS city_object_convexhull, city_object.metadata_id AS city_object_metadata_id 
	FROM city_object 
	WHERE city_object.id = '{A3DF9B7C-9349-4703-88F4-C971EDB9D0A6}'
2020-09-03 18:48:30.774 CEST [52828] LOG:  duration: 0.259 ms
2020-09-03 18:48:30.775 CEST [52828] LOG:  statement: ROLLBACK
2020-09-03 18:48:30.775 CEST [52828] LOG:  duration: 0.076 ms
2020-09-03 18:48:30.784 CEST [52828] LOG:  statement: BEGIN
2020-09-03 18:48:30.784 CEST [52828] LOG:  duration: 0.055 ms
2020-09-03 18:48:30.785 CEST [52828] LOG:  statement: SELECT city_object.id AS city_object_id, city_object.object AS city_object_object, city_object.attributes AS city_object_attributes, ST_AsEWKB(city_object.convexhull) AS city_object_convexhull, city_object.metadata_id AS city_object_metadata_id 
	FROM city_object 
	WHERE city_object.id = '{A3DF9B7C-9349-4703-88F4-C971EDB9D0A6}'
2020-09-03 18:48:30.785 CEST [52828] LOG:  duration: 0.236 ms
2020-09-03 18:48:30.786 CEST [52828] LOG:  statement: ROLLBACK
2020-09-03 18:48:30.786 CEST [52828] LOG:  duration: 0.071 ms
2020-09-03 18:48:30.795 CEST [52828] LOG:  statement: BEGIN
2020-09-03 18:48:30.795 CEST [52828] LOG:  duration: 0.054 ms
2020-09-03 18:48:30.795 CEST [52828] LOG:  statement: SELECT city_object.id AS city_object_id, city_object.object AS city_object_object, city_object.attributes AS city_object_attributes, ST_AsEWKB(city_object.convexhull) AS city_object_convexhull, city_object.metadata_id AS city_object_metadata_id 
	FROM city_object 
	WHERE city_object.id = '{A3DF9B7C-9349-4703-88F4-C971EDB9D0A6}'
2020-09-03 18:48:30.796 CEST [52828] LOG:  duration: 0.243 ms
2020-09-03 18:48:30.798 CEST [52828] LOG:  statement: ROLLBACK
2020-09-03 18:48:30.798 CEST [52828] LOG:  duration: 0.067 ms
2020-09-03 18:48:30.807 CEST [52828] LOG:  statement: BEGIN
2020-09-03 18:48:30.807 CEST [52828] LOG:  duration: 0.199 ms
2020-09-03 18:48:30.807 CEST [52828] LOG:  statement: SELECT city_object.id AS city_object_id, city_object.object AS city_object_object, city_object.attributes AS city_object_attributes, ST_AsEWKB(city_object.convexhull) AS city_object_convexhull, city_object.metadata_id AS city_object_metadata_id 
	FROM city_object 
	WHERE city_object.id = '{A3DF9B7C-9349-4703-88F4-C971EDB9D0A6}'
2020-09-03 18:48:30.807 CEST [52828] LOG:  duration: 0.321 ms
2020-09-03 18:48:30.809 CEST [52828] LOG:  statement: ROLLBACK
2020-09-03 18:48:30.809 CEST [52828] LOG:  duration: 0.074 ms
2020-09-03 18:48:31.023 CEST [52828] LOG:  statement: BEGIN
2020-09-03 18:48:31.023 CEST [52828] LOG:  duration: 0.061 ms
2020-09-03 18:48:31.023 CEST [52828] LOG:  statement: SELECT city_object.id AS city_object_id, city_object.object AS city_object_object, city_object.attributes AS city_object_attributes, ST_AsEWKB(city_object.convexhull) AS city_object_convexhull, city_object.metadata_id AS city_object_metadata_id 
	FROM city_object 
	WHERE city_object.id = '{A3DF9B7C-9349-4703-88F4-C971EDB9D0A6}'
2020-09-03 18:48:31.023 CEST [52828] LOG:  duration: 0.310 ms
2020-09-03 18:48:31.025 CEST [52828] LOG:  statement: ROLLBACK
2020-09-03 18:48:31.025 CEST [52828] LOG:  duration: 0.068 ms
2020-09-03 18:48:31.035 CEST [52828] LOG:  statement: BEGIN
2020-09-03 18:48:31.035 CEST [52828] LOG:  duration: 0.052 ms
2020-09-03 18:48:31.035 CEST [52828] LOG:  statement: SELECT city_object.id AS city_object_id, city_object.object AS city_object_object, city_object.attributes AS city_object_attributes, ST_AsEWKB(city_object.convexhull) AS city_object_convexhull, city_object.metadata_id AS city_object_metadata_id 
	FROM city_object 
	WHERE city_object.id = '{A3DF9B7C-9349-4703-88F4-C971EDB9D0A6}'
2020-09-03 18:48:31.035 CEST [52828] LOG:  duration: 0.234 ms
2020-09-03 18:48:31.037 CEST [52828] LOG:  statement: ROLLBACK
2020-09-03 18:48:31.037 CEST [52828] LOG:  duration: 0.084 ms
2020-09-03 18:48:31.047 CEST [52828] LOG:  statement: BEGIN
2020-09-03 18:48:31.047 CEST [52828] LOG:  duration: 0.060 ms
2020-09-03 18:48:31.047 CEST [52828] LOG:  statement: SELECT city_object.id AS city_object_id, city_object.object AS city_object_object, city_object.attributes AS city_object_attributes, ST_AsEWKB(city_object.convexhull) AS city_object_convexhull, city_object.metadata_id AS city_object_metadata_id 
	FROM city_object 
	WHERE city_object.id = '{A3DF9B7C-9349-4703-88F4-C971EDB9D0A6}'
2020-09-03 18:48:31.047 CEST [52828] LOG:  duration: 0.328 ms
2020-09-03 18:48:31.054 CEST [52828] LOG:  statement: ROLLBACK
2020-09-03 18:48:31.054 CEST [52828] LOG:  duration: 0.072 ms
2020-09-03 18:48:31.064 CEST [52828] LOG:  statement: BEGIN
2020-09-03 18:48:31.064 CEST [52828] LOG:  duration: 0.051 ms
2020-09-03 18:48:31.064 CEST [52828] LOG:  statement: SELECT city_object.id AS city_object_id, city_object.object AS city_object_object, city_object.attributes AS city_object_attributes, ST_AsEWKB(city_object.convexhull) AS city_object_convexhull, city_object.metadata_id AS city_object_metadata_id 
	FROM city_object 
	WHERE city_object.id = '{A3DF9B7C-9349-4703-88F4-C971EDB9D0A6}'
2020-09-03 18:48:31.064 CEST [52828] LOG:  duration: 0.239 ms
2020-09-03 18:48:31.066 CEST [52828] LOG:  statement: ROLLBACK
2020-09-03 18:48:31.066 CEST [52828] LOG:  duration: 0.067 ms
2020-09-03 18:48:31.073 CEST [52828] LOG:  statement: BEGIN
2020-09-03 18:48:31.073 CEST [52828] LOG:  duration: 0.062 ms
2020-09-03 18:48:31.074 CEST [52828] LOG:  statement: SELECT city_object.id AS city_object_id, city_object.object AS city_object_object, city_object.attributes AS city_object_attributes, ST_AsEWKB(city_object.convexhull) AS city_object_convexhull, city_object.metadata_id AS city_object_metadata_id 
	FROM city_object 
	WHERE city_object.id = '{A3DF9B7C-9349-4703-88F4-C971EDB9D0A6}'
2020-09-03 18:48:31.074 CEST [52828] LOG:  duration: 0.244 ms
2020-09-03 18:48:31.078 CEST [52828] LOG:  statement: ROLLBACK
2020-09-03 18:48:31.078 CEST [52828] LOG:  duration: 0.160 ms
2020-09-03 18:48:31.093 CEST [52828] LOG:  statement: BEGIN
2020-09-03 18:48:31.093 CEST [52828] LOG:  duration: 0.059 ms
2020-09-03 18:48:31.093 CEST [52828] LOG:  statement: SELECT city_object.id AS city_object_id, city_object.object AS city_object_object, city_object.attributes AS city_object_attributes, ST_AsEWKB(city_object.convexhull) AS city_object_convexhull, city_object.metadata_id AS city_object_metadata_id 
	FROM city_object 
	WHERE city_object.id = '{A3DF9B7C-9349-4703-88F4-C971EDB9D0A6}'
2020-09-03 18:48:31.093 CEST [52828] LOG:  duration: 0.332 ms
2020-09-03 18:48:31.097 CEST [52828] LOG:  statement: ROLLBACK
2020-09-03 18:48:31.097 CEST [52828] LOG:  duration: 0.359 ms
2020-09-03 18:48:31.108 CEST [52828] LOG:  statement: BEGIN
2020-09-03 18:48:31.108 CEST [52828] LOG:  duration: 0.064 ms
2020-09-03 18:48:31.109 CEST [52828] LOG:  statement: SELECT city_object.id AS city_object_id, city_object.object AS city_object_object, city_object.attributes AS city_object_attributes, ST_AsEWKB(city_object.convexhull) AS city_object_convexhull, city_object.metadata_id AS city_object_metadata_id 
	FROM city_object 
	WHERE city_object.id = '{A3DF9B7C-9349-4703-88F4-C971EDB9D0A6}'
2020-09-03 18:48:31.109 CEST [52828] LOG:  duration: 0.263 ms
2020-09-03 18:48:31.111 CEST [52828] LOG:  statement: ROLLBACK
2020-09-03 18:48:31.111 CEST [52828] LOG:  duration: 0.154 ms
2020-09-03 18:48:31.124 CEST [52828] LOG:  statement: BEGIN
2020-09-03 18:48:31.124 CEST [52828] LOG:  duration: 0.057 ms
2020-09-03 18:48:31.124 CEST [52828] LOG:  statement: SELECT city_object.id AS city_object_id, city_object.object AS city_object_object, city_object.attributes AS city_object_attributes, ST_AsEWKB(city_object.convexhull) AS city_object_convexhull, city_object.metadata_id AS city_object_metadata_id 
	FROM city_object 
	WHERE city_object.id = '{A3DF9B7C-9349-4703-88F4-C971EDB9D0A6}'
2020-09-03 18:48:31.124 CEST [52828] LOG:  duration: 0.230 ms
2020-09-03 18:48:31.129 CEST [52828] LOG:  statement: ROLLBACK
2020-09-03 18:48:31.129 CEST [52828] LOG:  duration: 0.066 ms
2020-09-03 18:48:55.874 CEST [52795] LOG:  received fast shutdown request
2020-09-03 18:48:55.875 CEST [52795] LOG:  aborting any active transactions
2020-09-03 18:48:55.875 CEST [52828] FATAL:  terminating connection due to administrator command
2020-09-03 18:48:55.876 CEST [52795] LOG:  background worker "logical replication launcher" (PID 52803) exited with exit code 1
2020-09-03 18:48:55.877 CEST [52798] LOG:  shutting down
2020-09-03 18:48:55.889 CEST [52795] LOG:  database system is shut down
