2020-09-03 18:49:32.267 CEST [52841] LOG:  database system was shut down at 2020-09-03 18:48:55 CEST
2020-09-03 18:49:32.273 CEST [52839] LOG:  database system is ready to accept connections
2020-09-03 18:50:23.013 CEST [52870] LOG:  statement: BEGIN
2020-09-03 18:50:23.013 CEST [52870] LOG:  duration: 0.201 ms
2020-09-03 18:50:23.014 CEST [52870] LOG:  statement: SELECT city_object.id AS city_object_id, city_object.object AS city_object_object, city_object.attributes AS city_object_attributes, ST_AsEWKB(city_object.convexhull) AS city_object_convexhull, city_object.metadata_id AS city_object_metadata_id 
	FROM city_object 
	WHERE city_object.id = '{A3DF9B7C-9349-4703-88F4-C971EDB9D0A6}'
2020-09-03 18:50:23.035 CEST [52870] LOG:  duration: 21.038 ms
2020-09-03 18:50:23.036 CEST [52870] LOG:  statement: ROLLBACK
2020-09-03 18:50:23.036 CEST [52870] LOG:  duration: 0.066 ms
2020-09-03 18:50:23.044 CEST [52870] LOG:  statement: BEGIN
2020-09-03 18:50:23.044 CEST [52870] LOG:  duration: 0.051 ms
2020-09-03 18:50:23.044 CEST [52870] LOG:  statement: SELECT city_object.id AS city_object_id, city_object.object AS city_object_object, city_object.attributes AS city_object_attributes, ST_AsEWKB(city_object.convexhull) AS city_object_convexhull, city_object.metadata_id AS city_object_metadata_id 
	FROM city_object 
	WHERE city_object.id = '{A3DF9B7C-9349-4703-88F4-C971EDB9D0A6}'
2020-09-03 18:50:23.044 CEST [52870] LOG:  duration: 0.219 ms
2020-09-03 18:50:23.046 CEST [52870] LOG:  statement: ROLLBACK
2020-09-03 18:50:23.046 CEST [52870] LOG:  duration: 0.070 ms
2020-09-03 18:50:23.058 CEST [52870] LOG:  statement: BEGIN
2020-09-03 18:50:23.058 CEST [52870] LOG:  duration: 0.047 ms
2020-09-03 18:50:23.058 CEST [52870] LOG:  statement: SELECT city_object.id AS city_object_id, city_object.object AS city_object_object, city_object.attributes AS city_object_attributes, ST_AsEWKB(city_object.convexhull) AS city_object_convexhull, city_object.metadata_id AS city_object_metadata_id 
	FROM city_object 
	WHERE city_object.id = '{A3DF9B7C-9349-4703-88F4-C971EDB9D0A6}'
2020-09-03 18:50:23.058 CEST [52870] LOG:  duration: 0.266 ms
2020-09-03 18:50:23.061 CEST [52870] LOG:  statement: ROLLBACK
2020-09-03 18:50:23.061 CEST [52870] LOG:  duration: 0.088 ms
2020-09-03 18:50:23.070 CEST [52870] LOG:  statement: BEGIN
2020-09-03 18:50:23.070 CEST [52870] LOG:  duration: 0.091 ms
2020-09-03 18:50:23.071 CEST [52870] LOG:  statement: SELECT city_object.id AS city_object_id, city_object.object AS city_object_object, city_object.attributes AS city_object_attributes, ST_AsEWKB(city_object.convexhull) AS city_object_convexhull, city_object.metadata_id AS city_object_metadata_id 
	FROM city_object 
	WHERE city_object.id = '{A3DF9B7C-9349-4703-88F4-C971EDB9D0A6}'
2020-09-03 18:50:23.071 CEST [52870] LOG:  duration: 0.302 ms
2020-09-03 18:50:23.072 CEST [52870] LOG:  statement: ROLLBACK
2020-09-03 18:50:23.072 CEST [52870] LOG:  duration: 0.051 ms
2020-09-03 18:50:23.080 CEST [52870] LOG:  statement: BEGIN
2020-09-03 18:50:23.080 CEST [52870] LOG:  duration: 0.159 ms
2020-09-03 18:50:23.081 CEST [52870] LOG:  statement: SELECT city_object.id AS city_object_id, city_object.object AS city_object_object, city_object.attributes AS city_object_attributes, ST_AsEWKB(city_object.convexhull) AS city_object_convexhull, city_object.metadata_id AS city_object_metadata_id 
	FROM city_object 
	WHERE city_object.id = '{A3DF9B7C-9349-4703-88F4-C971EDB9D0A6}'
2020-09-03 18:50:23.082 CEST [52870] LOG:  duration: 0.832 ms
2020-09-03 18:50:23.087 CEST [52870] LOG:  statement: ROLLBACK
2020-09-03 18:50:23.087 CEST [52870] LOG:  duration: 0.128 ms
2020-09-03 18:50:23.108 CEST [52870] LOG:  statement: BEGIN
2020-09-03 18:50:23.108 CEST [52870] LOG:  duration: 0.053 ms
2020-09-03 18:50:23.108 CEST [52870] LOG:  statement: SELECT city_object.id AS city_object_id, city_object.object AS city_object_object, city_object.attributes AS city_object_attributes, ST_AsEWKB(city_object.convexhull) AS city_object_convexhull, city_object.metadata_id AS city_object_metadata_id 
	FROM city_object 
	WHERE city_object.id = '{A3DF9B7C-9349-4703-88F4-C971EDB9D0A6}'
2020-09-03 18:50:23.108 CEST [52870] LOG:  duration: 0.262 ms
2020-09-03 18:50:23.111 CEST [52870] LOG:  statement: ROLLBACK
2020-09-03 18:50:23.111 CEST [52870] LOG:  duration: 0.068 ms
2020-09-03 18:50:23.122 CEST [52870] LOG:  statement: BEGIN
2020-09-03 18:50:23.122 CEST [52870] LOG:  duration: 0.058 ms
2020-09-03 18:50:23.122 CEST [52870] LOG:  statement: SELECT city_object.id AS city_object_id, city_object.object AS city_object_object, city_object.attributes AS city_object_attributes, ST_AsEWKB(city_object.convexhull) AS city_object_convexhull, city_object.metadata_id AS city_object_metadata_id 
	FROM city_object 
	WHERE city_object.id = '{A3DF9B7C-9349-4703-88F4-C971EDB9D0A6}'
2020-09-03 18:50:23.122 CEST [52870] LOG:  duration: 0.275 ms
2020-09-03 18:50:23.124 CEST [52870] LOG:  statement: ROLLBACK
2020-09-03 18:50:23.124 CEST [52870] LOG:  duration: 0.077 ms
2020-09-03 18:50:23.154 CEST [52870] LOG:  statement: BEGIN
2020-09-03 18:50:23.154 CEST [52870] LOG:  duration: 0.062 ms
2020-09-03 18:50:23.154 CEST [52870] LOG:  statement: SELECT city_object.id AS city_object_id, city_object.object AS city_object_object, city_object.attributes AS city_object_attributes, ST_AsEWKB(city_object.convexhull) AS city_object_convexhull, city_object.metadata_id AS city_object_metadata_id 
	FROM city_object 
	WHERE city_object.id = '{A3DF9B7C-9349-4703-88F4-C971EDB9D0A6}'
2020-09-03 18:50:23.155 CEST [52870] LOG:  duration: 0.297 ms
2020-09-03 18:50:23.157 CEST [52870] LOG:  statement: ROLLBACK
2020-09-03 18:50:23.157 CEST [52870] LOG:  duration: 0.264 ms
2020-09-03 18:50:23.165 CEST [52870] LOG:  statement: BEGIN
2020-09-03 18:50:23.165 CEST [52870] LOG:  duration: 0.127 ms
2020-09-03 18:50:23.169 CEST [52870] LOG:  statement: SELECT city_object.id AS city_object_id, city_object.object AS city_object_object, city_object.attributes AS city_object_attributes, ST_AsEWKB(city_object.convexhull) AS city_object_convexhull, city_object.metadata_id AS city_object_metadata_id 
	FROM city_object 
	WHERE city_object.id = '{A3DF9B7C-9349-4703-88F4-C971EDB9D0A6}'
2020-09-03 18:50:23.169 CEST [52870] LOG:  duration: 0.345 ms
2020-09-03 18:50:23.171 CEST [52870] LOG:  statement: ROLLBACK
2020-09-03 18:50:23.171 CEST [52870] LOG:  duration: 0.062 ms
2020-09-03 18:50:23.185 CEST [52870] LOG:  statement: BEGIN
2020-09-03 18:50:23.185 CEST [52870] LOG:  duration: 0.109 ms
2020-09-03 18:50:23.188 CEST [52870] LOG:  statement: SELECT city_object.id AS city_object_id, city_object.object AS city_object_object, city_object.attributes AS city_object_attributes, ST_AsEWKB(city_object.convexhull) AS city_object_convexhull, city_object.metadata_id AS city_object_metadata_id 
	FROM city_object 
	WHERE city_object.id = '{A3DF9B7C-9349-4703-88F4-C971EDB9D0A6}'
2020-09-03 18:50:23.188 CEST [52870] LOG:  duration: 0.298 ms
2020-09-03 18:50:23.191 CEST [52870] LOG:  statement: ROLLBACK
2020-09-03 18:50:23.191 CEST [52870] LOG:  duration: 0.104 ms
2020-09-03 18:50:23.206 CEST [52870] LOG:  statement: BEGIN
2020-09-03 18:50:23.206 CEST [52870] LOG:  duration: 0.054 ms
2020-09-03 18:50:23.209 CEST [52870] LOG:  statement: SELECT city_object.id AS city_object_id, city_object.object AS city_object_object, city_object.attributes AS city_object_attributes, ST_AsEWKB(city_object.convexhull) AS city_object_convexhull, city_object.metadata_id AS city_object_metadata_id 
	FROM city_object 
	WHERE city_object.id = '{A3DF9B7C-9349-4703-88F4-C971EDB9D0A6}'
2020-09-03 18:50:23.209 CEST [52870] LOG:  duration: 0.621 ms
2020-09-03 18:50:23.212 CEST [52870] LOG:  statement: ROLLBACK
2020-09-03 18:50:23.212 CEST [52870] LOG:  duration: 0.069 ms
2020-09-03 18:50:23.234 CEST [52870] LOG:  statement: BEGIN
2020-09-03 18:50:23.234 CEST [52870] LOG:  duration: 0.054 ms
2020-09-03 18:50:23.234 CEST [52870] LOG:  statement: SELECT city_object.id AS city_object_id, city_object.object AS city_object_object, city_object.attributes AS city_object_attributes, ST_AsEWKB(city_object.convexhull) AS city_object_convexhull, city_object.metadata_id AS city_object_metadata_id 
	FROM city_object 
	WHERE city_object.id = '{A3DF9B7C-9349-4703-88F4-C971EDB9D0A6}'
2020-09-03 18:50:23.234 CEST [52870] LOG:  duration: 0.253 ms
2020-09-03 18:50:23.235 CEST [52870] LOG:  statement: ROLLBACK
2020-09-03 18:50:23.235 CEST [52870] LOG:  duration: 0.054 ms
2020-09-03 18:50:23.268 CEST [52870] LOG:  statement: BEGIN
2020-09-03 18:50:23.268 CEST [52870] LOG:  duration: 0.458 ms
2020-09-03 18:50:23.271 CEST [52870] LOG:  statement: SELECT city_object.id AS city_object_id, city_object.object AS city_object_object, city_object.attributes AS city_object_attributes, ST_AsEWKB(city_object.convexhull) AS city_object_convexhull, city_object.metadata_id AS city_object_metadata_id 
	FROM city_object 
	WHERE city_object.id = '{A3DF9B7C-9349-4703-88F4-C971EDB9D0A6}'
2020-09-03 18:50:23.271 CEST [52870] LOG:  duration: 0.617 ms
2020-09-03 18:50:23.273 CEST [52870] LOG:  statement: ROLLBACK
2020-09-03 18:50:23.273 CEST [52870] LOG:  duration: 0.071 ms
2020-09-03 18:50:23.306 CEST [52870] LOG:  statement: BEGIN
2020-09-03 18:50:23.306 CEST [52870] LOG:  duration: 0.057 ms
2020-09-03 18:50:23.306 CEST [52870] LOG:  statement: SELECT city_object.id AS city_object_id, city_object.object AS city_object_object, city_object.attributes AS city_object_attributes, ST_AsEWKB(city_object.convexhull) AS city_object_convexhull, city_object.metadata_id AS city_object_metadata_id 
	FROM city_object 
	WHERE city_object.id = '{A3DF9B7C-9349-4703-88F4-C971EDB9D0A6}'
2020-09-03 18:50:23.306 CEST [52870] LOG:  duration: 0.255 ms
2020-09-03 18:50:23.307 CEST [52870] LOG:  statement: ROLLBACK
2020-09-03 18:50:23.307 CEST [52870] LOG:  duration: 0.106 ms
2020-09-03 18:50:23.323 CEST [52870] LOG:  statement: BEGIN
2020-09-03 18:50:23.323 CEST [52870] LOG:  duration: 0.148 ms
2020-09-03 18:50:23.323 CEST [52870] LOG:  statement: SELECT city_object.id AS city_object_id, city_object.object AS city_object_object, city_object.attributes AS city_object_attributes, ST_AsEWKB(city_object.convexhull) AS city_object_convexhull, city_object.metadata_id AS city_object_metadata_id 
	FROM city_object 
	WHERE city_object.id = '{A3DF9B7C-9349-4703-88F4-C971EDB9D0A6}'
2020-09-03 18:50:23.324 CEST [52870] LOG:  duration: 0.429 ms
2020-09-03 18:50:23.325 CEST [52870] LOG:  statement: ROLLBACK
2020-09-03 18:50:23.325 CEST [52870] LOG:  duration: 0.076 ms
2020-09-03 18:50:23.340 CEST [52870] LOG:  statement: BEGIN
2020-09-03 18:50:23.340 CEST [52870] LOG:  duration: 0.046 ms
2020-09-03 18:50:23.342 CEST [52870] LOG:  statement: SELECT city_object.id AS city_object_id, city_object.object AS city_object_object, city_object.attributes AS city_object_attributes, ST_AsEWKB(city_object.convexhull) AS city_object_convexhull, city_object.metadata_id AS city_object_metadata_id 
	FROM city_object 
	WHERE city_object.id = '{A3DF9B7C-9349-4703-88F4-C971EDB9D0A6}'
2020-09-03 18:50:23.342 CEST [52870] LOG:  duration: 0.279 ms
2020-09-03 18:50:23.344 CEST [52870] LOG:  statement: ROLLBACK
2020-09-03 18:50:23.345 CEST [52870] LOG:  duration: 0.849 ms
2020-09-03 18:50:23.361 CEST [52870] LOG:  statement: BEGIN
2020-09-03 18:50:23.361 CEST [52870] LOG:  duration: 0.056 ms
2020-09-03 18:50:23.361 CEST [52870] LOG:  statement: SELECT city_object.id AS city_object_id, city_object.object AS city_object_object, city_object.attributes AS city_object_attributes, ST_AsEWKB(city_object.convexhull) AS city_object_convexhull, city_object.metadata_id AS city_object_metadata_id 
	FROM city_object 
	WHERE city_object.id = '{A3DF9B7C-9349-4703-88F4-C971EDB9D0A6}'
2020-09-03 18:50:23.361 CEST [52870] LOG:  duration: 0.227 ms
2020-09-03 18:50:23.363 CEST [52870] LOG:  statement: ROLLBACK
2020-09-03 18:50:23.363 CEST [52870] LOG:  duration: 0.070 ms
2020-09-03 18:50:23.378 CEST [52870] LOG:  statement: BEGIN
2020-09-03 18:50:23.378 CEST [52870] LOG:  duration: 0.040 ms
2020-09-03 18:50:23.378 CEST [52870] LOG:  statement: SELECT city_object.id AS city_object_id, city_object.object AS city_object_object, city_object.attributes AS city_object_attributes, ST_AsEWKB(city_object.convexhull) AS city_object_convexhull, city_object.metadata_id AS city_object_metadata_id 
	FROM city_object 
	WHERE city_object.id = '{A3DF9B7C-9349-4703-88F4-C971EDB9D0A6}'
2020-09-03 18:50:23.379 CEST [52870] LOG:  duration: 0.220 ms
2020-09-03 18:50:23.380 CEST [52870] LOG:  statement: ROLLBACK
2020-09-03 18:50:23.380 CEST [52870] LOG:  duration: 0.058 ms
2020-09-03 18:50:23.396 CEST [52870] LOG:  statement: BEGIN
2020-09-03 18:50:23.396 CEST [52870] LOG:  duration: 0.060 ms
2020-09-03 18:50:23.396 CEST [52870] LOG:  statement: SELECT city_object.id AS city_object_id, city_object.object AS city_object_object, city_object.attributes AS city_object_attributes, ST_AsEWKB(city_object.convexhull) AS city_object_convexhull, city_object.metadata_id AS city_object_metadata_id 
	FROM city_object 
	WHERE city_object.id = '{A3DF9B7C-9349-4703-88F4-C971EDB9D0A6}'
2020-09-03 18:50:23.396 CEST [52870] LOG:  duration: 0.240 ms
2020-09-03 18:50:23.398 CEST [52870] LOG:  statement: ROLLBACK
2020-09-03 18:50:23.398 CEST [52870] LOG:  duration: 0.069 ms
2020-09-03 18:50:23.408 CEST [52870] LOG:  statement: BEGIN
2020-09-03 18:50:23.408 CEST [52870] LOG:  duration: 0.652 ms
2020-09-03 18:50:23.409 CEST [52870] LOG:  statement: SELECT city_object.id AS city_object_id, city_object.object AS city_object_object, city_object.attributes AS city_object_attributes, ST_AsEWKB(city_object.convexhull) AS city_object_convexhull, city_object.metadata_id AS city_object_metadata_id 
	FROM city_object 
	WHERE city_object.id = '{A3DF9B7C-9349-4703-88F4-C971EDB9D0A6}'
2020-09-03 18:50:23.409 CEST [52870] LOG:  duration: 0.835 ms
2020-09-03 18:50:23.411 CEST [52870] LOG:  statement: ROLLBACK
2020-09-03 18:50:23.411 CEST [52870] LOG:  duration: 0.063 ms
2020-09-03 18:50:23.419 CEST [52870] LOG:  statement: BEGIN
2020-09-03 18:50:23.419 CEST [52870] LOG:  duration: 0.144 ms
2020-09-03 18:50:23.420 CEST [52870] LOG:  statement: SELECT city_object.id AS city_object_id, city_object.object AS city_object_object, city_object.attributes AS city_object_attributes, ST_AsEWKB(city_object.convexhull) AS city_object_convexhull, city_object.metadata_id AS city_object_metadata_id 
	FROM city_object 
	WHERE city_object.id = '{A3DF9B7C-9349-4703-88F4-C971EDB9D0A6}'
2020-09-03 18:50:23.421 CEST [52870] LOG:  duration: 0.869 ms
2020-09-03 18:50:23.423 CEST [52870] LOG:  statement: ROLLBACK
2020-09-03 18:50:23.423 CEST [52870] LOG:  duration: 0.100 ms
2020-09-03 18:50:23.437 CEST [52870] LOG:  statement: BEGIN
2020-09-03 18:50:23.437 CEST [52870] LOG:  duration: 0.055 ms
2020-09-03 18:50:23.437 CEST [52870] LOG:  statement: SELECT city_object.id AS city_object_id, city_object.object AS city_object_object, city_object.attributes AS city_object_attributes, ST_AsEWKB(city_object.convexhull) AS city_object_convexhull, city_object.metadata_id AS city_object_metadata_id 
	FROM city_object 
	WHERE city_object.id = '{A3DF9B7C-9349-4703-88F4-C971EDB9D0A6}'
2020-09-03 18:50:23.437 CEST [52870] LOG:  duration: 0.243 ms
2020-09-03 18:50:23.442 CEST [52870] LOG:  statement: ROLLBACK
2020-09-03 18:50:23.443 CEST [52870] LOG:  duration: 0.256 ms
2020-09-03 18:50:23.452 CEST [52870] LOG:  statement: BEGIN
2020-09-03 18:50:23.453 CEST [52870] LOG:  duration: 0.084 ms
2020-09-03 18:50:23.453 CEST [52870] LOG:  statement: SELECT city_object.id AS city_object_id, city_object.object AS city_object_object, city_object.attributes AS city_object_attributes, ST_AsEWKB(city_object.convexhull) AS city_object_convexhull, city_object.metadata_id AS city_object_metadata_id 
	FROM city_object 
	WHERE city_object.id = '{A3DF9B7C-9349-4703-88F4-C971EDB9D0A6}'
2020-09-03 18:50:23.453 CEST [52870] LOG:  duration: 0.230 ms
2020-09-03 18:50:23.454 CEST [52870] LOG:  statement: ROLLBACK
2020-09-03 18:50:23.454 CEST [52870] LOG:  duration: 0.066 ms
2020-09-03 18:50:23.468 CEST [52870] LOG:  statement: BEGIN
2020-09-03 18:50:23.468 CEST [52870] LOG:  duration: 0.213 ms
2020-09-03 18:50:23.469 CEST [52870] LOG:  statement: SELECT city_object.id AS city_object_id, city_object.object AS city_object_object, city_object.attributes AS city_object_attributes, ST_AsEWKB(city_object.convexhull) AS city_object_convexhull, city_object.metadata_id AS city_object_metadata_id 
	FROM city_object 
	WHERE city_object.id = '{A3DF9B7C-9349-4703-88F4-C971EDB9D0A6}'
2020-09-03 18:50:23.470 CEST [52870] LOG:  duration: 0.949 ms
2020-09-03 18:50:23.473 CEST [52870] LOG:  statement: ROLLBACK
2020-09-03 18:50:23.473 CEST [52870] LOG:  duration: 0.067 ms
2020-09-03 18:50:23.488 CEST [52870] LOG:  statement: BEGIN
2020-09-03 18:50:23.488 CEST [52870] LOG:  duration: 0.054 ms
2020-09-03 18:50:23.489 CEST [52870] LOG:  statement: SELECT city_object.id AS city_object_id, city_object.object AS city_object_object, city_object.attributes AS city_object_attributes, ST_AsEWKB(city_object.convexhull) AS city_object_convexhull, city_object.metadata_id AS city_object_metadata_id 
	FROM city_object 
	WHERE city_object.id = '{A3DF9B7C-9349-4703-88F4-C971EDB9D0A6}'
2020-09-03 18:50:23.489 CEST [52870] LOG:  duration: 0.259 ms
2020-09-03 18:50:23.491 CEST [52870] LOG:  statement: ROLLBACK
2020-09-03 18:50:23.491 CEST [52870] LOG:  duration: 0.314 ms
2020-09-03 18:50:23.507 CEST [52870] LOG:  statement: BEGIN
2020-09-03 18:50:23.507 CEST [52870] LOG:  duration: 0.059 ms
2020-09-03 18:50:23.508 CEST [52870] LOG:  statement: SELECT city_object.id AS city_object_id, city_object.object AS city_object_object, city_object.attributes AS city_object_attributes, ST_AsEWKB(city_object.convexhull) AS city_object_convexhull, city_object.metadata_id AS city_object_metadata_id 
	FROM city_object 
	WHERE city_object.id = '{A3DF9B7C-9349-4703-88F4-C971EDB9D0A6}'
2020-09-03 18:50:23.508 CEST [52870] LOG:  duration: 0.259 ms
2020-09-03 18:50:23.510 CEST [52870] LOG:  statement: ROLLBACK
2020-09-03 18:50:23.510 CEST [52870] LOG:  duration: 0.306 ms
2020-09-03 18:50:23.523 CEST [52870] LOG:  statement: BEGIN
2020-09-03 18:50:23.523 CEST [52870] LOG:  duration: 0.403 ms
2020-09-03 18:50:23.524 CEST [52870] LOG:  statement: SELECT city_object.id AS city_object_id, city_object.object AS city_object_object, city_object.attributes AS city_object_attributes, ST_AsEWKB(city_object.convexhull) AS city_object_convexhull, city_object.metadata_id AS city_object_metadata_id 
	FROM city_object 
	WHERE city_object.id = '{A3DF9B7C-9349-4703-88F4-C971EDB9D0A6}'
2020-09-03 18:50:23.524 CEST [52870] LOG:  duration: 0.402 ms
2020-09-03 18:50:23.526 CEST [52870] LOG:  statement: ROLLBACK
2020-09-03 18:50:23.526 CEST [52870] LOG:  duration: 0.064 ms
2020-09-03 18:50:23.535 CEST [52870] LOG:  statement: BEGIN
2020-09-03 18:50:23.535 CEST [52870] LOG:  duration: 0.080 ms
2020-09-03 18:50:23.535 CEST [52870] LOG:  statement: SELECT city_object.id AS city_object_id, city_object.object AS city_object_object, city_object.attributes AS city_object_attributes, ST_AsEWKB(city_object.convexhull) AS city_object_convexhull, city_object.metadata_id AS city_object_metadata_id 
	FROM city_object 
	WHERE city_object.id = '{A3DF9B7C-9349-4703-88F4-C971EDB9D0A6}'
2020-09-03 18:50:23.535 CEST [52870] LOG:  duration: 0.229 ms
2020-09-03 18:50:23.537 CEST [52870] LOG:  statement: ROLLBACK
2020-09-03 18:50:23.537 CEST [52870] LOG:  duration: 0.074 ms
2020-09-03 18:50:23.547 CEST [52870] LOG:  statement: BEGIN
2020-09-03 18:50:23.547 CEST [52870] LOG:  duration: 0.054 ms
2020-09-03 18:50:23.548 CEST [52870] LOG:  statement: SELECT city_object.id AS city_object_id, city_object.object AS city_object_object, city_object.attributes AS city_object_attributes, ST_AsEWKB(city_object.convexhull) AS city_object_convexhull, city_object.metadata_id AS city_object_metadata_id 
	FROM city_object 
	WHERE city_object.id = '{A3DF9B7C-9349-4703-88F4-C971EDB9D0A6}'
2020-09-03 18:50:23.548 CEST [52870] LOG:  duration: 0.273 ms
2020-09-03 18:50:23.550 CEST [52870] LOG:  statement: ROLLBACK
2020-09-03 18:50:23.550 CEST [52870] LOG:  duration: 0.403 ms
2020-09-03 18:50:23.566 CEST [52870] LOG:  statement: BEGIN
2020-09-03 18:50:23.566 CEST [52870] LOG:  duration: 0.051 ms
2020-09-03 18:50:23.566 CEST [52870] LOG:  statement: SELECT city_object.id AS city_object_id, city_object.object AS city_object_object, city_object.attributes AS city_object_attributes, ST_AsEWKB(city_object.convexhull) AS city_object_convexhull, city_object.metadata_id AS city_object_metadata_id 
	FROM city_object 
	WHERE city_object.id = '{A3DF9B7C-9349-4703-88F4-C971EDB9D0A6}'
2020-09-03 18:50:23.566 CEST [52870] LOG:  duration: 0.271 ms
2020-09-03 18:50:23.568 CEST [52870] LOG:  statement: ROLLBACK
2020-09-03 18:50:23.568 CEST [52870] LOG:  duration: 0.146 ms
2020-09-03 18:50:23.580 CEST [52870] LOG:  statement: BEGIN
2020-09-03 18:50:23.580 CEST [52870] LOG:  duration: 0.056 ms
2020-09-03 18:50:23.580 CEST [52870] LOG:  statement: SELECT city_object.id AS city_object_id, city_object.object AS city_object_object, city_object.attributes AS city_object_attributes, ST_AsEWKB(city_object.convexhull) AS city_object_convexhull, city_object.metadata_id AS city_object_metadata_id 
	FROM city_object 
	WHERE city_object.id = '{A3DF9B7C-9349-4703-88F4-C971EDB9D0A6}'
2020-09-03 18:50:23.580 CEST [52870] LOG:  duration: 0.239 ms
2020-09-03 18:50:23.583 CEST [52870] LOG:  statement: ROLLBACK
2020-09-03 18:50:23.583 CEST [52870] LOG:  duration: 0.071 ms
2020-09-03 18:50:23.599 CEST [52870] LOG:  statement: BEGIN
2020-09-03 18:50:23.599 CEST [52870] LOG:  duration: 0.058 ms
2020-09-03 18:50:23.599 CEST [52870] LOG:  statement: SELECT city_object.id AS city_object_id, city_object.object AS city_object_object, city_object.attributes AS city_object_attributes, ST_AsEWKB(city_object.convexhull) AS city_object_convexhull, city_object.metadata_id AS city_object_metadata_id 
	FROM city_object 
	WHERE city_object.id = '{A3DF9B7C-9349-4703-88F4-C971EDB9D0A6}'
2020-09-03 18:50:23.599 CEST [52870] LOG:  duration: 0.258 ms
2020-09-03 18:50:23.601 CEST [52870] LOG:  statement: ROLLBACK
2020-09-03 18:50:23.601 CEST [52870] LOG:  duration: 0.060 ms
2020-09-03 18:50:23.613 CEST [52870] LOG:  statement: BEGIN
2020-09-03 18:50:23.613 CEST [52870] LOG:  duration: 0.053 ms
2020-09-03 18:50:23.613 CEST [52870] LOG:  statement: SELECT city_object.id AS city_object_id, city_object.object AS city_object_object, city_object.attributes AS city_object_attributes, ST_AsEWKB(city_object.convexhull) AS city_object_convexhull, city_object.metadata_id AS city_object_metadata_id 
	FROM city_object 
	WHERE city_object.id = '{A3DF9B7C-9349-4703-88F4-C971EDB9D0A6}'
2020-09-03 18:50:23.613 CEST [52870] LOG:  duration: 0.236 ms
2020-09-03 18:50:23.615 CEST [52870] LOG:  statement: ROLLBACK
2020-09-03 18:50:23.615 CEST [52870] LOG:  duration: 0.064 ms
2020-09-03 18:50:23.631 CEST [52870] LOG:  statement: BEGIN
2020-09-03 18:50:23.631 CEST [52870] LOG:  duration: 0.053 ms
2020-09-03 18:50:23.631 CEST [52870] LOG:  statement: SELECT city_object.id AS city_object_id, city_object.object AS city_object_object, city_object.attributes AS city_object_attributes, ST_AsEWKB(city_object.convexhull) AS city_object_convexhull, city_object.metadata_id AS city_object_metadata_id 
	FROM city_object 
	WHERE city_object.id = '{A3DF9B7C-9349-4703-88F4-C971EDB9D0A6}'
2020-09-03 18:50:23.631 CEST [52870] LOG:  duration: 0.236 ms
2020-09-03 18:50:23.632 CEST [52870] LOG:  statement: ROLLBACK
2020-09-03 18:50:23.632 CEST [52870] LOG:  duration: 0.068 ms
2020-09-03 18:50:23.643 CEST [52870] LOG:  statement: BEGIN
2020-09-03 18:50:23.643 CEST [52870] LOG:  duration: 0.042 ms
2020-09-03 18:50:23.643 CEST [52870] LOG:  statement: SELECT city_object.id AS city_object_id, city_object.object AS city_object_object, city_object.attributes AS city_object_attributes, ST_AsEWKB(city_object.convexhull) AS city_object_convexhull, city_object.metadata_id AS city_object_metadata_id 
	FROM city_object 
	WHERE city_object.id = '{A3DF9B7C-9349-4703-88F4-C971EDB9D0A6}'
2020-09-03 18:50:23.644 CEST [52870] LOG:  duration: 0.225 ms
2020-09-03 18:50:23.645 CEST [52870] LOG:  statement: ROLLBACK
2020-09-03 18:50:23.645 CEST [52870] LOG:  duration: 0.061 ms
2020-09-03 18:50:23.656 CEST [52870] LOG:  statement: BEGIN
2020-09-03 18:50:23.656 CEST [52870] LOG:  duration: 0.057 ms
2020-09-03 18:50:23.656 CEST [52870] LOG:  statement: SELECT city_object.id AS city_object_id, city_object.object AS city_object_object, city_object.attributes AS city_object_attributes, ST_AsEWKB(city_object.convexhull) AS city_object_convexhull, city_object.metadata_id AS city_object_metadata_id 
	FROM city_object 
	WHERE city_object.id = '{A3DF9B7C-9349-4703-88F4-C971EDB9D0A6}'
2020-09-03 18:50:23.656 CEST [52870] LOG:  duration: 0.275 ms
2020-09-03 18:50:23.659 CEST [52870] LOG:  statement: ROLLBACK
2020-09-03 18:50:23.659 CEST [52870] LOG:  duration: 0.068 ms
2020-09-03 18:50:23.668 CEST [52870] LOG:  statement: BEGIN
2020-09-03 18:50:23.668 CEST [52870] LOG:  duration: 0.151 ms
2020-09-03 18:50:23.668 CEST [52870] LOG:  statement: SELECT city_object.id AS city_object_id, city_object.object AS city_object_object, city_object.attributes AS city_object_attributes, ST_AsEWKB(city_object.convexhull) AS city_object_convexhull, city_object.metadata_id AS city_object_metadata_id 
	FROM city_object 
	WHERE city_object.id = '{A3DF9B7C-9349-4703-88F4-C971EDB9D0A6}'
2020-09-03 18:50:23.668 CEST [52870] LOG:  duration: 0.248 ms
2020-09-03 18:50:23.670 CEST [52870] LOG:  statement: ROLLBACK
2020-09-03 18:50:23.670 CEST [52870] LOG:  duration: 0.067 ms
2020-09-03 18:50:23.681 CEST [52870] LOG:  statement: BEGIN
2020-09-03 18:50:23.681 CEST [52870] LOG:  duration: 0.057 ms
2020-09-03 18:50:23.681 CEST [52870] LOG:  statement: SELECT city_object.id AS city_object_id, city_object.object AS city_object_object, city_object.attributes AS city_object_attributes, ST_AsEWKB(city_object.convexhull) AS city_object_convexhull, city_object.metadata_id AS city_object_metadata_id 
	FROM city_object 
	WHERE city_object.id = '{A3DF9B7C-9349-4703-88F4-C971EDB9D0A6}'
2020-09-03 18:50:23.682 CEST [52870] LOG:  duration: 0.595 ms
2020-09-03 18:50:23.684 CEST [52870] LOG:  statement: ROLLBACK
2020-09-03 18:50:23.684 CEST [52870] LOG:  duration: 0.196 ms
2020-09-03 18:50:23.696 CEST [52870] LOG:  statement: BEGIN
2020-09-03 18:50:23.696 CEST [52870] LOG:  duration: 0.424 ms
2020-09-03 18:50:23.698 CEST [52870] LOG:  statement: SELECT city_object.id AS city_object_id, city_object.object AS city_object_object, city_object.attributes AS city_object_attributes, ST_AsEWKB(city_object.convexhull) AS city_object_convexhull, city_object.metadata_id AS city_object_metadata_id 
	FROM city_object 
	WHERE city_object.id = '{A3DF9B7C-9349-4703-88F4-C971EDB9D0A6}'
2020-09-03 18:50:23.701 CEST [52870] LOG:  duration: 3.276 ms
2020-09-03 18:50:23.704 CEST [52870] LOG:  statement: ROLLBACK
2020-09-03 18:50:23.704 CEST [52870] LOG:  duration: 0.073 ms
2020-09-03 18:50:23.714 CEST [52870] LOG:  statement: BEGIN
2020-09-03 18:50:23.715 CEST [52870] LOG:  duration: 0.218 ms
2020-09-03 18:50:23.715 CEST [52870] LOG:  statement: SELECT city_object.id AS city_object_id, city_object.object AS city_object_object, city_object.attributes AS city_object_attributes, ST_AsEWKB(city_object.convexhull) AS city_object_convexhull, city_object.metadata_id AS city_object_metadata_id 
	FROM city_object 
	WHERE city_object.id = '{A3DF9B7C-9349-4703-88F4-C971EDB9D0A6}'
2020-09-03 18:50:23.715 CEST [52870] LOG:  duration: 0.252 ms
2020-09-03 18:50:23.717 CEST [52870] LOG:  statement: ROLLBACK
2020-09-03 18:50:23.717 CEST [52870] LOG:  duration: 0.079 ms
2020-09-03 18:50:23.817 CEST [52870] LOG:  statement: BEGIN
2020-09-03 18:50:23.817 CEST [52870] LOG:  duration: 0.072 ms
2020-09-03 18:50:23.818 CEST [52870] LOG:  statement: SELECT city_object.id AS city_object_id, city_object.object AS city_object_object, city_object.attributes AS city_object_attributes, ST_AsEWKB(city_object.convexhull) AS city_object_convexhull, city_object.metadata_id AS city_object_metadata_id 
	FROM city_object 
	WHERE city_object.id = '{A3DF9B7C-9349-4703-88F4-C971EDB9D0A6}'
2020-09-03 18:50:23.818 CEST [52870] LOG:  duration: 0.371 ms
2020-09-03 18:50:23.820 CEST [52870] LOG:  statement: ROLLBACK
2020-09-03 18:50:23.820 CEST [52870] LOG:  duration: 0.068 ms
2020-09-03 18:50:23.828 CEST [52870] LOG:  statement: BEGIN
2020-09-03 18:50:23.828 CEST [52870] LOG:  duration: 0.049 ms
2020-09-03 18:50:23.828 CEST [52870] LOG:  statement: SELECT city_object.id AS city_object_id, city_object.object AS city_object_object, city_object.attributes AS city_object_attributes, ST_AsEWKB(city_object.convexhull) AS city_object_convexhull, city_object.metadata_id AS city_object_metadata_id 
	FROM city_object 
	WHERE city_object.id = '{A3DF9B7C-9349-4703-88F4-C971EDB9D0A6}'
2020-09-03 18:50:23.828 CEST [52870] LOG:  duration: 0.245 ms
2020-09-03 18:50:23.830 CEST [52870] LOG:  statement: ROLLBACK
2020-09-03 18:50:23.830 CEST [52870] LOG:  duration: 0.061 ms
2020-09-03 18:50:23.840 CEST [52870] LOG:  statement: BEGIN
2020-09-03 18:50:23.840 CEST [52870] LOG:  duration: 0.050 ms
2020-09-03 18:50:23.840 CEST [52870] LOG:  statement: SELECT city_object.id AS city_object_id, city_object.object AS city_object_object, city_object.attributes AS city_object_attributes, ST_AsEWKB(city_object.convexhull) AS city_object_convexhull, city_object.metadata_id AS city_object_metadata_id 
	FROM city_object 
	WHERE city_object.id = '{A3DF9B7C-9349-4703-88F4-C971EDB9D0A6}'
2020-09-03 18:50:23.840 CEST [52870] LOG:  duration: 0.284 ms
2020-09-03 18:50:23.845 CEST [52870] LOG:  statement: ROLLBACK
2020-09-03 18:50:23.845 CEST [52870] LOG:  duration: 0.077 ms
2020-09-03 18:50:23.858 CEST [52870] LOG:  statement: BEGIN
2020-09-03 18:50:23.858 CEST [52870] LOG:  duration: 0.062 ms
2020-09-03 18:50:23.859 CEST [52870] LOG:  statement: SELECT city_object.id AS city_object_id, city_object.object AS city_object_object, city_object.attributes AS city_object_attributes, ST_AsEWKB(city_object.convexhull) AS city_object_convexhull, city_object.metadata_id AS city_object_metadata_id 
	FROM city_object 
	WHERE city_object.id = '{A3DF9B7C-9349-4703-88F4-C971EDB9D0A6}'
2020-09-03 18:50:23.859 CEST [52870] LOG:  duration: 1.092 ms
2020-09-03 18:50:23.862 CEST [52870] LOG:  statement: ROLLBACK
2020-09-03 18:50:23.863 CEST [52870] LOG:  duration: 0.130 ms
2020-09-03 18:50:23.877 CEST [52870] LOG:  statement: BEGIN
2020-09-03 18:50:23.877 CEST [52870] LOG:  duration: 0.050 ms
2020-09-03 18:50:23.877 CEST [52870] LOG:  statement: SELECT city_object.id AS city_object_id, city_object.object AS city_object_object, city_object.attributes AS city_object_attributes, ST_AsEWKB(city_object.convexhull) AS city_object_convexhull, city_object.metadata_id AS city_object_metadata_id 
	FROM city_object 
	WHERE city_object.id = '{A3DF9B7C-9349-4703-88F4-C971EDB9D0A6}'
2020-09-03 18:50:23.878 CEST [52870] LOG:  duration: 0.238 ms
2020-09-03 18:50:23.880 CEST [52870] LOG:  statement: ROLLBACK
2020-09-03 18:50:23.880 CEST [52870] LOG:  duration: 0.063 ms
2020-09-03 18:50:23.894 CEST [52870] LOG:  statement: BEGIN
2020-09-03 18:50:23.894 CEST [52870] LOG:  duration: 0.059 ms
2020-09-03 18:50:23.894 CEST [52870] LOG:  statement: SELECT city_object.id AS city_object_id, city_object.object AS city_object_object, city_object.attributes AS city_object_attributes, ST_AsEWKB(city_object.convexhull) AS city_object_convexhull, city_object.metadata_id AS city_object_metadata_id 
	FROM city_object 
	WHERE city_object.id = '{A3DF9B7C-9349-4703-88F4-C971EDB9D0A6}'
2020-09-03 18:50:23.894 CEST [52870] LOG:  duration: 0.236 ms
2020-09-03 18:50:23.896 CEST [52870] LOG:  statement: ROLLBACK
2020-09-03 18:50:23.896 CEST [52870] LOG:  duration: 0.062 ms
2020-09-03 18:50:23.906 CEST [52870] LOG:  statement: BEGIN
2020-09-03 18:50:23.907 CEST [52870] LOG:  duration: 0.074 ms
2020-09-03 18:50:23.907 CEST [52870] LOG:  statement: SELECT city_object.id AS city_object_id, city_object.object AS city_object_object, city_object.attributes AS city_object_attributes, ST_AsEWKB(city_object.convexhull) AS city_object_convexhull, city_object.metadata_id AS city_object_metadata_id 
	FROM city_object 
	WHERE city_object.id = '{A3DF9B7C-9349-4703-88F4-C971EDB9D0A6}'
2020-09-03 18:50:23.907 CEST [52870] LOG:  duration: 0.260 ms
2020-09-03 18:50:23.909 CEST [52870] LOG:  statement: ROLLBACK
2020-09-03 18:50:23.909 CEST [52870] LOG:  duration: 0.069 ms
2020-09-03 18:50:23.918 CEST [52870] LOG:  statement: BEGIN
2020-09-03 18:50:23.918 CEST [52870] LOG:  duration: 0.057 ms
2020-09-03 18:50:23.918 CEST [52870] LOG:  statement: SELECT city_object.id AS city_object_id, city_object.object AS city_object_object, city_object.attributes AS city_object_attributes, ST_AsEWKB(city_object.convexhull) AS city_object_convexhull, city_object.metadata_id AS city_object_metadata_id 
	FROM city_object 
	WHERE city_object.id = '{A3DF9B7C-9349-4703-88F4-C971EDB9D0A6}'
2020-09-03 18:50:23.918 CEST [52870] LOG:  duration: 0.250 ms
2020-09-03 18:50:23.922 CEST [52870] LOG:  statement: ROLLBACK
2020-09-03 18:50:23.922 CEST [52870] LOG:  duration: 0.086 ms
2020-09-03 18:50:23.936 CEST [52870] LOG:  statement: BEGIN
2020-09-03 18:50:23.936 CEST [52870] LOG:  duration: 0.054 ms
2020-09-03 18:50:23.936 CEST [52870] LOG:  statement: SELECT city_object.id AS city_object_id, city_object.object AS city_object_object, city_object.attributes AS city_object_attributes, ST_AsEWKB(city_object.convexhull) AS city_object_convexhull, city_object.metadata_id AS city_object_metadata_id 
	FROM city_object 
	WHERE city_object.id = '{A3DF9B7C-9349-4703-88F4-C971EDB9D0A6}'
2020-09-03 18:50:23.936 CEST [52870] LOG:  duration: 0.265 ms
2020-09-03 18:50:23.938 CEST [52870] LOG:  statement: ROLLBACK
2020-09-03 18:50:23.938 CEST [52870] LOG:  duration: 0.073 ms
2020-09-03 18:50:23.949 CEST [52870] LOG:  statement: BEGIN
2020-09-03 18:50:23.949 CEST [52870] LOG:  duration: 0.115 ms
2020-09-03 18:50:23.949 CEST [52870] LOG:  statement: SELECT city_object.id AS city_object_id, city_object.object AS city_object_object, city_object.attributes AS city_object_attributes, ST_AsEWKB(city_object.convexhull) AS city_object_convexhull, city_object.metadata_id AS city_object_metadata_id 
	FROM city_object 
	WHERE city_object.id = '{A3DF9B7C-9349-4703-88F4-C971EDB9D0A6}'
2020-09-03 18:50:23.949 CEST [52870] LOG:  duration: 0.252 ms
2020-09-03 18:50:23.951 CEST [52870] LOG:  statement: ROLLBACK
2020-09-03 18:50:23.951 CEST [52870] LOG:  duration: 0.213 ms
2020-09-03 18:50:23.965 CEST [52870] LOG:  statement: BEGIN
2020-09-03 18:50:23.966 CEST [52870] LOG:  duration: 0.117 ms
2020-09-03 18:50:23.966 CEST [52870] LOG:  statement: SELECT city_object.id AS city_object_id, city_object.object AS city_object_object, city_object.attributes AS city_object_attributes, ST_AsEWKB(city_object.convexhull) AS city_object_convexhull, city_object.metadata_id AS city_object_metadata_id 
	FROM city_object 
	WHERE city_object.id = '{A3DF9B7C-9349-4703-88F4-C971EDB9D0A6}'
2020-09-03 18:50:23.966 CEST [52870] LOG:  duration: 0.267 ms
2020-09-03 18:50:23.967 CEST [52870] LOG:  statement: ROLLBACK
2020-09-03 18:50:23.968 CEST [52870] LOG:  duration: 0.139 ms
2020-09-03 18:50:23.979 CEST [52870] LOG:  statement: BEGIN
2020-09-03 18:50:23.979 CEST [52870] LOG:  duration: 0.056 ms
2020-09-03 18:50:23.979 CEST [52870] LOG:  statement: SELECT city_object.id AS city_object_id, city_object.object AS city_object_object, city_object.attributes AS city_object_attributes, ST_AsEWKB(city_object.convexhull) AS city_object_convexhull, city_object.metadata_id AS city_object_metadata_id 
	FROM city_object 
	WHERE city_object.id = '{A3DF9B7C-9349-4703-88F4-C971EDB9D0A6}'
2020-09-03 18:50:23.980 CEST [52870] LOG:  duration: 0.291 ms
2020-09-03 18:50:23.982 CEST [52870] LOG:  statement: ROLLBACK
2020-09-03 18:50:23.982 CEST [52870] LOG:  duration: 0.110 ms
2020-09-03 18:50:23.989 CEST [52870] LOG:  statement: BEGIN
2020-09-03 18:50:23.989 CEST [52870] LOG:  duration: 0.057 ms
2020-09-03 18:50:23.990 CEST [52870] LOG:  statement: SELECT city_object.id AS city_object_id, city_object.object AS city_object_object, city_object.attributes AS city_object_attributes, ST_AsEWKB(city_object.convexhull) AS city_object_convexhull, city_object.metadata_id AS city_object_metadata_id 
	FROM city_object 
	WHERE city_object.id = '{A3DF9B7C-9349-4703-88F4-C971EDB9D0A6}'
2020-09-03 18:50:23.990 CEST [52870] LOG:  duration: 0.311 ms
2020-09-03 18:50:23.992 CEST [52870] LOG:  statement: ROLLBACK
2020-09-03 18:50:23.993 CEST [52870] LOG:  duration: 0.148 ms
2020-09-03 18:50:24.001 CEST [52870] LOG:  statement: BEGIN
2020-09-03 18:50:24.001 CEST [52870] LOG:  duration: 0.097 ms
2020-09-03 18:50:24.001 CEST [52870] LOG:  statement: SELECT city_object.id AS city_object_id, city_object.object AS city_object_object, city_object.attributes AS city_object_attributes, ST_AsEWKB(city_object.convexhull) AS city_object_convexhull, city_object.metadata_id AS city_object_metadata_id 
	FROM city_object 
	WHERE city_object.id = '{A3DF9B7C-9349-4703-88F4-C971EDB9D0A6}'
2020-09-03 18:50:24.001 CEST [52870] LOG:  duration: 0.220 ms
2020-09-03 18:50:24.002 CEST [52870] LOG:  statement: ROLLBACK
2020-09-03 18:50:24.003 CEST [52870] LOG:  duration: 0.080 ms
2020-09-03 18:50:24.009 CEST [52870] LOG:  statement: BEGIN
2020-09-03 18:50:24.009 CEST [52870] LOG:  duration: 0.052 ms
2020-09-03 18:50:24.011 CEST [52870] LOG:  statement: SELECT city_object.id AS city_object_id, city_object.object AS city_object_object, city_object.attributes AS city_object_attributes, ST_AsEWKB(city_object.convexhull) AS city_object_convexhull, city_object.metadata_id AS city_object_metadata_id 
	FROM city_object 
	WHERE city_object.id = '{A3DF9B7C-9349-4703-88F4-C971EDB9D0A6}'
2020-09-03 18:50:24.011 CEST [52870] LOG:  duration: 0.304 ms
2020-09-03 18:50:24.013 CEST [52870] LOG:  statement: ROLLBACK
2020-09-03 18:50:24.013 CEST [52870] LOG:  duration: 0.152 ms
2020-09-03 18:50:24.026 CEST [52870] LOG:  statement: BEGIN
2020-09-03 18:50:24.026 CEST [52870] LOG:  duration: 0.054 ms
2020-09-03 18:50:24.027 CEST [52870] LOG:  statement: SELECT city_object.id AS city_object_id, city_object.object AS city_object_object, city_object.attributes AS city_object_attributes, ST_AsEWKB(city_object.convexhull) AS city_object_convexhull, city_object.metadata_id AS city_object_metadata_id 
	FROM city_object 
	WHERE city_object.id = '{A3DF9B7C-9349-4703-88F4-C971EDB9D0A6}'
2020-09-03 18:50:24.027 CEST [52870] LOG:  duration: 0.565 ms
2020-09-03 18:50:24.028 CEST [52870] LOG:  statement: ROLLBACK
2020-09-03 18:50:24.028 CEST [52870] LOG:  duration: 0.059 ms
2020-09-03 18:50:24.036 CEST [52870] LOG:  statement: BEGIN
2020-09-03 18:50:24.036 CEST [52870] LOG:  duration: 0.186 ms
2020-09-03 18:50:24.036 CEST [52870] LOG:  statement: SELECT city_object.id AS city_object_id, city_object.object AS city_object_object, city_object.attributes AS city_object_attributes, ST_AsEWKB(city_object.convexhull) AS city_object_convexhull, city_object.metadata_id AS city_object_metadata_id 
	FROM city_object 
	WHERE city_object.id = '{A3DF9B7C-9349-4703-88F4-C971EDB9D0A6}'
2020-09-03 18:50:24.037 CEST [52870] LOG:  duration: 0.722 ms
2020-09-03 18:50:24.040 CEST [52870] LOG:  statement: ROLLBACK
2020-09-03 18:50:24.040 CEST [52870] LOG:  duration: 0.104 ms
2020-09-03 18:50:24.051 CEST [52870] LOG:  statement: BEGIN
2020-09-03 18:50:24.051 CEST [52870] LOG:  duration: 0.063 ms
2020-09-03 18:50:24.051 CEST [52870] LOG:  statement: SELECT city_object.id AS city_object_id, city_object.object AS city_object_object, city_object.attributes AS city_object_attributes, ST_AsEWKB(city_object.convexhull) AS city_object_convexhull, city_object.metadata_id AS city_object_metadata_id 
	FROM city_object 
	WHERE city_object.id = '{A3DF9B7C-9349-4703-88F4-C971EDB9D0A6}'
2020-09-03 18:50:24.052 CEST [52870] LOG:  duration: 0.261 ms
2020-09-03 18:50:24.053 CEST [52870] LOG:  statement: ROLLBACK
2020-09-03 18:50:24.053 CEST [52870] LOG:  duration: 0.104 ms
2020-09-03 18:50:24.061 CEST [52870] LOG:  statement: BEGIN
2020-09-03 18:50:24.061 CEST [52870] LOG:  duration: 0.057 ms
2020-09-03 18:50:24.061 CEST [52870] LOG:  statement: SELECT city_object.id AS city_object_id, city_object.object AS city_object_object, city_object.attributes AS city_object_attributes, ST_AsEWKB(city_object.convexhull) AS city_object_convexhull, city_object.metadata_id AS city_object_metadata_id 
	FROM city_object 
	WHERE city_object.id = '{A3DF9B7C-9349-4703-88F4-C971EDB9D0A6}'
2020-09-03 18:50:24.061 CEST [52870] LOG:  duration: 0.221 ms
2020-09-03 18:50:24.062 CEST [52870] LOG:  statement: ROLLBACK
2020-09-03 18:50:24.063 CEST [52870] LOG:  duration: 0.064 ms
2020-09-03 18:50:24.071 CEST [52870] LOG:  statement: BEGIN
2020-09-03 18:50:24.071 CEST [52870] LOG:  duration: 0.057 ms
2020-09-03 18:50:24.071 CEST [52870] LOG:  statement: SELECT city_object.id AS city_object_id, city_object.object AS city_object_object, city_object.attributes AS city_object_attributes, ST_AsEWKB(city_object.convexhull) AS city_object_convexhull, city_object.metadata_id AS city_object_metadata_id 
	FROM city_object 
	WHERE city_object.id = '{A3DF9B7C-9349-4703-88F4-C971EDB9D0A6}'
2020-09-03 18:50:24.071 CEST [52870] LOG:  duration: 0.301 ms
2020-09-03 18:50:24.073 CEST [52870] LOG:  statement: ROLLBACK
2020-09-03 18:50:24.073 CEST [52870] LOG:  duration: 0.067 ms
2020-09-03 18:50:24.079 CEST [52870] LOG:  statement: BEGIN
2020-09-03 18:50:24.079 CEST [52870] LOG:  duration: 0.056 ms
2020-09-03 18:50:24.079 CEST [52870] LOG:  statement: SELECT city_object.id AS city_object_id, city_object.object AS city_object_object, city_object.attributes AS city_object_attributes, ST_AsEWKB(city_object.convexhull) AS city_object_convexhull, city_object.metadata_id AS city_object_metadata_id 
	FROM city_object 
	WHERE city_object.id = '{A3DF9B7C-9349-4703-88F4-C971EDB9D0A6}'
2020-09-03 18:50:24.079 CEST [52870] LOG:  duration: 0.223 ms
2020-09-03 18:50:24.081 CEST [52870] LOG:  statement: ROLLBACK
2020-09-03 18:50:24.081 CEST [52870] LOG:  duration: 0.066 ms
2020-09-03 18:50:24.092 CEST [52870] LOG:  statement: BEGIN
2020-09-03 18:50:24.092 CEST [52870] LOG:  duration: 0.055 ms
2020-09-03 18:50:24.092 CEST [52870] LOG:  statement: SELECT city_object.id AS city_object_id, city_object.object AS city_object_object, city_object.attributes AS city_object_attributes, ST_AsEWKB(city_object.convexhull) AS city_object_convexhull, city_object.metadata_id AS city_object_metadata_id 
	FROM city_object 
	WHERE city_object.id = '{A3DF9B7C-9349-4703-88F4-C971EDB9D0A6}'
2020-09-03 18:50:24.093 CEST [52870] LOG:  duration: 0.184 ms
2020-09-03 18:50:24.094 CEST [52870] LOG:  statement: ROLLBACK
2020-09-03 18:50:24.094 CEST [52870] LOG:  duration: 0.069 ms
2020-09-03 18:50:24.102 CEST [52870] LOG:  statement: BEGIN
2020-09-03 18:50:24.102 CEST [52870] LOG:  duration: 0.057 ms
2020-09-03 18:50:24.102 CEST [52870] LOG:  statement: SELECT city_object.id AS city_object_id, city_object.object AS city_object_object, city_object.attributes AS city_object_attributes, ST_AsEWKB(city_object.convexhull) AS city_object_convexhull, city_object.metadata_id AS city_object_metadata_id 
	FROM city_object 
	WHERE city_object.id = '{A3DF9B7C-9349-4703-88F4-C971EDB9D0A6}'
2020-09-03 18:50:24.102 CEST [52870] LOG:  duration: 0.244 ms
2020-09-03 18:50:24.104 CEST [52870] LOG:  statement: ROLLBACK
2020-09-03 18:50:24.104 CEST [52870] LOG:  duration: 0.066 ms
2020-09-03 18:50:24.111 CEST [52870] LOG:  statement: BEGIN
2020-09-03 18:50:24.111 CEST [52870] LOG:  duration: 0.050 ms
2020-09-03 18:50:24.111 CEST [52870] LOG:  statement: SELECT city_object.id AS city_object_id, city_object.object AS city_object_object, city_object.attributes AS city_object_attributes, ST_AsEWKB(city_object.convexhull) AS city_object_convexhull, city_object.metadata_id AS city_object_metadata_id 
	FROM city_object 
	WHERE city_object.id = '{A3DF9B7C-9349-4703-88F4-C971EDB9D0A6}'
2020-09-03 18:50:24.112 CEST [52870] LOG:  duration: 0.228 ms
2020-09-03 18:50:24.113 CEST [52870] LOG:  statement: ROLLBACK
2020-09-03 18:50:24.113 CEST [52870] LOG:  duration: 0.067 ms
2020-09-03 18:50:24.120 CEST [52870] LOG:  statement: BEGIN
2020-09-03 18:50:24.120 CEST [52870] LOG:  duration: 0.051 ms
2020-09-03 18:50:24.120 CEST [52870] LOG:  statement: SELECT city_object.id AS city_object_id, city_object.object AS city_object_object, city_object.attributes AS city_object_attributes, ST_AsEWKB(city_object.convexhull) AS city_object_convexhull, city_object.metadata_id AS city_object_metadata_id 
	FROM city_object 
	WHERE city_object.id = '{A3DF9B7C-9349-4703-88F4-C971EDB9D0A6}'
2020-09-03 18:50:24.121 CEST [52870] LOG:  duration: 0.224 ms
2020-09-03 18:50:24.122 CEST [52870] LOG:  statement: ROLLBACK
2020-09-03 18:50:24.122 CEST [52870] LOG:  duration: 0.075 ms
2020-09-03 18:50:24.132 CEST [52870] LOG:  statement: BEGIN
2020-09-03 18:50:24.132 CEST [52870] LOG:  duration: 0.059 ms
2020-09-03 18:50:24.133 CEST [52870] LOG:  statement: SELECT city_object.id AS city_object_id, city_object.object AS city_object_object, city_object.attributes AS city_object_attributes, ST_AsEWKB(city_object.convexhull) AS city_object_convexhull, city_object.metadata_id AS city_object_metadata_id 
	FROM city_object 
	WHERE city_object.id = '{A3DF9B7C-9349-4703-88F4-C971EDB9D0A6}'
2020-09-03 18:50:24.133 CEST [52870] LOG:  duration: 0.286 ms
2020-09-03 18:50:24.135 CEST [52870] LOG:  statement: ROLLBACK
2020-09-03 18:50:24.135 CEST [52870] LOG:  duration: 0.062 ms
2020-09-03 18:50:24.140 CEST [52870] LOG:  statement: BEGIN
2020-09-03 18:50:24.140 CEST [52870] LOG:  duration: 0.045 ms
2020-09-03 18:50:24.142 CEST [52870] LOG:  statement: SELECT city_object.id AS city_object_id, city_object.object AS city_object_object, city_object.attributes AS city_object_attributes, ST_AsEWKB(city_object.convexhull) AS city_object_convexhull, city_object.metadata_id AS city_object_metadata_id 
	FROM city_object 
	WHERE city_object.id = '{A3DF9B7C-9349-4703-88F4-C971EDB9D0A6}'
2020-09-03 18:50:24.143 CEST [52870] LOG:  duration: 0.194 ms
2020-09-03 18:50:24.144 CEST [52870] LOG:  statement: ROLLBACK
2020-09-03 18:50:24.144 CEST [52870] LOG:  duration: 0.065 ms
2020-09-03 18:50:24.157 CEST [52870] LOG:  statement: BEGIN
2020-09-03 18:50:24.157 CEST [52870] LOG:  duration: 0.059 ms
2020-09-03 18:50:24.157 CEST [52870] LOG:  statement: SELECT city_object.id AS city_object_id, city_object.object AS city_object_object, city_object.attributes AS city_object_attributes, ST_AsEWKB(city_object.convexhull) AS city_object_convexhull, city_object.metadata_id AS city_object_metadata_id 
	FROM city_object 
	WHERE city_object.id = '{A3DF9B7C-9349-4703-88F4-C971EDB9D0A6}'
2020-09-03 18:50:24.157 CEST [52870] LOG:  duration: 0.290 ms
2020-09-03 18:50:24.159 CEST [52870] LOG:  statement: ROLLBACK
2020-09-03 18:50:24.159 CEST [52870] LOG:  duration: 0.059 ms
2020-09-03 18:50:24.166 CEST [52870] LOG:  statement: BEGIN
2020-09-03 18:50:24.166 CEST [52870] LOG:  duration: 0.048 ms
2020-09-03 18:50:24.166 CEST [52870] LOG:  statement: SELECT city_object.id AS city_object_id, city_object.object AS city_object_object, city_object.attributes AS city_object_attributes, ST_AsEWKB(city_object.convexhull) AS city_object_convexhull, city_object.metadata_id AS city_object_metadata_id 
	FROM city_object 
	WHERE city_object.id = '{A3DF9B7C-9349-4703-88F4-C971EDB9D0A6}'
2020-09-03 18:50:24.167 CEST [52870] LOG:  duration: 0.254 ms
2020-09-03 18:50:24.170 CEST [52870] LOG:  statement: ROLLBACK
2020-09-03 18:50:24.170 CEST [52870] LOG:  duration: 0.058 ms
2020-09-03 18:50:24.182 CEST [52870] LOG:  statement: BEGIN
2020-09-03 18:50:24.182 CEST [52870] LOG:  duration: 0.056 ms
2020-09-03 18:50:24.182 CEST [52870] LOG:  statement: SELECT city_object.id AS city_object_id, city_object.object AS city_object_object, city_object.attributes AS city_object_attributes, ST_AsEWKB(city_object.convexhull) AS city_object_convexhull, city_object.metadata_id AS city_object_metadata_id 
	FROM city_object 
	WHERE city_object.id = '{A3DF9B7C-9349-4703-88F4-C971EDB9D0A6}'
2020-09-03 18:50:24.182 CEST [52870] LOG:  duration: 0.260 ms
2020-09-03 18:50:24.184 CEST [52870] LOG:  statement: ROLLBACK
2020-09-03 18:50:24.184 CEST [52870] LOG:  duration: 0.071 ms
2020-09-03 18:50:24.193 CEST [52870] LOG:  statement: BEGIN
2020-09-03 18:50:24.193 CEST [52870] LOG:  duration: 0.063 ms
2020-09-03 18:50:24.193 CEST [52870] LOG:  statement: SELECT city_object.id AS city_object_id, city_object.object AS city_object_object, city_object.attributes AS city_object_attributes, ST_AsEWKB(city_object.convexhull) AS city_object_convexhull, city_object.metadata_id AS city_object_metadata_id 
	FROM city_object 
	WHERE city_object.id = '{A3DF9B7C-9349-4703-88F4-C971EDB9D0A6}'
2020-09-03 18:50:24.193 CEST [52870] LOG:  duration: 0.254 ms
2020-09-03 18:50:24.194 CEST [52870] LOG:  statement: ROLLBACK
2020-09-03 18:50:24.194 CEST [52870] LOG:  duration: 0.058 ms
2020-09-03 18:50:24.200 CEST [52870] LOG:  statement: BEGIN
2020-09-03 18:50:24.200 CEST [52870] LOG:  duration: 0.044 ms
2020-09-03 18:50:24.200 CEST [52870] LOG:  statement: SELECT city_object.id AS city_object_id, city_object.object AS city_object_object, city_object.attributes AS city_object_attributes, ST_AsEWKB(city_object.convexhull) AS city_object_convexhull, city_object.metadata_id AS city_object_metadata_id 
	FROM city_object 
	WHERE city_object.id = '{A3DF9B7C-9349-4703-88F4-C971EDB9D0A6}'
2020-09-03 18:50:24.201 CEST [52870] LOG:  duration: 0.248 ms
2020-09-03 18:50:24.202 CEST [52870] LOG:  statement: ROLLBACK
2020-09-03 18:50:24.202 CEST [52870] LOG:  duration: 0.076 ms
2020-09-03 18:50:24.215 CEST [52870] LOG:  statement: BEGIN
2020-09-03 18:50:24.215 CEST [52870] LOG:  duration: 0.051 ms
2020-09-03 18:50:24.215 CEST [52870] LOG:  statement: SELECT city_object.id AS city_object_id, city_object.object AS city_object_object, city_object.attributes AS city_object_attributes, ST_AsEWKB(city_object.convexhull) AS city_object_convexhull, city_object.metadata_id AS city_object_metadata_id 
	FROM city_object 
	WHERE city_object.id = '{A3DF9B7C-9349-4703-88F4-C971EDB9D0A6}'
2020-09-03 18:50:24.215 CEST [52870] LOG:  duration: 0.269 ms
2020-09-03 18:50:24.217 CEST [52870] LOG:  statement: ROLLBACK
2020-09-03 18:50:24.217 CEST [52870] LOG:  duration: 0.052 ms
2020-09-03 18:50:24.297 CEST [52870] LOG:  statement: BEGIN
2020-09-03 18:50:24.297 CEST [52870] LOG:  duration: 0.066 ms
2020-09-03 18:50:24.297 CEST [52870] LOG:  statement: SELECT city_object.id AS city_object_id, city_object.object AS city_object_object, city_object.attributes AS city_object_attributes, ST_AsEWKB(city_object.convexhull) AS city_object_convexhull, city_object.metadata_id AS city_object_metadata_id 
	FROM city_object 
	WHERE city_object.id = '{A3DF9B7C-9349-4703-88F4-C971EDB9D0A6}'
2020-09-03 18:50:24.298 CEST [52870] LOG:  duration: 0.244 ms
2020-09-03 18:50:24.299 CEST [52870] LOG:  statement: ROLLBACK
2020-09-03 18:50:24.299 CEST [52870] LOG:  duration: 0.079 ms
2020-09-03 18:50:24.314 CEST [52870] LOG:  statement: BEGIN
2020-09-03 18:50:24.314 CEST [52870] LOG:  duration: 0.121 ms
2020-09-03 18:50:24.315 CEST [52870] LOG:  statement: SELECT city_object.id AS city_object_id, city_object.object AS city_object_object, city_object.attributes AS city_object_attributes, ST_AsEWKB(city_object.convexhull) AS city_object_convexhull, city_object.metadata_id AS city_object_metadata_id 
	FROM city_object 
	WHERE city_object.id = '{A3DF9B7C-9349-4703-88F4-C971EDB9D0A6}'
2020-09-03 18:50:24.315 CEST [52870] LOG:  duration: 0.594 ms
2020-09-03 18:50:24.318 CEST [52870] LOG:  statement: ROLLBACK
2020-09-03 18:50:24.319 CEST [52870] LOG:  duration: 0.668 ms
2020-09-03 18:50:24.334 CEST [52870] LOG:  statement: BEGIN
2020-09-03 18:50:24.334 CEST [52870] LOG:  duration: 0.059 ms
2020-09-03 18:50:24.335 CEST [52870] LOG:  statement: SELECT city_object.id AS city_object_id, city_object.object AS city_object_object, city_object.attributes AS city_object_attributes, ST_AsEWKB(city_object.convexhull) AS city_object_convexhull, city_object.metadata_id AS city_object_metadata_id 
	FROM city_object 
	WHERE city_object.id = '{A3DF9B7C-9349-4703-88F4-C971EDB9D0A6}'
2020-09-03 18:50:24.335 CEST [52870] LOG:  duration: 0.261 ms
2020-09-03 18:50:24.337 CEST [52870] LOG:  statement: ROLLBACK
2020-09-03 18:50:24.337 CEST [52870] LOG:  duration: 0.060 ms
2020-09-03 18:50:24.347 CEST [52870] LOG:  statement: BEGIN
2020-09-03 18:50:24.347 CEST [52870] LOG:  duration: 0.053 ms
2020-09-03 18:50:24.347 CEST [52870] LOG:  statement: SELECT city_object.id AS city_object_id, city_object.object AS city_object_object, city_object.attributes AS city_object_attributes, ST_AsEWKB(city_object.convexhull) AS city_object_convexhull, city_object.metadata_id AS city_object_metadata_id 
	FROM city_object 
	WHERE city_object.id = '{A3DF9B7C-9349-4703-88F4-C971EDB9D0A6}'
2020-09-03 18:50:24.347 CEST [52870] LOG:  duration: 0.243 ms
2020-09-03 18:50:24.349 CEST [52870] LOG:  statement: ROLLBACK
2020-09-03 18:50:24.349 CEST [52870] LOG:  duration: 0.078 ms
2020-09-03 18:50:24.357 CEST [52870] LOG:  statement: BEGIN
2020-09-03 18:50:24.358 CEST [52870] LOG:  duration: 0.510 ms
2020-09-03 18:50:24.358 CEST [52870] LOG:  statement: SELECT city_object.id AS city_object_id, city_object.object AS city_object_object, city_object.attributes AS city_object_attributes, ST_AsEWKB(city_object.convexhull) AS city_object_convexhull, city_object.metadata_id AS city_object_metadata_id 
	FROM city_object 
	WHERE city_object.id = '{A3DF9B7C-9349-4703-88F4-C971EDB9D0A6}'
2020-09-03 18:50:24.359 CEST [52870] LOG:  duration: 0.861 ms
2020-09-03 18:50:24.362 CEST [52870] LOG:  statement: ROLLBACK
2020-09-03 18:50:24.362 CEST [52870] LOG:  duration: 0.067 ms
2020-09-03 18:50:24.370 CEST [52870] LOG:  statement: BEGIN
2020-09-03 18:50:24.370 CEST [52870] LOG:  duration: 0.050 ms
2020-09-03 18:50:24.370 CEST [52870] LOG:  statement: SELECT city_object.id AS city_object_id, city_object.object AS city_object_object, city_object.attributes AS city_object_attributes, ST_AsEWKB(city_object.convexhull) AS city_object_convexhull, city_object.metadata_id AS city_object_metadata_id 
	FROM city_object 
	WHERE city_object.id = '{A3DF9B7C-9349-4703-88F4-C971EDB9D0A6}'
2020-09-03 18:50:24.371 CEST [52870] LOG:  duration: 0.242 ms
2020-09-03 18:50:24.372 CEST [52870] LOG:  statement: ROLLBACK
2020-09-03 18:50:24.372 CEST [52870] LOG:  duration: 0.057 ms
2020-09-03 18:50:24.380 CEST [52870] LOG:  statement: BEGIN
2020-09-03 18:50:24.380 CEST [52870] LOG:  duration: 0.077 ms
2020-09-03 18:50:24.381 CEST [52870] LOG:  statement: SELECT city_object.id AS city_object_id, city_object.object AS city_object_object, city_object.attributes AS city_object_attributes, ST_AsEWKB(city_object.convexhull) AS city_object_convexhull, city_object.metadata_id AS city_object_metadata_id 
	FROM city_object 
	WHERE city_object.id = '{A3DF9B7C-9349-4703-88F4-C971EDB9D0A6}'
2020-09-03 18:50:24.382 CEST [52870] LOG:  duration: 1.092 ms
2020-09-03 18:50:24.387 CEST [52870] LOG:  statement: ROLLBACK
2020-09-03 18:50:24.387 CEST [52870] LOG:  duration: 0.065 ms
2020-09-03 18:50:24.399 CEST [52870] LOG:  statement: BEGIN
2020-09-03 18:50:24.399 CEST [52870] LOG:  duration: 0.052 ms
2020-09-03 18:50:24.399 CEST [52870] LOG:  statement: SELECT city_object.id AS city_object_id, city_object.object AS city_object_object, city_object.attributes AS city_object_attributes, ST_AsEWKB(city_object.convexhull) AS city_object_convexhull, city_object.metadata_id AS city_object_metadata_id 
	FROM city_object 
	WHERE city_object.id = '{A3DF9B7C-9349-4703-88F4-C971EDB9D0A6}'
2020-09-03 18:50:24.399 CEST [52870] LOG:  duration: 0.308 ms
2020-09-03 18:50:24.401 CEST [52870] LOG:  statement: ROLLBACK
2020-09-03 18:50:24.401 CEST [52870] LOG:  duration: 0.072 ms
2020-09-03 18:50:24.411 CEST [52870] LOG:  statement: BEGIN
2020-09-03 18:50:24.411 CEST [52870] LOG:  duration: 0.058 ms
2020-09-03 18:50:24.411 CEST [52870] LOG:  statement: SELECT city_object.id AS city_object_id, city_object.object AS city_object_object, city_object.attributes AS city_object_attributes, ST_AsEWKB(city_object.convexhull) AS city_object_convexhull, city_object.metadata_id AS city_object_metadata_id 
	FROM city_object 
	WHERE city_object.id = '{A3DF9B7C-9349-4703-88F4-C971EDB9D0A6}'
2020-09-03 18:50:24.411 CEST [52870] LOG:  duration: 0.315 ms
2020-09-03 18:50:24.413 CEST [52870] LOG:  statement: ROLLBACK
2020-09-03 18:50:24.413 CEST [52870] LOG:  duration: 0.062 ms
2020-09-03 18:50:24.419 CEST [52870] LOG:  statement: BEGIN
2020-09-03 18:50:24.419 CEST [52870] LOG:  duration: 0.050 ms
2020-09-03 18:50:24.420 CEST [52870] LOG:  statement: SELECT city_object.id AS city_object_id, city_object.object AS city_object_object, city_object.attributes AS city_object_attributes, ST_AsEWKB(city_object.convexhull) AS city_object_convexhull, city_object.metadata_id AS city_object_metadata_id 
	FROM city_object 
	WHERE city_object.id = '{A3DF9B7C-9349-4703-88F4-C971EDB9D0A6}'
2020-09-03 18:50:24.420 CEST [52870] LOG:  duration: 0.277 ms
2020-09-03 18:50:24.422 CEST [52870] LOG:  statement: ROLLBACK
2020-09-03 18:50:24.422 CEST [52870] LOG:  duration: 0.053 ms
2020-09-03 18:50:24.427 CEST [52870] LOG:  statement: BEGIN
2020-09-03 18:50:24.427 CEST [52870] LOG:  duration: 0.088 ms
2020-09-03 18:50:24.428 CEST [52870] LOG:  statement: SELECT city_object.id AS city_object_id, city_object.object AS city_object_object, city_object.attributes AS city_object_attributes, ST_AsEWKB(city_object.convexhull) AS city_object_convexhull, city_object.metadata_id AS city_object_metadata_id 
	FROM city_object 
	WHERE city_object.id = '{A3DF9B7C-9349-4703-88F4-C971EDB9D0A6}'
2020-09-03 18:50:24.428 CEST [52870] LOG:  duration: 0.246 ms
2020-09-03 18:50:24.429 CEST [52870] LOG:  statement: ROLLBACK
2020-09-03 18:50:24.429 CEST [52870] LOG:  duration: 0.067 ms
2020-09-03 18:50:24.442 CEST [52870] LOG:  statement: BEGIN
2020-09-03 18:50:24.442 CEST [52870] LOG:  duration: 0.124 ms
2020-09-03 18:50:24.442 CEST [52870] LOG:  statement: SELECT city_object.id AS city_object_id, city_object.object AS city_object_object, city_object.attributes AS city_object_attributes, ST_AsEWKB(city_object.convexhull) AS city_object_convexhull, city_object.metadata_id AS city_object_metadata_id 
	FROM city_object 
	WHERE city_object.id = '{A3DF9B7C-9349-4703-88F4-C971EDB9D0A6}'
2020-09-03 18:50:24.442 CEST [52870] LOG:  duration: 0.368 ms
2020-09-03 18:50:24.444 CEST [52870] LOG:  statement: ROLLBACK
2020-09-03 18:50:24.444 CEST [52870] LOG:  duration: 0.118 ms
2020-09-03 18:50:24.453 CEST [52870] LOG:  statement: BEGIN
2020-09-03 18:50:24.453 CEST [52870] LOG:  duration: 0.056 ms
2020-09-03 18:50:24.453 CEST [52870] LOG:  statement: SELECT city_object.id AS city_object_id, city_object.object AS city_object_object, city_object.attributes AS city_object_attributes, ST_AsEWKB(city_object.convexhull) AS city_object_convexhull, city_object.metadata_id AS city_object_metadata_id 
	FROM city_object 
	WHERE city_object.id = '{A3DF9B7C-9349-4703-88F4-C971EDB9D0A6}'
2020-09-03 18:50:24.454 CEST [52870] LOG:  duration: 0.308 ms
2020-09-03 18:50:24.456 CEST [52870] LOG:  statement: ROLLBACK
2020-09-03 18:50:24.456 CEST [52870] LOG:  duration: 0.069 ms
2020-09-03 18:50:24.465 CEST [52870] LOG:  statement: BEGIN
2020-09-03 18:50:24.465 CEST [52870] LOG:  duration: 0.051 ms
2020-09-03 18:50:24.466 CEST [52870] LOG:  statement: SELECT city_object.id AS city_object_id, city_object.object AS city_object_object, city_object.attributes AS city_object_attributes, ST_AsEWKB(city_object.convexhull) AS city_object_convexhull, city_object.metadata_id AS city_object_metadata_id 
	FROM city_object 
	WHERE city_object.id = '{A3DF9B7C-9349-4703-88F4-C971EDB9D0A6}'
2020-09-03 18:50:24.466 CEST [52870] LOG:  duration: 0.233 ms
2020-09-03 18:50:24.468 CEST [52870] LOG:  statement: ROLLBACK
2020-09-03 18:50:24.468 CEST [52870] LOG:  duration: 0.077 ms
2020-09-03 18:50:24.478 CEST [52870] LOG:  statement: BEGIN
2020-09-03 18:50:24.478 CEST [52870] LOG:  duration: 0.055 ms
2020-09-03 18:50:24.478 CEST [52870] LOG:  statement: SELECT city_object.id AS city_object_id, city_object.object AS city_object_object, city_object.attributes AS city_object_attributes, ST_AsEWKB(city_object.convexhull) AS city_object_convexhull, city_object.metadata_id AS city_object_metadata_id 
	FROM city_object 
	WHERE city_object.id = '{A3DF9B7C-9349-4703-88F4-C971EDB9D0A6}'
2020-09-03 18:50:24.479 CEST [52870] LOG:  duration: 0.258 ms
2020-09-03 18:50:24.483 CEST [52870] LOG:  statement: ROLLBACK
2020-09-03 18:50:24.483 CEST [52870] LOG:  duration: 0.229 ms
2020-09-03 18:50:24.491 CEST [52870] LOG:  statement: BEGIN
2020-09-03 18:50:24.491 CEST [52870] LOG:  duration: 0.117 ms
2020-09-03 18:50:24.492 CEST [52870] LOG:  statement: SELECT city_object.id AS city_object_id, city_object.object AS city_object_object, city_object.attributes AS city_object_attributes, ST_AsEWKB(city_object.convexhull) AS city_object_convexhull, city_object.metadata_id AS city_object_metadata_id 
	FROM city_object 
	WHERE city_object.id = '{A3DF9B7C-9349-4703-88F4-C971EDB9D0A6}'
2020-09-03 18:50:24.492 CEST [52870] LOG:  duration: 0.465 ms
2020-09-03 18:50:24.494 CEST [52870] LOG:  statement: ROLLBACK
2020-09-03 18:50:24.494 CEST [52870] LOG:  duration: 0.067 ms
2020-09-03 18:50:24.503 CEST [52870] LOG:  statement: BEGIN
2020-09-03 18:50:24.503 CEST [52870] LOG:  duration: 0.050 ms
2020-09-03 18:50:24.503 CEST [52870] LOG:  statement: SELECT city_object.id AS city_object_id, city_object.object AS city_object_object, city_object.attributes AS city_object_attributes, ST_AsEWKB(city_object.convexhull) AS city_object_convexhull, city_object.metadata_id AS city_object_metadata_id 
	FROM city_object 
	WHERE city_object.id = '{A3DF9B7C-9349-4703-88F4-C971EDB9D0A6}'
2020-09-03 18:50:24.504 CEST [52870] LOG:  duration: 0.556 ms
2020-09-03 18:50:24.507 CEST [52870] LOG:  statement: ROLLBACK
2020-09-03 18:50:24.507 CEST [52870] LOG:  duration: 0.070 ms
2020-09-03 18:50:24.516 CEST [52870] LOG:  statement: BEGIN
2020-09-03 18:50:24.516 CEST [52870] LOG:  duration: 0.092 ms
2020-09-03 18:50:24.516 CEST [52870] LOG:  statement: SELECT city_object.id AS city_object_id, city_object.object AS city_object_object, city_object.attributes AS city_object_attributes, ST_AsEWKB(city_object.convexhull) AS city_object_convexhull, city_object.metadata_id AS city_object_metadata_id 
	FROM city_object 
	WHERE city_object.id = '{A3DF9B7C-9349-4703-88F4-C971EDB9D0A6}'
2020-09-03 18:50:24.517 CEST [52870] LOG:  duration: 0.508 ms
2020-09-03 18:50:24.519 CEST [52870] LOG:  statement: ROLLBACK
2020-09-03 18:50:24.519 CEST [52870] LOG:  duration: 0.066 ms
2020-09-03 18:50:24.531 CEST [52870] LOG:  statement: BEGIN
2020-09-03 18:50:24.531 CEST [52870] LOG:  duration: 0.386 ms
2020-09-03 18:50:24.532 CEST [52870] LOG:  statement: SELECT city_object.id AS city_object_id, city_object.object AS city_object_object, city_object.attributes AS city_object_attributes, ST_AsEWKB(city_object.convexhull) AS city_object_convexhull, city_object.metadata_id AS city_object_metadata_id 
	FROM city_object 
	WHERE city_object.id = '{A3DF9B7C-9349-4703-88F4-C971EDB9D0A6}'
2020-09-03 18:50:24.532 CEST [52870] LOG:  duration: 0.288 ms
2020-09-03 18:50:24.534 CEST [52870] LOG:  statement: ROLLBACK
2020-09-03 18:50:24.534 CEST [52870] LOG:  duration: 0.134 ms
2020-09-03 18:50:24.543 CEST [52870] LOG:  statement: BEGIN
2020-09-03 18:50:24.543 CEST [52870] LOG:  duration: 0.061 ms
2020-09-03 18:50:24.543 CEST [52870] LOG:  statement: SELECT city_object.id AS city_object_id, city_object.object AS city_object_object, city_object.attributes AS city_object_attributes, ST_AsEWKB(city_object.convexhull) AS city_object_convexhull, city_object.metadata_id AS city_object_metadata_id 
	FROM city_object 
	WHERE city_object.id = '{A3DF9B7C-9349-4703-88F4-C971EDB9D0A6}'
2020-09-03 18:50:24.543 CEST [52870] LOG:  duration: 0.256 ms
2020-09-03 18:50:24.545 CEST [52870] LOG:  statement: ROLLBACK
2020-09-03 18:50:24.545 CEST [52870] LOG:  duration: 0.063 ms
2020-09-03 18:50:24.553 CEST [52870] LOG:  statement: BEGIN
2020-09-03 18:50:24.553 CEST [52870] LOG:  duration: 0.053 ms
2020-09-03 18:50:24.553 CEST [52870] LOG:  statement: SELECT city_object.id AS city_object_id, city_object.object AS city_object_object, city_object.attributes AS city_object_attributes, ST_AsEWKB(city_object.convexhull) AS city_object_convexhull, city_object.metadata_id AS city_object_metadata_id 
	FROM city_object 
	WHERE city_object.id = '{A3DF9B7C-9349-4703-88F4-C971EDB9D0A6}'
2020-09-03 18:50:24.553 CEST [52870] LOG:  duration: 0.407 ms
2020-09-03 18:50:24.557 CEST [52870] LOG:  statement: ROLLBACK
2020-09-03 18:50:24.557 CEST [52870] LOG:  duration: 0.072 ms
2020-09-03 18:50:24.565 CEST [52870] LOG:  statement: BEGIN
2020-09-03 18:50:24.566 CEST [52870] LOG:  duration: 0.054 ms
2020-09-03 18:50:24.566 CEST [52870] LOG:  statement: SELECT city_object.id AS city_object_id, city_object.object AS city_object_object, city_object.attributes AS city_object_attributes, ST_AsEWKB(city_object.convexhull) AS city_object_convexhull, city_object.metadata_id AS city_object_metadata_id 
	FROM city_object 
	WHERE city_object.id = '{A3DF9B7C-9349-4703-88F4-C971EDB9D0A6}'
2020-09-03 18:50:24.566 CEST [52870] LOG:  duration: 0.229 ms
2020-09-03 18:50:24.568 CEST [52870] LOG:  statement: ROLLBACK
2020-09-03 18:50:24.568 CEST [52870] LOG:  duration: 0.078 ms
2020-09-03 18:50:24.578 CEST [52870] LOG:  statement: BEGIN
2020-09-03 18:50:24.578 CEST [52870] LOG:  duration: 0.063 ms
2020-09-03 18:50:24.578 CEST [52870] LOG:  statement: SELECT city_object.id AS city_object_id, city_object.object AS city_object_object, city_object.attributes AS city_object_attributes, ST_AsEWKB(city_object.convexhull) AS city_object_convexhull, city_object.metadata_id AS city_object_metadata_id 
	FROM city_object 
	WHERE city_object.id = '{A3DF9B7C-9349-4703-88F4-C971EDB9D0A6}'
2020-09-03 18:50:24.578 CEST [52870] LOG:  duration: 0.361 ms
2020-09-03 18:50:24.581 CEST [52870] LOG:  statement: ROLLBACK
2020-09-03 18:50:24.581 CEST [52870] LOG:  duration: 0.081 ms
2020-09-03 18:50:24.590 CEST [52870] LOG:  statement: BEGIN
2020-09-03 18:50:24.590 CEST [52870] LOG:  duration: 0.056 ms
2020-09-03 18:50:24.590 CEST [52870] LOG:  statement: SELECT city_object.id AS city_object_id, city_object.object AS city_object_object, city_object.attributes AS city_object_attributes, ST_AsEWKB(city_object.convexhull) AS city_object_convexhull, city_object.metadata_id AS city_object_metadata_id 
	FROM city_object 
	WHERE city_object.id = '{A3DF9B7C-9349-4703-88F4-C971EDB9D0A6}'
2020-09-03 18:50:24.590 CEST [52870] LOG:  duration: 0.190 ms
2020-09-03 18:50:24.594 CEST [52870] LOG:  statement: ROLLBACK
2020-09-03 18:50:24.594 CEST [52870] LOG:  duration: 0.068 ms
2020-09-03 18:50:24.607 CEST [52870] LOG:  statement: BEGIN
2020-09-03 18:50:24.607 CEST [52870] LOG:  duration: 0.059 ms
2020-09-03 18:50:24.608 CEST [52870] LOG:  statement: SELECT city_object.id AS city_object_id, city_object.object AS city_object_object, city_object.attributes AS city_object_attributes, ST_AsEWKB(city_object.convexhull) AS city_object_convexhull, city_object.metadata_id AS city_object_metadata_id 
	FROM city_object 
	WHERE city_object.id = '{A3DF9B7C-9349-4703-88F4-C971EDB9D0A6}'
2020-09-03 18:50:24.608 CEST [52870] LOG:  duration: 0.274 ms
2020-09-03 18:50:24.611 CEST [52870] LOG:  statement: ROLLBACK
2020-09-03 18:50:24.611 CEST [52870] LOG:  duration: 0.062 ms
2020-09-03 18:50:24.621 CEST [52870] LOG:  statement: BEGIN
2020-09-03 18:50:24.621 CEST [52870] LOG:  duration: 0.124 ms
2020-09-03 18:50:24.621 CEST [52870] LOG:  statement: SELECT city_object.id AS city_object_id, city_object.object AS city_object_object, city_object.attributes AS city_object_attributes, ST_AsEWKB(city_object.convexhull) AS city_object_convexhull, city_object.metadata_id AS city_object_metadata_id 
	FROM city_object 
	WHERE city_object.id = '{A3DF9B7C-9349-4703-88F4-C971EDB9D0A6}'
2020-09-03 18:50:24.622 CEST [52870] LOG:  duration: 0.322 ms
2020-09-03 18:50:24.623 CEST [52870] LOG:  statement: ROLLBACK
2020-09-03 18:50:24.623 CEST [52870] LOG:  duration: 0.109 ms
2020-09-03 18:50:48.248 CEST [52839] LOG:  received fast shutdown request
2020-09-03 18:50:48.248 CEST [52839] LOG:  aborting any active transactions
2020-09-03 18:50:48.248 CEST [52870] FATAL:  terminating connection due to administrator command
2020-09-03 18:50:48.252 CEST [52839] LOG:  background worker "logical replication launcher" (PID 52847) exited with exit code 1
2020-09-03 18:50:48.252 CEST [52842] LOG:  shutting down
2020-09-03 18:50:48.263 CEST [52839] LOG:  database system is shut down
